<?xml version="1.0" encoding="UTF-8"?>
<coverage generated="1784492614644" clover="3.2.0">
  <project timestamp="1784492614644" name="All files">
    <metrics statements="536" coveredstatements="228" conditionals="319" coveredconditionals="117" methods="73" coveredmethods="30" elements="928" coveredelements="375" complexity="0" loc="536" ncloc="536" packages="1" files="1" classes="1"/>
    <file name="app.js" path="/Users/barun.tayenjam/Documents/Code/wordpress-matrix/frontend/app.js">
      <metrics statements="536" coveredstatements="228" conditionals="319" coveredconditionals="117" methods="73" coveredmethods="30"/>
      <line num="1" count="1" type="stmt"/>
      <line num="2" count="1" type="stmt"/>
      <line num="3" count="1" type="stmt"/>
      <line num="4" count="1" type="stmt"/>
      <line num="5" count="1" type="stmt"/>
      <line num="6" count="1" type="stmt"/>
      <line num="7" count="1" type="stmt"/>
      <line num="8" count="1" type="stmt"/>
      <line num="10" count="1" type="stmt"/>
      <line num="11" count="1" type="stmt"/>
      <line num="12" count="1" type="stmt"/>
      <line num="14" count="1" type="stmt"/>
      <line num="17" count="1" type="stmt"/>
      <line num="19" count="1" type="stmt"/>
      <line num="20" count="1" type="cond" truecount="1" falsecount="1"/>
      <line num="21" count="1" type="stmt"/>
      <line num="22" count="1" type="stmt"/>
      <line num="25" count="1" type="stmt"/>
      <line num="26" count="1" type="stmt"/>
      <line num="27" count="1" type="stmt"/>
      <line num="28" count="1" type="stmt"/>
      <line num="29" count="1" type="cond" truecount="1" falsecount="1"/>
      <line num="30" count="1" type="stmt"/>
      <line num="36" count="0" type="stmt"/>
      <line num="39" count="1" type="stmt"/>
      <line num="41" count="1" type="stmt"/>
      <line num="44" count="1" type="stmt"/>
      <line num="46" count="1" type="stmt"/>
      <line num="49" count="1" type="stmt"/>
      <line num="52" count="1" type="stmt"/>
      <line num="55" count="1" type="cond" truecount="2" falsecount="1"/>
      <line num="56" count="1" type="stmt"/>
      <line num="57" count="1" type="stmt"/>
      <line num="58" count="1" type="stmt"/>
      <line num="59" count="1" type="stmt"/>
      <line num="60" count="1" type="stmt"/>
      <line num="61" count="1" type="stmt"/>
      <line num="62" count="1" type="stmt"/>
      <line num="71" count="1" type="stmt"/>
      <line num="72" count="1" type="stmt"/>
      <line num="74" count="1" type="stmt"/>
      <line num="75" count="0" type="cond" truecount="0" falsecount="2"/>
      <line num="76" count="0" type="stmt"/>
      <line num="77" count="0" type="stmt"/>
      <line num="80" count="0" type="stmt"/>
      <line num="81" count="0" type="stmt"/>
      <line num="82" count="0" type="stmt"/>
      <line num="84" count="0" type="stmt"/>
      <line num="87" count="1" type="cond" truecount="1" falsecount="1"/>
      <line num="88" count="0" type="stmt"/>
      <line num="92" count="1" type="stmt"/>
      <line num="93" count="1" type="cond" truecount="1" falsecount="1"/>
      <line num="94" count="0" type="stmt"/>
      <line num="95" count="0" type="stmt"/>
      <line num="96" count="0" type="cond" truecount="0" falsecount="2"/>
      <line num="97" count="0" type="stmt"/>
      <line num="100" count="1" type="cond" truecount="0" falsecount="1"/>
      <line num="101" count="1" type="cond" truecount="1" falsecount="1"/>
      <line num="102" count="0" type="stmt"/>
      <line num="103" count="0" type="stmt"/>
      <line num="107" count="1" type="stmt"/>
      <line num="108" count="1" type="cond" truecount="1" falsecount="1"/>
      <line num="109" count="0" type="stmt"/>
      <line num="110" count="0" type="stmt"/>
      <line num="114" count="1" type="stmt"/>
      <line num="115" count="2" type="cond" truecount="3" falsecount="1"/>
      <line num="116" count="2" type="stmt"/>
      <line num="119" count="1" type="stmt"/>
      <line num="120" count="19" type="cond" truecount="4" falsecount="0"/>
      <line num="121" count="4" type="stmt"/>
      <line num="123" count="15" type="cond" truecount="2" falsecount="0"/>
      <line num="124" count="4" type="stmt"/>
      <line num="126" count="11" type="cond" truecount="2" falsecount="0"/>
      <line num="127" count="1" type="stmt"/>
      <line num="129" count="10" type="stmt"/>
      <line num="132" count="1" type="stmt"/>
      <line num="133" count="4" type="cond" truecount="1" falsecount="1"/>
      <line num="134" count="4" type="cond" truecount="2" falsecount="0"/>
      <line num="135" count="2" type="stmt"/>
      <line num="137" count="2" type="stmt"/>
      <line num="140" count="1" type="stmt"/>
      <line num="141" count="3" type="cond" truecount="3" falsecount="1"/>
      <line num="142" count="0" type="stmt"/>
      <line num="144" count="3" type="cond" truecount="5" falsecount="0"/>
      <line num="145" count="2" type="stmt"/>
      <line num="147" count="1" type="stmt"/>
      <line num="150" count="1" type="stmt"/>
      <line num="151" count="1" type="cond" truecount="1" falsecount="1"/>
      <line num="152" count="0" type="stmt"/>
      <line num="154" count="1" type="stmt"/>
      <line num="155" count="1" type="cond" truecount="3" falsecount="1"/>
      <line num="156" count="0" type="stmt"/>
      <line num="159" count="1" type="stmt"/>
      <line num="162" count="1" type="stmt"/>
      <line num="163" count="12" type="cond" truecount="2" falsecount="1"/>
      <line num="164" count="12" type="stmt"/>
      <line num="167" count="1" type="stmt"/>
      <line num="168" count="1" type="cond" truecount="1" falsecount="1"/>
      <line num="169" count="1" type="cond" truecount="2" falsecount="2"/>
      <line num="170" count="1" type="cond" truecount="3" falsecount="1"/>
      <line num="171" count="0" type="cond" truecount="0" falsecount="4"/>
      <line num="172" count="0" type="stmt"/>
      <line num="173" count="0" type="cond" truecount="0" falsecount="2"/>
      <line num="175" count="0" type="stmt"/>
      <line num="178" count="1" type="stmt"/>
      <line num="180" count="1" type="stmt"/>
      <line num="181" count="14" type="stmt"/>
      <line num="182" count="14" type="cond" truecount="2" falsecount="0"/>
      <line num="183" count="6" type="stmt"/>
      <line num="184" count="6" type="stmt"/>
      <line num="186" count="8" type="stmt"/>
      <line num="190" count="1" type="stmt"/>
      <line num="191" count="1" type="stmt"/>
      <line num="193" count="1" type="stmt"/>
      <line num="194" count="0" type="stmt"/>
      <line num="196" count="0" type="stmt"/>
      <line num="197" count="0" type="stmt"/>
      <line num="201" count="1" type="stmt"/>
      <line num="204" count="1" type="stmt"/>
      <line num="205" count="1" type="stmt"/>
      <line num="207" count="1" type="stmt"/>
      <line num="208" count="0" type="stmt"/>
      <line num="209" count="0" type="stmt"/>
      <line num="210" count="0" type="cond" truecount="0" falsecount="4"/>
      <line num="211" count="0" type="stmt"/>
      <line num="213" count="0" type="cond" truecount="0" falsecount="4"/>
      <line num="214" count="0" type="stmt"/>
      <line num="215" count="0" type="cond" truecount="0" falsecount="2"/>
      <line num="216" count="0" type="stmt"/>
      <line num="217" count="0" type="stmt"/>
      <line num="221" count="0" type="stmt"/>
      <line num="224" count="0" type="stmt"/>
      <line num="228" count="1" type="stmt"/>
      <line num="229" count="0" type="stmt"/>
      <line num="230" count="0" type="stmt"/>
      <line num="231" count="0" type="stmt"/>
      <line num="232" count="0" type="stmt"/>
      <line num="234" count="0" type="stmt"/>
      <line num="241" count="1" type="stmt"/>
      <line num="242" count="17" type="cond" truecount="1" falsecount="1"/>
      <line num="244" count="0" type="stmt"/>
      <line num="245" count="0" type="cond" truecount="0" falsecount="5"/>
      <line num="247" count="0" type="cond" truecount="0" falsecount="2"/>
      <line num="250" count="0" type="stmt"/>
      <line num="252" count="0" type="cond" truecount="0" falsecount="2"/>
      <line num="254" count="0" type="cond" truecount="0" falsecount="4"/>
      <line num="255" count="0" type="stmt"/>
      <line num="258" count="1" type="stmt"/>
      <line num="260" count="17" type="cond" truecount="1" falsecount="1"/>
      <line num="261" count="17" type="stmt"/>
      <line num="263" count="0" type="stmt"/>
      <line num="266" count="1" type="stmt"/>
      <line num="267" count="1" type="stmt"/>
      <line num="270" count="1" type="stmt"/>
      <line num="274" count="0" type="stmt"/>
      <line num="275" count="0" type="stmt"/>
      <line num="278" count="1" type="stmt"/>
      <line num="279" count="1" type="stmt"/>
      <line num="282" count="1" type="cond" truecount="1" falsecount="1"/>
      <line num="283" count="6" type="stmt"/>
      <line num="284" count="6" type="stmt"/>
      <line num="285" count="6" type="cond" truecount="2" falsecount="0"/>
      <line num="286" count="6" type="stmt"/>
      <line num="288" count="6" type="cond" truecount="4" falsecount="0"/>
      <line num="289" count="1" type="stmt"/>
      <line num="292" count="6" type="stmt"/>
      <line num="294" count="6" type="stmt"/>
      <line num="300" count="6" type="stmt"/>
      <line num="301" count="6" type="stmt"/>
      <line num="303" count="6" type="stmt"/>
      <line num="304" count="5" type="stmt"/>
      <line num="307" count="6" type="stmt"/>
      <line num="308" count="1" type="stmt"/>
      <line num="311" count="6" type="stmt"/>
      <line num="312" count="6" type="stmt"/>
      <line num="314" count="6" type="cond" truecount="4" falsecount="0"/>
      <line num="315" count="1" type="stmt"/>
      <line num="316" count="1" type="stmt"/>
      <line num="318" count="0" type="stmt"/>
      <line num="319" count="0" type="stmt"/>
      <line num="323" count="6" type="cond" truecount="2" falsecount="0"/>
      <line num="324" count="5" type="stmt"/>
      <line num="326" count="1" type="stmt"/>
      <line num="330" count="6" type="stmt"/>
      <line num="331" count="0" type="stmt"/>
      <line num="332" count="0" type="stmt"/>
      <line num="335" count="6" type="stmt"/>
      <line num="336" count="0" type="stmt"/>
      <line num="337" count="0" type="stmt"/>
      <line num="338" count="0" type="stmt"/>
      <line num="344" count="1" type="stmt"/>
      <line num="345" count="0" type="stmt"/>
      <line num="346" count="0" type="stmt"/>
      <line num="347" count="0" type="stmt"/>
      <line num="348" count="0" type="stmt"/>
      <line num="350" count="0" type="cond" truecount="0" falsecount="4"/>
      <line num="351" count="0" type="cond" truecount="0" falsecount="2"/>
      <line num="355" count="0" type="cond" truecount="0" falsecount="2"/>
      <line num="361" count="0" type="cond" truecount="0" falsecount="2"/>
      <line num="362" count="0" type="stmt"/>
      <line num="370" count="0" type="stmt"/>
      <line num="377" count="1" type="stmt"/>
      <line num="378" count="1" type="stmt"/>
      <line num="381" count="1" type="stmt"/>
      <line num="382" count="1" type="cond" truecount="1" falsecount="1"/>
      <line num="383" count="0" type="stmt"/>
      <line num="386" count="1" type="stmt"/>
      <line num="387" count="1" type="stmt"/>
      <line num="389" count="1" type="stmt"/>
      <line num="390" count="1" type="cond" truecount="3" falsecount="1"/>
      <line num="391" count="1" type="stmt"/>
      <line num="392" count="0" type="cond" truecount="0" falsecount="2"/>
      <line num="393" count="0" type="stmt"/>
      <line num="396" count="1" type="stmt"/>
      <line num="398" count="1" type="cond" truecount="1" falsecount="1"/>
      <line num="402" count="1" type="cond" truecount="1" falsecount="1"/>
      <line num="409" count="1" type="stmt"/>
      <line num="411" count="1" type="stmt"/>
      <line num="413" count="0" type="stmt"/>
      <line num="420" count="1" type="stmt"/>
      <line num="421" count="0" type="stmt"/>
      <line num="423" count="0" type="cond" truecount="0" falsecount="2"/>
      <line num="424" count="0" type="stmt"/>
      <line num="427" count="0" type="stmt"/>
      <line num="428" count="0" type="stmt"/>
      <line num="430" count="0" type="cond" truecount="0" falsecount="2"/>
      <line num="431" count="0" type="stmt"/>
      <line num="432" count="0" type="stmt"/>
      <line num="434" count="0" type="stmt"/>
      <line num="437" count="0" type="stmt"/>
      <line num="442" count="1" type="stmt"/>
      <line num="443" count="0" type="stmt"/>
      <line num="445" count="0" type="cond" truecount="0" falsecount="2"/>
      <line num="446" count="0" type="stmt"/>
      <line num="449" count="0" type="stmt"/>
      <line num="450" count="0" type="stmt"/>
      <line num="451" count="0" type="cond" truecount="0" falsecount="2"/>
      <line num="452" count="0" type="stmt"/>
      <line num="455" count="0" type="stmt"/>
      <line num="457" count="0" type="cond" truecount="0" falsecount="2"/>
      <line num="458" count="0" type="cond" truecount="0" falsecount="2"/>
      <line num="461" count="0" type="cond" truecount="0" falsecount="2"/>
      <line num="462" count="0" type="stmt"/>
      <line num="463" count="0" type="stmt"/>
      <line num="465" count="0" type="stmt"/>
      <line num="468" count="0" type="stmt"/>
      <line num="473" count="1" type="stmt"/>
      <line num="474" count="0" type="stmt"/>
      <line num="476" count="0" type="cond" truecount="0" falsecount="2"/>
      <line num="477" count="0" type="stmt"/>
      <line num="480" count="0" type="stmt"/>
      <line num="481" count="0" type="stmt"/>
      <line num="482" count="0" type="cond" truecount="0" falsecount="2"/>
      <line num="483" count="0" type="stmt"/>
      <line num="485" count="0" type="stmt"/>
      <line num="488" count="0" type="stmt"/>
      <line num="493" count="1" type="stmt"/>
      <line num="494" count="0" type="stmt"/>
      <line num="496" count="0" type="cond" truecount="0" falsecount="2"/>
      <line num="497" count="0" type="stmt"/>
      <line num="499" count="0" type="stmt"/>
      <line num="500" count="0" type="cond" truecount="0" falsecount="2"/>
      <line num="501" count="0" type="stmt"/>
      <line num="504" count="0" type="stmt"/>
      <line num="505" count="0" type="stmt"/>
      <line num="506" count="0" type="cond" truecount="0" falsecount="2"/>
      <line num="507" count="0" type="stmt"/>
      <line num="508" count="0" type="stmt"/>
      <line num="510" count="0" type="stmt"/>
      <line num="513" count="0" type="stmt"/>
      <line num="518" count="1" type="stmt"/>
      <line num="519" count="0" type="stmt"/>
      <line num="521" count="0" type="cond" truecount="0" falsecount="2"/>
      <line num="522" count="0" type="stmt"/>
      <line num="524" count="0" type="cond" truecount="0" falsecount="2"/>
      <line num="525" count="0" type="stmt"/>
      <line num="526" count="0" type="cond" truecount="0" falsecount="2"/>
      <line num="527" count="0" type="stmt"/>
      <line num="531" count="0" type="stmt"/>
      <line num="532" count="0" type="stmt"/>
      <line num="533" count="0" type="cond" truecount="0" falsecount="2"/>
      <line num="534" count="0" type="stmt"/>
      <line num="535" count="0" type="cond" truecount="0" falsecount="2"/>
      <line num="536" count="0" type="stmt"/>
      <line num="538" count="0" type="stmt"/>
      <line num="541" count="0" type="stmt"/>
      <line num="546" count="1" type="stmt"/>
      <line num="547" count="0" type="stmt"/>
      <line num="549" count="0" type="cond" truecount="0" falsecount="2"/>
      <line num="550" count="0" type="stmt"/>
      <line num="552" count="0" type="stmt"/>
      <line num="553" count="0" type="cond" truecount="0" falsecount="2"/>
      <line num="554" count="0" type="stmt"/>
      <line num="557" count="0" type="stmt"/>
      <line num="558" count="0" type="stmt"/>
      <line num="559" count="0" type="cond" truecount="0" falsecount="2"/>
      <line num="560" count="0" type="stmt"/>
      <line num="561" count="0" type="stmt"/>
      <line num="563" count="0" type="stmt"/>
      <line num="566" count="0" type="stmt"/>
      <line num="571" count="1" type="stmt"/>
      <line num="572" count="1" type="stmt"/>
      <line num="574" count="1" type="cond" truecount="1" falsecount="1"/>
      <line num="575" count="0" type="stmt"/>
      <line num="577" count="1" type="stmt"/>
      <line num="578" count="1" type="cond" truecount="1" falsecount="1"/>
      <line num="579" count="1" type="stmt"/>
      <line num="582" count="0" type="stmt"/>
      <line num="583" count="0" type="stmt"/>
      <line num="584" count="0" type="cond" truecount="0" falsecount="2"/>
      <line num="585" count="0" type="stmt"/>
      <line num="586" count="0" type="cond" truecount="0" falsecount="2"/>
      <line num="587" count="0" type="stmt"/>
      <line num="588" count="0" type="stmt"/>
      <line num="590" count="0" type="stmt"/>
      <line num="593" count="0" type="stmt"/>
      <line num="598" count="1" type="stmt"/>
      <line num="599" count="0" type="stmt"/>
      <line num="601" count="0" type="cond" truecount="0" falsecount="2"/>
      <line num="602" count="0" type="stmt"/>
      <line num="604" count="0" type="stmt"/>
      <line num="605" count="0" type="cond" truecount="0" falsecount="2"/>
      <line num="606" count="0" type="stmt"/>
      <line num="609" count="0" type="stmt"/>
      <line num="610" count="0" type="stmt"/>
      <line num="611" count="0" type="cond" truecount="0" falsecount="2"/>
      <line num="612" count="0" type="stmt"/>
      <line num="613" count="0" type="stmt"/>
      <line num="615" count="0" type="stmt"/>
      <line num="618" count="0" type="stmt"/>
      <line num="623" count="1" type="stmt"/>
      <line num="624" count="0" type="stmt"/>
      <line num="626" count="0" type="cond" truecount="0" falsecount="2"/>
      <line num="627" count="0" type="stmt"/>
      <line num="630" count="0" type="stmt"/>
      <line num="631" count="0" type="stmt"/>
      <line num="632" count="0" type="cond" truecount="0" falsecount="2"/>
      <line num="633" count="0" type="stmt"/>
      <line num="634" count="0" type="stmt"/>
      <line num="636" count="0" type="stmt"/>
      <line num="639" count="0" type="stmt"/>
      <line num="644" count="1" type="stmt"/>
      <line num="645" count="0" type="stmt"/>
      <line num="647" count="0" type="cond" truecount="0" falsecount="2"/>
      <line num="648" count="0" type="stmt"/>
      <line num="651" count="0" type="stmt"/>
      <line num="652" count="0" type="stmt"/>
      <line num="653" count="0" type="cond" truecount="0" falsecount="2"/>
      <line num="654" count="0" type="stmt"/>
      <line num="656" count="0" type="stmt"/>
      <line num="659" count="0" type="stmt"/>
      <line num="663" count="1" type="stmt"/>
      <line num="664" count="3" type="stmt"/>
      <line num="665" count="3" type="cond" truecount="2" falsecount="0"/>
      <line num="666" count="1" type="stmt"/>
      <line num="667" count="1" type="stmt"/>
      <line num="668" count="1" type="cond" truecount="1" falsecount="1"/>
      <line num="669" count="1" type="stmt"/>
      <line num="671" count="0" type="stmt"/>
      <line num="674" count="0" type="stmt"/>
      <line num="678" count="1" type="stmt"/>
      <line num="679" count="1" type="stmt"/>
      <line num="680" count="1" type="cond" truecount="1" falsecount="1"/>
      <line num="681" count="0" type="stmt"/>
      <line num="682" count="0" type="stmt"/>
      <line num="683" count="0" type="cond" truecount="0" falsecount="2"/>
      <line num="684" count="0" type="stmt"/>
      <line num="686" count="0" type="stmt"/>
      <line num="689" count="0" type="stmt"/>
      <line num="693" count="1" type="stmt"/>
      <line num="694" count="1" type="stmt"/>
      <line num="695" count="1" type="cond" truecount="1" falsecount="1"/>
      <line num="696" count="0" type="stmt"/>
      <line num="697" count="0" type="stmt"/>
      <line num="698" count="0" type="cond" truecount="0" falsecount="2"/>
      <line num="699" count="0" type="stmt"/>
      <line num="701" count="0" type="stmt"/>
      <line num="704" count="0" type="stmt"/>
      <line num="708" count="1" type="stmt"/>
      <line num="709" count="5" type="stmt"/>
      <line num="710" count="5" type="cond" truecount="2" falsecount="0"/>
      <line num="711" count="4" type="cond" truecount="6" falsecount="0"/>
      <line num="712" count="3" type="stmt"/>
      <line num="714" count="1" type="stmt"/>
      <line num="715" count="1" type="stmt"/>
      <line num="716" count="1" type="cond" truecount="1" falsecount="1"/>
      <line num="717" count="1" type="stmt"/>
      <line num="719" count="0" type="stmt"/>
      <line num="722" count="0" type="stmt"/>
      <line num="727" count="1" type="stmt"/>
      <line num="728" count="4" type="stmt"/>
      <line num="729" count="4" type="stmt"/>
      <line num="731" count="4" type="cond" truecount="2" falsecount="0"/>
      <line num="732" count="1" type="stmt"/>
      <line num="735" count="3" type="cond" truecount="4" falsecount="0"/>
      <line num="736" count="1" type="stmt"/>
      <line num="739" count="2" type="cond" truecount="2" falsecount="0"/>
      <line num="740" count="1" type="cond" truecount="1" falsecount="1"/>
      <line num="741" count="1" type="cond" truecount="1" falsecount="1"/>
      <line num="742" count="0" type="stmt"/>
      <line num="746" count="2" type="stmt"/>
      <line num="747" count="2" type="cond" truecount="2" falsecount="0"/>
      <line num="753" count="2" type="stmt"/>
      <line num="754" count="2" type="cond" truecount="1" falsecount="1"/>
      <line num="755" count="2" type="stmt"/>
      <line num="763" count="2" type="stmt"/>
      <line num="765" count="2" type="cond" truecount="1" falsecount="1"/>
      <line num="766" count="2" type="stmt"/>
      <line num="774" count="2" type="cond" truecount="2" falsecount="0"/>
      <line num="775" count="1" type="cond" truecount="1" falsecount="1"/>
      <line num="776" count="1" type="stmt"/>
      <line num="778" count="1" type="stmt"/>
      <line num="784" count="1" type="stmt"/>
      <line num="787" count="0" type="stmt"/>
      <line num="791" count="1" type="stmt"/>
      <line num="792" count="1" type="stmt"/>
      <line num="793" count="1" type="cond" truecount="1" falsecount="1"/>
      <line num="795" count="1" type="cond" truecount="1" falsecount="1"/>
      <line num="796" count="0" type="stmt"/>
      <line num="798" count="1" type="stmt"/>
      <line num="799" count="1" type="cond" truecount="1" falsecount="1"/>
      <line num="800" count="0" type="stmt"/>
      <line num="803" count="1" type="stmt"/>
      <line num="804" count="1" type="cond" truecount="1" falsecount="1"/>
      <line num="807" count="0" type="stmt"/>
      <line num="814" count="0" type="stmt"/>
      <line num="815" count="0" type="stmt"/>
      <line num="816" count="0" type="stmt"/>
      <line num="817" count="0" type="stmt"/>
      <line num="818" count="0" type="stmt"/>
      <line num="823" count="0" type="stmt"/>
      <line num="827" count="1" type="stmt"/>
      <line num="828" count="1" type="cond" truecount="1" falsecount="1"/>
      <line num="829" count="1" type="cond" truecount="1" falsecount="1"/>
      <line num="830" count="0" type="stmt"/>
      <line num="832" count="1" type="stmt"/>
      <line num="838" count="0" type="stmt"/>
      <line num="842" count="0" type="stmt"/>
      <line num="847" count="1" type="stmt"/>
      <line num="848" count="0" type="stmt"/>
      <line num="850" count="0" type="cond" truecount="0" falsecount="2"/>
      <line num="851" count="0" type="stmt"/>
      <line num="854" count="0" type="stmt"/>
      <line num="855" count="0" type="cond" truecount="0" falsecount="2"/>
      <line num="858" count="0" type="stmt"/>
      <line num="865" count="0" type="stmt"/>
      <line num="866" count="0" type="stmt"/>
      <line num="867" count="0" type="stmt"/>
      <line num="868" count="0" type="stmt"/>
      <line num="869" count="0" type="stmt"/>
      <line num="874" count="0" type="stmt"/>
      <line num="878" count="0" type="stmt"/>
      <line num="879" count="0" type="cond" truecount="0" falsecount="2"/>
      <line num="880" count="0" type="stmt"/>
      <line num="886" count="0" type="stmt"/>
      <line num="890" count="0" type="stmt"/>
      <line num="895" count="1" type="stmt"/>
      <line num="896" count="0" type="stmt"/>
      <line num="897" count="0" type="stmt"/>
      <line num="898" count="0" type="stmt"/>
      <line num="900" count="0" type="cond" truecount="0" falsecount="2"/>
      <line num="901" count="0" type="stmt"/>
      <line num="904" count="0" type="stmt"/>
      <line num="905" count="0" type="stmt"/>
      <line num="907" count="0" type="stmt"/>
      <line num="908" count="0" type="stmt"/>
      <line num="911" count="0" type="stmt"/>
      <line num="913" count="0" type="stmt"/>
      <line num="917" count="1" type="stmt"/>
      <line num="918" count="0" type="stmt"/>
      <line num="919" count="0" type="stmt"/>
      <line num="920" count="0" type="cond" truecount="0" falsecount="2"/>
      <line num="921" count="0" type="stmt"/>
      <line num="926" count="0" type="stmt"/>
      <line num="929" count="0" type="stmt"/>
      <line num="933" count="1" type="stmt"/>
      <line num="934" count="0" type="stmt"/>
      <line num="935" count="0" type="stmt"/>
      <line num="936" count="0" type="cond" truecount="0" falsecount="2"/>
      <line num="937" count="0" type="stmt"/>
      <line num="942" count="0" type="stmt"/>
      <line num="945" count="0" type="stmt"/>
      <line num="950" count="1" type="stmt"/>
      <line num="951" count="0" type="stmt"/>
      <line num="955" count="1" type="stmt"/>
      <line num="956" count="0" type="stmt"/>
      <line num="958" count="0" type="cond" truecount="0" falsecount="2"/>
      <line num="959" count="0" type="stmt"/>
      <line num="962" count="0" type="stmt"/>
      <line num="963" count="0" type="stmt"/>
      <line num="964" count="0" type="stmt"/>
      <line num="965" count="0" type="cond" truecount="0" falsecount="4"/>
      <line num="966" count="0" type="cond" truecount="0" falsecount="2"/>
      <line num="969" count="0" type="stmt"/>
      <line num="970" count="0" type="cond" truecount="0" falsecount="4"/>
      <line num="971" count="0" type="stmt"/>
      <line num="974" count="0" type="cond" truecount="0" falsecount="2"/>
      <line num="975" count="0" type="stmt"/>
      <line num="976" count="0" type="stmt"/>
      <line num="977" count="0" type="stmt"/>
      <line num="979" count="0" type="stmt"/>
      <line num="980" count="0" type="stmt"/>
      <line num="981" count="0" type="stmt"/>
      <line num="983" count="0" type="stmt"/>
      <line num="992" count="0" type="stmt"/>
      <line num="1001" count="0" type="stmt"/>
      <line num="1006" count="1" type="stmt"/>
      <line num="1007" count="0" type="stmt"/>
      <line num="1008" count="0" type="cond" truecount="0" falsecount="2"/>
      <line num="1010" count="0" type="stmt"/>
      <line num="1011" count="0" type="cond" truecount="0" falsecount="2"/>
      <line num="1012" count="0" type="stmt"/>
      <line num="1015" count="0" type="stmt"/>
      <line num="1016" count="0" type="stmt"/>
      <line num="1017" count="0" type="stmt"/>
      <line num="1018" count="0" type="stmt"/>
      <line num="1019" count="0" type="cond" truecount="0" falsecount="2"/>
      <line num="1020" count="0" type="stmt"/>
      <line num="1027" count="0" type="stmt"/>
      <line num="1028" count="0" type="stmt"/>
      <line num="1030" count="0" type="stmt"/>
      <line num="1032" count="0" type="stmt"/>
      <line num="1037" count="1" type="stmt"/>
      <line num="1038" count="0" type="stmt"/>
      <line num="1045" count="1" type="cond" truecount="0" falsecount="1"/>
      <line num="1046" count="0" type="stmt"/>
      <line num="1047" count="0" type="cond" truecount="0" falsecount="2"/>
      <line num="1048" count="0" type="stmt"/>
      <line num="1049" count="0" type="stmt"/>
      <line num="1050" count="0" type="stmt"/>
      <line num="1051" count="0" type="cond" truecount="0" falsecount="2"/>
      <line num="1052" count="0" type="stmt"/>
      <line num="1053" count="0" type="stmt"/>
      <line num="1057" count="1" type="cond" truecount="1" falsecount="1"/>
      <line num="1058" count="0" type="stmt"/>
      <line num="1061" count="1" type="stmt"/>
    </file>
  </project>
</coverage>
