{"/Users/barun.tayenjam/Documents/Code/wordpress-matrix/frontend/app.js": {"path":"/Users/barun.tayenjam/Documents/Code/wordpress-matrix/frontend/app.js","statementMap":{"0":{"start":{"line":1,"column":16},"end":{"line":1,"column":34}},"1":{"start":{"line":2,"column":15},"end":{"line":2,"column":44}},"2":{"start":{"line":3,"column":13},"end":{"line":3,"column":28}},"3":{"start":{"line":4,"column":13},"end":{"line":4,"column":28}},"4":{"start":{"line":5,"column":13},"end":{"line":5,"column":28}},"5":{"start":{"line":6,"column":11},"end":{"line":6,"column":24}},"6":{"start":{"line":7,"column":19},"end":{"line":7,"column":39}},"7":{"start":{"line":8,"column":18},"end":{"line":8,"column":42}},"8":{"start":{"line":10,"column":12},"end":{"line":10,"column":16}},"9":{"start":{"line":11,"column":0},"end":{"line":15,"column":1}},"10":{"start":{"line":12,"column":2},"end":{"line":12,"column":27}},"11":{"start":{"line":14,"column":2},"end":{"line":14,"column":46}},"12":{"start":{"line":17,"column":0},"end":{"line":17,"column":27}},"13":{"start":{"line":19,"column":12},"end":{"line":19,"column":21}},"14":{"start":{"line":20,"column":13},"end":{"line":20,"column":37}},"15":{"start":{"line":21,"column":21},"end":{"line":21,"column":47}},"16":{"start":{"line":22,"column":20},"end":{"line":22,"column":53}},"17":{"start":{"line":25,"column":29},"end":{"line":42,"column":1}},"18":{"start":{"line":26,"column":23},"end":{"line":26,"column":47}},"19":{"start":{"line":27,"column":21},"end":{"line":27,"column":71}},"20":{"start":{"line":28,"column":2},"end":{"line":40,"column":3}},"21":{"start":{"line":29,"column":4},"end":{"line":37,"column":5}},"22":{"start":{"line":30,"column":21},"end":{"line":35,"column":8}},"23":{"start":{"line":36,"column":6},"end":{"line":36,"column":32}},"24":{"start":{"line":39,"column":4},"end":{"line":39,"column":76}},"25":{"start":{"line":41,"column":2},"end":{"line":41,"column":14}},"26":{"start":{"line":44,"column":26},"end":{"line":44,"column":48}},"27":{"start":{"line":46,"column":24},"end":{"line":48,"column":1}},"28":{"start":{"line":49,"column":28},"end":{"line":51,"column":1}},"29":{"start":{"line":52,"column":31},"end":{"line":54,"column":1}},"30":{"start":{"line":55,"column":28},"end":{"line":55,"column":95}},"31":{"start":{"line":56,"column":36},"end":{"line":56,"column":242}},"32":{"start":{"line":57,"column":29},"end":{"line":57,"column":70}},"33":{"start":{"line":58,"column":28},"end":{"line":58,"column":189}},"34":{"start":{"line":59,"column":33},"end":{"line":59,"column":80}},"35":{"start":{"line":60,"column":30},"end":{"line":60,"column":185}},"36":{"start":{"line":61,"column":29},"end":{"line":61,"column":162}},"37":{"start":{"line":62,"column":25},"end":{"line":68,"column":1}},"38":{"start":{"line":71,"column":18},"end":{"line":71,"column":22}},"39":{"start":{"line":72,"column":18},"end":{"line":72,"column":20}},"40":{"start":{"line":74,"column":18},"end":{"line":86,"column":1}},"41":{"start":{"line":75,"column":2},"end":{"line":75,"column":21}},"42":{"start":{"line":75,"column":14},"end":{"line":75,"column":21}},"43":{"start":{"line":76,"column":2},"end":{"line":85,"column":3}},"44":{"start":{"line":77,"column":4},"end":{"line":79,"column":7}},"45":{"start":{"line":80,"column":4},"end":{"line":80,"column":75}},"46":{"start":{"line":80,"column":37},"end":{"line":80,"column":73}},"47":{"start":{"line":81,"column":4},"end":{"line":81,"column":32}},"48":{"start":{"line":82,"column":4},"end":{"line":82,"column":37}},"49":{"start":{"line":84,"column":4},"end":{"line":84,"column":59}},"50":{"start":{"line":87,"column":0},"end":{"line":89,"column":1}},"51":{"start":{"line":88,"column":2},"end":{"line":88,"column":14}},"52":{"start":{"line":92,"column":17},"end":{"line":98,"column":1}},"53":{"start":{"line":93,"column":2},"end":{"line":93,"column":32}},"54":{"start":{"line":93,"column":20},"end":{"line":93,"column":32}},"55":{"start":{"line":94,"column":2},"end":{"line":97,"column":26}},"56":{"start":{"line":95,"column":17},"end":{"line":95,"column":43}},"57":{"start":{"line":96,"column":4},"end":{"line":96,"column":42}},"58":{"start":{"line":97,"column":12},"end":{"line":97,"column":24}},"59":{"start":{"line":100,"column":17},"end":{"line":105,"column":1}},"60":{"start":{"line":101,"column":2},"end":{"line":101,"column":27}},"61":{"start":{"line":101,"column":20},"end":{"line":101,"column":27}},"62":{"start":{"line":102,"column":2},"end":{"line":104,"column":12}},"63":{"start":{"line":103,"column":4},"end":{"line":103,"column":60}},"64":{"start":{"line":107,"column":17},"end":{"line":112,"column":1}},"65":{"start":{"line":108,"column":2},"end":{"line":108,"column":27}},"66":{"start":{"line":108,"column":20},"end":{"line":108,"column":27}},"67":{"start":{"line":109,"column":2},"end":{"line":111,"column":12}},"68":{"start":{"line":110,"column":4},"end":{"line":110,"column":31}},"69":{"start":{"line":114,"column":24},"end":{"line":117,"column":1}},"70":{"start":{"line":115,"column":2},"end":{"line":115,"column":45}},"71":{"start":{"line":115,"column":33},"end":{"line":115,"column":45}},"72":{"start":{"line":116,"column":2},"end":{"line":116,"column":28}},"73":{"start":{"line":119,"column":25},"end":{"line":130,"column":1}},"74":{"start":{"line":120,"column":2},"end":{"line":122,"column":3}},"75":{"start":{"line":121,"column":4},"end":{"line":121,"column":84}},"76":{"start":{"line":123,"column":2},"end":{"line":125,"column":3}},"77":{"start":{"line":124,"column":4},"end":{"line":124,"column":164}},"78":{"start":{"line":126,"column":2},"end":{"line":128,"column":3}},"79":{"start":{"line":127,"column":4},"end":{"line":127,"column":96}},"80":{"start":{"line":129,"column":2},"end":{"line":129,"column":25}},"81":{"start":{"line":132,"column":27},"end":{"line":138,"column":1}},"82":{"start":{"line":133,"column":2},"end":{"line":133,"column":39}},"83":{"start":{"line":133,"column":16},"end":{"line":133,"column":39}},"84":{"start":{"line":134,"column":2},"end":{"line":136,"column":3}},"85":{"start":{"line":135,"column":4},"end":{"line":135,"column":87}},"86":{"start":{"line":137,"column":2},"end":{"line":137,"column":25}},"87":{"start":{"line":140,"column":33},"end":{"line":148,"column":1}},"88":{"start":{"line":141,"column":2},"end":{"line":143,"column":3}},"89":{"start":{"line":142,"column":4},"end":{"line":142,"column":84}},"90":{"start":{"line":144,"column":2},"end":{"line":146,"column":3}},"91":{"start":{"line":145,"column":4},"end":{"line":145,"column":115}},"92":{"start":{"line":147,"column":2},"end":{"line":147,"column":25}},"93":{"start":{"line":150,"column":28},"end":{"line":160,"column":1}},"94":{"start":{"line":151,"column":2},"end":{"line":153,"column":3}},"95":{"start":{"line":152,"column":4},"end":{"line":152,"column":98}},"96":{"start":{"line":154,"column":2},"end":{"line":158,"column":3}},"97":{"start":{"line":155,"column":4},"end":{"line":157,"column":5}},"98":{"start":{"line":156,"column":6},"end":{"line":156,"column":110}},"99":{"start":{"line":159,"column":2},"end":{"line":159,"column":25}},"100":{"start":{"line":162,"column":18},"end":{"line":165,"column":1}},"101":{"start":{"line":163,"column":17},"end":{"line":163,"column":64}},"102":{"start":{"line":164,"column":2},"end":{"line":164,"column":79}},"103":{"start":{"line":167,"column":24},"end":{"line":176,"column":1}},"104":{"start":{"line":168,"column":2},"end":{"line":168,"column":38}},"105":{"start":{"line":168,"column":15},"end":{"line":168,"column":38}},"106":{"start":{"line":169,"column":2},"end":{"line":169,"column":76}},"107":{"start":{"line":169,"column":56},"end":{"line":169,"column":76}},"108":{"start":{"line":170,"column":2},"end":{"line":170,"column":73}},"109":{"start":{"line":170,"column":45},"end":{"line":170,"column":73}},"110":{"start":{"line":171,"column":2},"end":{"line":174,"column":3}},"111":{"start":{"line":172,"column":18},"end":{"line":172,"column":84}},"112":{"start":{"line":172,"column":56},"end":{"line":172,"column":67}},"113":{"start":{"line":173,"column":4},"end":{"line":173,"column":55}},"114":{"start":{"line":175,"column":2},"end":{"line":175,"column":26}},"115":{"start":{"line":178,"column":29},"end":{"line":178,"column":56}},"116":{"start":{"line":178,"column":35},"end":{"line":178,"column":56}},"117":{"start":{"line":180,"column":32},"end":{"line":187,"column":1}},"118":{"start":{"line":181,"column":21},"end":{"line":181,"column":47}},"119":{"start":{"line":182,"column":2},"end":{"line":185,"column":3}},"120":{"start":{"line":183,"column":4},"end":{"line":183,"column":56}},"121":{"start":{"line":184,"column":4},"end":{"line":184,"column":17}},"122":{"start":{"line":186,"column":2},"end":{"line":186,"column":14}},"123":{"start":{"line":190,"column":15},"end":{"line":190,"column":37}},"124":{"start":{"line":191,"column":11},"end":{"line":191,"column":29}},"125":{"start":{"line":193,"column":0},"end":{"line":199,"column":3}},"126":{"start":{"line":194,"column":2},"end":{"line":194,"column":58}},"127":{"start":{"line":196,"column":2},"end":{"line":198,"column":5}},"128":{"start":{"line":197,"column":4},"end":{"line":197,"column":63}},"129":{"start":{"line":201,"column":0},"end":{"line":201,"column":18}},"130":{"start":{"line":204,"column":17},"end":{"line":204,"column":21}},"131":{"start":{"line":205,"column":22},"end":{"line":205,"column":27}},"132":{"start":{"line":207,"column":19},"end":{"line":226,"column":1}},"133":{"start":{"line":208,"column":2},"end":{"line":225,"column":3}},"134":{"start":{"line":209,"column":19},"end":{"line":209,"column":68}},"135":{"start":{"line":210,"column":4},"end":{"line":222,"column":5}},"136":{"start":{"line":211,"column":28},"end":{"line":211,"column":55}},"137":{"start":{"line":213,"column":6},"end":{"line":219,"column":7}},"138":{"start":{"line":214,"column":19},"end":{"line":214,"column":32}},"139":{"start":{"line":215,"column":8},"end":{"line":218,"column":9}},"140":{"start":{"line":216,"column":10},"end":{"line":216,"column":49}},"141":{"start":{"line":217,"column":10},"end":{"line":217,"column":73}},"142":{"start":{"line":221,"column":6},"end":{"line":221,"column":33}},"143":{"start":{"line":224,"column":4},"end":{"line":224,"column":67}},"144":{"start":{"line":228,"column":27},"end":{"line":235,"column":1}},"145":{"start":{"line":229,"column":19},"end":{"line":229,"column":57}},"146":{"start":{"line":230,"column":2},"end":{"line":230,"column":83}},"147":{"start":{"line":231,"column":2},"end":{"line":233,"column":11}},"148":{"start":{"line":232,"column":4},"end":{"line":232,"column":17}},"149":{"start":{"line":234,"column":2},"end":{"line":234,"column":18}},"150":{"start":{"line":238,"column":0},"end":{"line":245,"column":4}},"151":{"start":{"line":240,"column":4},"end":{"line":242,"column":5}},"152":{"start":{"line":241,"column":6},"end":{"line":241,"column":34}},"153":{"start":{"line":243,"column":4},"end":{"line":243,"column":58}},"154":{"start":{"line":246,"column":0},"end":{"line":246,"column":24}},"155":{"start":{"line":247,"column":0},"end":{"line":247,"column":56}},"156":{"start":{"line":250,"column":0},"end":{"line":257,"column":4}},"157":{"start":{"line":254,"column":18},"end":{"line":254,"column":25}},"158":{"start":{"line":255,"column":18},"end":{"line":255,"column":25}},"159":{"start":{"line":258,"column":0},"end":{"line":258,"column":37}},"160":{"start":{"line":259,"column":0},"end":{"line":259,"column":48}},"161":{"start":{"line":262,"column":22},"end":{"line":321,"column":1}},"162":{"start":{"line":263,"column":2},"end":{"line":320,"column":5}},"163":{"start":{"line":264,"column":26},"end":{"line":264,"column":193}},"164":{"start":{"line":265,"column":20},"end":{"line":265,"column":50}},"165":{"start":{"line":266,"column":23},"end":{"line":266,"column":41}},"166":{"start":{"line":268,"column":4},"end":{"line":270,"column":5}},"167":{"start":{"line":269,"column":6},"end":{"line":269,"column":32}},"168":{"start":{"line":272,"column":4},"end":{"line":272,"column":72}},"169":{"start":{"line":274,"column":22},"end":{"line":278,"column":6}},"170":{"start":{"line":280,"column":17},"end":{"line":280,"column":19}},"171":{"start":{"line":281,"column":17},"end":{"line":281,"column":19}},"172":{"start":{"line":283,"column":4},"end":{"line":285,"column":7}},"173":{"start":{"line":284,"column":6},"end":{"line":284,"column":32}},"174":{"start":{"line":287,"column":4},"end":{"line":289,"column":7}},"175":{"start":{"line":288,"column":6},"end":{"line":288,"column":32}},"176":{"start":{"line":291,"column":4},"end":{"line":308,"column":7}},"177":{"start":{"line":292,"column":6},"end":{"line":292,"column":69}},"178":{"start":{"line":294,"column":6},"end":{"line":301,"column":7}},"179":{"start":{"line":295,"column":8},"end":{"line":300,"column":9}},"180":{"start":{"line":296,"column":10},"end":{"line":296,"column":41}},"181":{"start":{"line":298,"column":10},"end":{"line":298,"column":123}},"182":{"start":{"line":299,"column":10},"end":{"line":299,"column":17}},"183":{"start":{"line":303,"column":6},"end":{"line":307,"column":7}},"184":{"start":{"line":304,"column":8},"end":{"line":304,"column":57}},"185":{"start":{"line":306,"column":8},"end":{"line":306,"column":74}},"186":{"start":{"line":310,"column":4},"end":{"line":313,"column":7}},"187":{"start":{"line":311,"column":6},"end":{"line":311,"column":56}},"188":{"start":{"line":312,"column":6},"end":{"line":312,"column":20}},"189":{"start":{"line":315,"column":4},"end":{"line":319,"column":7}},"190":{"start":{"line":316,"column":6},"end":{"line":316,"column":69}},"191":{"start":{"line":317,"column":6},"end":{"line":317,"column":23}},"192":{"start":{"line":318,"column":6},"end":{"line":318,"column":76}},"193":{"start":{"line":324,"column":0},"end":{"line":355,"column":3}},"194":{"start":{"line":325,"column":2},"end":{"line":354,"column":3}},"195":{"start":{"line":326,"column":19},"end":{"line":326,"column":66}},"196":{"start":{"line":327,"column":16},"end":{"line":327,"column":18}},"197":{"start":{"line":328,"column":19},"end":{"line":328,"column":21}},"198":{"start":{"line":330,"column":4},"end":{"line":339,"column":5}},"199":{"start":{"line":331,"column":6},"end":{"line":334,"column":10}},"200":{"start":{"line":331,"column":50},"end":{"line":334,"column":7}},"201":{"start":{"line":335,"column":6},"end":{"line":338,"column":10}},"202":{"start":{"line":335,"column":56},"end":{"line":338,"column":7}},"203":{"start":{"line":341,"column":30},"end":{"line":341,"column":104}},"204":{"start":{"line":341,"column":48},"end":{"line":341,"column":96}},"205":{"start":{"line":342,"column":4},"end":{"line":348,"column":7}},"206":{"start":{"line":350,"column":4},"end":{"line":353,"column":7}},"207":{"start":{"line":357,"column":0},"end":{"line":395,"column":3}},"208":{"start":{"line":358,"column":19},"end":{"line":358,"column":30}},"209":{"start":{"line":361,"column":17},"end":{"line":361,"column":41}},"210":{"start":{"line":362,"column":2},"end":{"line":364,"column":3}},"211":{"start":{"line":363,"column":4},"end":{"line":363,"column":28}},"212":{"start":{"line":366,"column":2},"end":{"line":394,"column":3}},"213":{"start":{"line":367,"column":19},"end":{"line":367,"column":66}},"214":{"start":{"line":369,"column":15},"end":{"line":369,"column":42}},"215":{"start":{"line":370,"column":4},"end":{"line":374,"column":5}},"216":{"start":{"line":371,"column":6},"end":{"line":371,"column":25}},"217":{"start":{"line":372,"column":11},"end":{"line":374,"column":5}},"218":{"start":{"line":373,"column":6},"end":{"line":373,"column":71}},"219":{"start":{"line":376,"column":21},"end":{"line":386,"column":5}},"220":{"start":{"line":378,"column":42},"end":{"line":381,"column":7}},"221":{"start":{"line":382,"column":48},"end":{"line":385,"column":7}},"222":{"start":{"line":389,"column":4},"end":{"line":389,"column":50}},"223":{"start":{"line":391,"column":4},"end":{"line":391,"column":23}},"224":{"start":{"line":393,"column":4},"end":{"line":393,"column":52}},"225":{"start":{"line":400,"column":0},"end":{"line":419,"column":3}},"226":{"start":{"line":401,"column":23},"end":{"line":401,"column":31}},"227":{"start":{"line":403,"column":2},"end":{"line":405,"column":3}},"228":{"start":{"line":404,"column":4},"end":{"line":404,"column":11}},"229":{"start":{"line":407,"column":2},"end":{"line":418,"column":3}},"230":{"start":{"line":408,"column":19},"end":{"line":408,"column":60}},"231":{"start":{"line":410,"column":4},"end":{"line":415,"column":5}},"232":{"start":{"line":411,"column":6},"end":{"line":411,"column":35}},"233":{"start":{"line":412,"column":6},"end":{"line":412,"column":57}},"234":{"start":{"line":414,"column":6},"end":{"line":414,"column":64}},"235":{"start":{"line":417,"column":4},"end":{"line":417,"column":52}},"236":{"start":{"line":422,"column":0},"end":{"line":450,"column":3}},"237":{"start":{"line":423,"column":23},"end":{"line":423,"column":31}},"238":{"start":{"line":425,"column":2},"end":{"line":427,"column":3}},"239":{"start":{"line":426,"column":4},"end":{"line":426,"column":11}},"240":{"start":{"line":429,"column":2},"end":{"line":449,"column":3}},"241":{"start":{"line":430,"column":15},"end":{"line":430,"column":28}},"242":{"start":{"line":431,"column":4},"end":{"line":433,"column":5}},"243":{"start":{"line":432,"column":6},"end":{"line":432,"column":126}},"244":{"start":{"line":435,"column":19},"end":{"line":435,"column":61}},"245":{"start":{"line":437,"column":4},"end":{"line":439,"column":5}},"246":{"start":{"line":438,"column":6},"end":{"line":438,"column":157}},"247":{"start":{"line":441,"column":4},"end":{"line":446,"column":5}},"248":{"start":{"line":442,"column":6},"end":{"line":442,"column":35}},"249":{"start":{"line":443,"column":6},"end":{"line":443,"column":84}},"250":{"start":{"line":445,"column":6},"end":{"line":445,"column":64}},"251":{"start":{"line":448,"column":4},"end":{"line":448,"column":52}},"252":{"start":{"line":453,"column":0},"end":{"line":470,"column":3}},"253":{"start":{"line":454,"column":23},"end":{"line":454,"column":31}},"254":{"start":{"line":456,"column":2},"end":{"line":458,"column":3}},"255":{"start":{"line":457,"column":4},"end":{"line":457,"column":11}},"256":{"start":{"line":460,"column":2},"end":{"line":469,"column":3}},"257":{"start":{"line":461,"column":19},"end":{"line":461,"column":57}},"258":{"start":{"line":462,"column":4},"end":{"line":466,"column":5}},"259":{"start":{"line":463,"column":6},"end":{"line":463,"column":57}},"260":{"start":{"line":465,"column":6},"end":{"line":465,"column":64}},"261":{"start":{"line":468,"column":4},"end":{"line":468,"column":52}},"262":{"start":{"line":473,"column":0},"end":{"line":495,"column":3}},"263":{"start":{"line":474,"column":35},"end":{"line":474,"column":43}},"264":{"start":{"line":476,"column":2},"end":{"line":478,"column":3}},"265":{"start":{"line":477,"column":4},"end":{"line":477,"column":11}},"266":{"start":{"line":479,"column":27},"end":{"line":479,"column":78}},"267":{"start":{"line":480,"column":2},"end":{"line":482,"column":3}},"268":{"start":{"line":481,"column":4},"end":{"line":481,"column":75}},"269":{"start":{"line":484,"column":2},"end":{"line":494,"column":3}},"270":{"start":{"line":485,"column":19},"end":{"line":485,"column":73}},"271":{"start":{"line":486,"column":4},"end":{"line":491,"column":5}},"272":{"start":{"line":487,"column":6},"end":{"line":487,"column":35}},"273":{"start":{"line":488,"column":6},"end":{"line":488,"column":84}},"274":{"start":{"line":490,"column":6},"end":{"line":490,"column":64}},"275":{"start":{"line":493,"column":4},"end":{"line":493,"column":52}},"276":{"start":{"line":498,"column":0},"end":{"line":523,"column":3}},"277":{"start":{"line":499,"column":35},"end":{"line":499,"column":43}},"278":{"start":{"line":501,"column":2},"end":{"line":503,"column":3}},"279":{"start":{"line":502,"column":4},"end":{"line":502,"column":11}},"280":{"start":{"line":504,"column":2},"end":{"line":509,"column":3}},"281":{"start":{"line":505,"column":29},"end":{"line":505,"column":80}},"282":{"start":{"line":506,"column":4},"end":{"line":508,"column":5}},"283":{"start":{"line":507,"column":6},"end":{"line":507,"column":77}},"284":{"start":{"line":511,"column":2},"end":{"line":522,"column":3}},"285":{"start":{"line":512,"column":17},"end":{"line":512,"column":27}},"286":{"start":{"line":513,"column":4},"end":{"line":513,"column":42}},"287":{"start":{"line":513,"column":20},"end":{"line":513,"column":42}},"288":{"start":{"line":514,"column":19},"end":{"line":514,"column":57}},"289":{"start":{"line":515,"column":4},"end":{"line":519,"column":5}},"290":{"start":{"line":516,"column":6},"end":{"line":516,"column":84}},"291":{"start":{"line":518,"column":6},"end":{"line":518,"column":64}},"292":{"start":{"line":521,"column":4},"end":{"line":521,"column":52}},"293":{"start":{"line":526,"column":0},"end":{"line":548,"column":3}},"294":{"start":{"line":527,"column":33},"end":{"line":527,"column":41}},"295":{"start":{"line":529,"column":2},"end":{"line":531,"column":3}},"296":{"start":{"line":530,"column":4},"end":{"line":530,"column":11}},"297":{"start":{"line":532,"column":25},"end":{"line":532,"column":72}},"298":{"start":{"line":533,"column":2},"end":{"line":535,"column":3}},"299":{"start":{"line":534,"column":4},"end":{"line":534,"column":71}},"300":{"start":{"line":537,"column":2},"end":{"line":547,"column":3}},"301":{"start":{"line":538,"column":19},"end":{"line":538,"column":73}},"302":{"start":{"line":539,"column":4},"end":{"line":544,"column":5}},"303":{"start":{"line":540,"column":6},"end":{"line":540,"column":35}},"304":{"start":{"line":541,"column":6},"end":{"line":541,"column":84}},"305":{"start":{"line":543,"column":6},"end":{"line":543,"column":64}},"306":{"start":{"line":546,"column":4},"end":{"line":546,"column":52}},"307":{"start":{"line":551,"column":0},"end":{"line":575,"column":3}},"308":{"start":{"line":552,"column":35},"end":{"line":552,"column":43}},"309":{"start":{"line":554,"column":2},"end":{"line":556,"column":3}},"310":{"start":{"line":555,"column":4},"end":{"line":555,"column":11}},"311":{"start":{"line":557,"column":24},"end":{"line":557,"column":54}},"312":{"start":{"line":558,"column":2},"end":{"line":560,"column":3}},"313":{"start":{"line":559,"column":4},"end":{"line":559,"column":69}},"314":{"start":{"line":562,"column":2},"end":{"line":574,"column":3}},"315":{"start":{"line":563,"column":17},"end":{"line":563,"column":27}},"316":{"start":{"line":564,"column":4},"end":{"line":564,"column":61}},"317":{"start":{"line":564,"column":20},"end":{"line":564,"column":61}},"318":{"start":{"line":565,"column":19},"end":{"line":565,"column":52}},"319":{"start":{"line":566,"column":4},"end":{"line":571,"column":5}},"320":{"start":{"line":567,"column":6},"end":{"line":567,"column":35}},"321":{"start":{"line":568,"column":6},"end":{"line":568,"column":84}},"322":{"start":{"line":570,"column":6},"end":{"line":570,"column":64}},"323":{"start":{"line":573,"column":4},"end":{"line":573,"column":52}},"324":{"start":{"line":578,"column":0},"end":{"line":600,"column":3}},"325":{"start":{"line":579,"column":35},"end":{"line":579,"column":43}},"326":{"start":{"line":581,"column":2},"end":{"line":583,"column":3}},"327":{"start":{"line":582,"column":4},"end":{"line":582,"column":11}},"328":{"start":{"line":584,"column":25},"end":{"line":584,"column":51}},"329":{"start":{"line":585,"column":2},"end":{"line":587,"column":3}},"330":{"start":{"line":586,"column":4},"end":{"line":586,"column":71}},"331":{"start":{"line":589,"column":2},"end":{"line":599,"column":3}},"332":{"start":{"line":590,"column":19},"end":{"line":590,"column":71}},"333":{"start":{"line":591,"column":4},"end":{"line":596,"column":5}},"334":{"start":{"line":592,"column":6},"end":{"line":592,"column":35}},"335":{"start":{"line":593,"column":6},"end":{"line":593,"column":84}},"336":{"start":{"line":595,"column":6},"end":{"line":595,"column":64}},"337":{"start":{"line":598,"column":4},"end":{"line":598,"column":52}},"338":{"start":{"line":603,"column":0},"end":{"line":621,"column":3}},"339":{"start":{"line":604,"column":23},"end":{"line":604,"column":31}},"340":{"start":{"line":606,"column":2},"end":{"line":608,"column":3}},"341":{"start":{"line":607,"column":4},"end":{"line":607,"column":11}},"342":{"start":{"line":610,"column":2},"end":{"line":620,"column":3}},"343":{"start":{"line":611,"column":19},"end":{"line":611,"column":59}},"344":{"start":{"line":612,"column":4},"end":{"line":617,"column":5}},"345":{"start":{"line":613,"column":6},"end":{"line":613,"column":35}},"346":{"start":{"line":614,"column":6},"end":{"line":614,"column":84}},"347":{"start":{"line":616,"column":6},"end":{"line":616,"column":64}},"348":{"start":{"line":619,"column":4},"end":{"line":619,"column":52}},"349":{"start":{"line":624,"column":0},"end":{"line":641,"column":3}},"350":{"start":{"line":625,"column":23},"end":{"line":625,"column":31}},"351":{"start":{"line":627,"column":2},"end":{"line":629,"column":3}},"352":{"start":{"line":628,"column":4},"end":{"line":628,"column":11}},"353":{"start":{"line":631,"column":2},"end":{"line":640,"column":3}},"354":{"start":{"line":632,"column":19},"end":{"line":632,"column":58}},"355":{"start":{"line":633,"column":4},"end":{"line":637,"column":5}},"356":{"start":{"line":634,"column":6},"end":{"line":634,"column":57}},"357":{"start":{"line":636,"column":6},"end":{"line":636,"column":64}},"358":{"start":{"line":639,"column":4},"end":{"line":639,"column":52}},"359":{"start":{"line":643,"column":0},"end":{"line":656,"column":3}},"360":{"start":{"line":644,"column":23},"end":{"line":644,"column":31}},"361":{"start":{"line":645,"column":2},"end":{"line":645,"column":54}},"362":{"start":{"line":645,"column":47},"end":{"line":645,"column":54}},"363":{"start":{"line":646,"column":2},"end":{"line":655,"column":3}},"364":{"start":{"line":647,"column":19},"end":{"line":647,"column":58}},"365":{"start":{"line":648,"column":4},"end":{"line":652,"column":5}},"366":{"start":{"line":649,"column":6},"end":{"line":649,"column":57}},"367":{"start":{"line":651,"column":6},"end":{"line":651,"column":64}},"368":{"start":{"line":654,"column":4},"end":{"line":654,"column":52}},"369":{"start":{"line":658,"column":0},"end":{"line":671,"column":3}},"370":{"start":{"line":659,"column":32},"end":{"line":659,"column":40}},"371":{"start":{"line":660,"column":2},"end":{"line":660,"column":54}},"372":{"start":{"line":660,"column":47},"end":{"line":660,"column":54}},"373":{"start":{"line":661,"column":2},"end":{"line":670,"column":3}},"374":{"start":{"line":662,"column":19},"end":{"line":662,"column":60}},"375":{"start":{"line":663,"column":4},"end":{"line":667,"column":5}},"376":{"start":{"line":664,"column":6},"end":{"line":664,"column":57}},"377":{"start":{"line":666,"column":6},"end":{"line":666,"column":64}},"378":{"start":{"line":669,"column":4},"end":{"line":669,"column":52}},"379":{"start":{"line":673,"column":0},"end":{"line":686,"column":3}},"380":{"start":{"line":674,"column":23},"end":{"line":674,"column":31}},"381":{"start":{"line":675,"column":2},"end":{"line":675,"column":54}},"382":{"start":{"line":675,"column":47},"end":{"line":675,"column":54}},"383":{"start":{"line":676,"column":2},"end":{"line":685,"column":3}},"384":{"start":{"line":677,"column":19},"end":{"line":677,"column":60}},"385":{"start":{"line":678,"column":4},"end":{"line":682,"column":5}},"386":{"start":{"line":679,"column":6},"end":{"line":679,"column":57}},"387":{"start":{"line":681,"column":6},"end":{"line":681,"column":64}},"388":{"start":{"line":684,"column":4},"end":{"line":684,"column":52}},"389":{"start":{"line":688,"column":0},"end":{"line":704,"column":3}},"390":{"start":{"line":689,"column":32},"end":{"line":689,"column":40}},"391":{"start":{"line":690,"column":2},"end":{"line":690,"column":54}},"392":{"start":{"line":690,"column":47},"end":{"line":690,"column":54}},"393":{"start":{"line":691,"column":2},"end":{"line":693,"column":3}},"394":{"start":{"line":692,"column":4},"end":{"line":692,"column":69}},"395":{"start":{"line":694,"column":2},"end":{"line":703,"column":3}},"396":{"start":{"line":695,"column":19},"end":{"line":695,"column":88}},"397":{"start":{"line":696,"column":4},"end":{"line":700,"column":5}},"398":{"start":{"line":697,"column":6},"end":{"line":697,"column":57}},"399":{"start":{"line":699,"column":6},"end":{"line":699,"column":64}},"400":{"start":{"line":702,"column":4},"end":{"line":702,"column":52}},"401":{"start":{"line":707,"column":0},"end":{"line":769,"column":3}},"402":{"start":{"line":708,"column":21},"end":{"line":708,"column":31}},"403":{"start":{"line":709,"column":35},"end":{"line":709,"column":43}},"404":{"start":{"line":711,"column":2},"end":{"line":713,"column":3}},"405":{"start":{"line":712,"column":4},"end":{"line":712,"column":78}},"406":{"start":{"line":715,"column":2},"end":{"line":717,"column":3}},"407":{"start":{"line":716,"column":4},"end":{"line":716,"column":11}},"408":{"start":{"line":719,"column":2},"end":{"line":724,"column":3}},"409":{"start":{"line":720,"column":28},"end":{"line":720,"column":81}},"410":{"start":{"line":721,"column":4},"end":{"line":723,"column":5}},"411":{"start":{"line":722,"column":6},"end":{"line":722,"column":71}},"412":{"start":{"line":726,"column":2},"end":{"line":768,"column":3}},"413":{"start":{"line":727,"column":17},"end":{"line":731,"column":20}},"414":{"start":{"line":733,"column":15},"end":{"line":733,"column":28}},"415":{"start":{"line":734,"column":4},"end":{"line":741,"column":5}},"416":{"start":{"line":735,"column":6},"end":{"line":740,"column":9}},"417":{"start":{"line":743,"column":19},"end":{"line":743,"column":52}},"418":{"start":{"line":745,"column":4},"end":{"line":752,"column":5}},"419":{"start":{"line":746,"column":6},"end":{"line":751,"column":9}},"420":{"start":{"line":754,"column":4},"end":{"line":765,"column":5}},"421":{"start":{"line":755,"column":6},"end":{"line":757,"column":7}},"422":{"start":{"line":756,"column":8},"end":{"line":756,"column":37}},"423":{"start":{"line":758,"column":6},"end":{"line":762,"column":9}},"424":{"start":{"line":764,"column":6},"end":{"line":764,"column":64}},"425":{"start":{"line":767,"column":4},"end":{"line":767,"column":52}},"426":{"start":{"line":771,"column":0},"end":{"line":824,"column":3}},"427":{"start":{"line":772,"column":21},"end":{"line":772,"column":31}},"428":{"start":{"line":773,"column":15},"end":{"line":773,"column":65}},"429":{"start":{"line":775,"column":2},"end":{"line":777,"column":3}},"430":{"start":{"line":776,"column":4},"end":{"line":776,"column":85}},"431":{"start":{"line":778,"column":25},"end":{"line":778,"column":50}},"432":{"start":{"line":779,"column":2},"end":{"line":781,"column":3}},"433":{"start":{"line":780,"column":4},"end":{"line":780,"column":71}},"434":{"start":{"line":783,"column":2},"end":{"line":823,"column":3}},"435":{"start":{"line":784,"column":4},"end":{"line":820,"column":5}},"436":{"start":{"line":787,"column":6},"end":{"line":791,"column":9}},"437":{"start":{"line":794,"column":6},"end":{"line":804,"column":14}},"438":{"start":{"line":795,"column":26},"end":{"line":795,"column":50}},"439":{"start":{"line":796,"column":21},"end":{"line":796,"column":36}},"440":{"start":{"line":797,"column":27},"end":{"line":797,"column":63}},"441":{"start":{"line":798,"column":26},"end":{"line":801,"column":10}},"442":{"start":{"line":803,"column":8},"end":{"line":803,"column":26}},"443":{"start":{"line":807,"column":21},"end":{"line":807,"column":54}},"444":{"start":{"line":808,"column":6},"end":{"line":819,"column":7}},"445":{"start":{"line":809,"column":8},"end":{"line":811,"column":9}},"446":{"start":{"line":810,"column":10},"end":{"line":810,"column":39}},"447":{"start":{"line":812,"column":8},"end":{"line":816,"column":11}},"448":{"start":{"line":818,"column":8},"end":{"line":818,"column":66}},"449":{"start":{"line":822,"column":4},"end":{"line":822,"column":52}},"450":{"start":{"line":827,"column":0},"end":{"line":872,"column":3}},"451":{"start":{"line":828,"column":21},"end":{"line":828,"column":31}},"452":{"start":{"line":830,"column":2},"end":{"line":832,"column":3}},"453":{"start":{"line":831,"column":4},"end":{"line":831,"column":82}},"454":{"start":{"line":834,"column":2},"end":{"line":871,"column":3}},"455":{"start":{"line":835,"column":4},"end":{"line":868,"column":5}},"456":{"start":{"line":838,"column":6},"end":{"line":842,"column":9}},"457":{"start":{"line":845,"column":6},"end":{"line":855,"column":14}},"458":{"start":{"line":846,"column":26},"end":{"line":846,"column":50}},"459":{"start":{"line":847,"column":21},"end":{"line":847,"column":36}},"460":{"start":{"line":848,"column":27},"end":{"line":848,"column":63}},"461":{"start":{"line":849,"column":26},"end":{"line":852,"column":10}},"462":{"start":{"line":854,"column":8},"end":{"line":854,"column":26}},"463":{"start":{"line":858,"column":21},"end":{"line":858,"column":62}},"464":{"start":{"line":859,"column":6},"end":{"line":867,"column":7}},"465":{"start":{"line":860,"column":8},"end":{"line":864,"column":11}},"466":{"start":{"line":866,"column":8},"end":{"line":866,"column":66}},"467":{"start":{"line":870,"column":4},"end":{"line":870,"column":52}},"468":{"start":{"line":875,"column":0},"end":{"line":895,"column":3}},"469":{"start":{"line":876,"column":2},"end":{"line":894,"column":3}},"470":{"start":{"line":877,"column":15},"end":{"line":877,"column":28}},"471":{"start":{"line":878,"column":22},"end":{"line":878,"column":59}},"472":{"start":{"line":880,"column":4},"end":{"line":882,"column":5}},"473":{"start":{"line":881,"column":6},"end":{"line":881,"column":54}},"474":{"start":{"line":884,"column":18},"end":{"line":889,"column":8}},"475":{"start":{"line":885,"column":19},"end":{"line":885,"column":40}},"476":{"start":{"line":887,"column":22},"end":{"line":887,"column":58}},"477":{"start":{"line":888,"column":8},"end":{"line":888,"column":64}},"478":{"start":{"line":891,"column":4},"end":{"line":891,"column":48}},"479":{"start":{"line":893,"column":4},"end":{"line":893,"column":52}},"480":{"start":{"line":897,"column":0},"end":{"line":911,"column":3}},"481":{"start":{"line":898,"column":2},"end":{"line":910,"column":3}},"482":{"start":{"line":899,"column":19},"end":{"line":899,"column":48}},"483":{"start":{"line":900,"column":4},"end":{"line":907,"column":5}},"484":{"start":{"line":901,"column":6},"end":{"line":904,"column":9}},"485":{"start":{"line":906,"column":6},"end":{"line":906,"column":64}},"486":{"start":{"line":909,"column":4},"end":{"line":909,"column":52}},"487":{"start":{"line":913,"column":0},"end":{"line":927,"column":3}},"488":{"start":{"line":914,"column":2},"end":{"line":926,"column":3}},"489":{"start":{"line":915,"column":19},"end":{"line":915,"column":46}},"490":{"start":{"line":916,"column":4},"end":{"line":923,"column":5}},"491":{"start":{"line":917,"column":6},"end":{"line":920,"column":9}},"492":{"start":{"line":922,"column":6},"end":{"line":922,"column":64}},"493":{"start":{"line":925,"column":4},"end":{"line":925,"column":52}},"494":{"start":{"line":930,"column":0},"end":{"line":932,"column":3}},"495":{"start":{"line":931,"column":2},"end":{"line":931,"column":83}},"496":{"start":{"line":935,"column":0},"end":{"line":981,"column":3}},"497":{"start":{"line":936,"column":23},"end":{"line":936,"column":33}},"498":{"start":{"line":938,"column":2},"end":{"line":940,"column":3}},"499":{"start":{"line":939,"column":4},"end":{"line":939,"column":11}},"500":{"start":{"line":942,"column":2},"end":{"line":980,"column":3}},"501":{"start":{"line":943,"column":24},"end":{"line":943,"column":71}},"502":{"start":{"line":944,"column":16},"end":{"line":944,"column":18}},"503":{"start":{"line":945,"column":4},"end":{"line":947,"column":5}},"504":{"start":{"line":946,"column":6},"end":{"line":946,"column":43}},"505":{"start":{"line":949,"column":17},"end":{"line":949,"column":53}},"506":{"start":{"line":949,"column":33},"end":{"line":949,"column":52}},"507":{"start":{"line":950,"column":4},"end":{"line":952,"column":5}},"508":{"start":{"line":951,"column":6},"end":{"line":951,"column":112}},"509":{"start":{"line":954,"column":16},"end":{"line":954,"column":47}},"510":{"start":{"line":955,"column":22},"end":{"line":955,"column":32}},"511":{"start":{"line":957,"column":4},"end":{"line":977,"column":5}},"512":{"start":{"line":958,"column":23},"end":{"line":958,"column":94}},"513":{"start":{"line":959,"column":27},"end":{"line":959,"column":49}},"514":{"start":{"line":961,"column":6},"end":{"line":968,"column":9}},"515":{"start":{"line":970,"column":6},"end":{"line":976,"column":9}},"516":{"start":{"line":979,"column":4},"end":{"line":979,"column":52}},"517":{"start":{"line":984,"column":0},"end":{"line":1012,"column":3}},"518":{"start":{"line":985,"column":18},"end":{"line":985,"column":68}},"519":{"start":{"line":986,"column":16},"end":{"line":986,"column":47}},"520":{"start":{"line":988,"column":2},"end":{"line":1011,"column":3}},"521":{"start":{"line":989,"column":4},"end":{"line":991,"column":5}},"522":{"start":{"line":990,"column":6},"end":{"line":990,"column":57}},"523":{"start":{"line":993,"column":20},"end":{"line":993,"column":53}},"524":{"start":{"line":994,"column":18},"end":{"line":994,"column":70}},"525":{"start":{"line":994,"column":57},"end":{"line":994,"column":69}},"526":{"start":{"line":995,"column":23},"end":{"line":1006,"column":30}},"527":{"start":{"line":996,"column":20},"end":{"line":996,"column":68}},"528":{"start":{"line":997,"column":6},"end":{"line":1004,"column":7}},"529":{"start":{"line":998,"column":8},"end":{"line":1003,"column":10}},"530":{"start":{"line":1005,"column":6},"end":{"line":1005,"column":18}},"531":{"start":{"line":1006,"column":19},"end":{"line":1006,"column":29}},"532":{"start":{"line":1008,"column":4},"end":{"line":1008,"column":44}},"533":{"start":{"line":1010,"column":4},"end":{"line":1010,"column":52}},"534":{"start":{"line":1015,"column":0},"end":{"line":1021,"column":3}},"535":{"start":{"line":1016,"column":2},"end":{"line":1020,"column":5}},"536":{"start":{"line":1023,"column":20},"end":{"line":1031,"column":1}},"537":{"start":{"line":1024,"column":2},"end":{"line":1024,"column":23}},"538":{"start":{"line":1025,"column":2},"end":{"line":1030,"column":5}},"539":{"start":{"line":1026,"column":4},"end":{"line":1026,"column":81}},"540":{"start":{"line":1027,"column":4},"end":{"line":1027,"column":55}},"541":{"start":{"line":1028,"column":4},"end":{"line":1028,"column":62}},"542":{"start":{"line":1029,"column":4},"end":{"line":1029,"column":38}},"543":{"start":{"line":1033,"column":0},"end":{"line":1035,"column":1}},"544":{"start":{"line":1034,"column":2},"end":{"line":1034,"column":16}},"545":{"start":{"line":1037,"column":0},"end":{"line":1057,"column":2}}},"fnMap":{"0":{"name":"(anonymous_0)","decl":{"start":{"line":25,"column":29},"end":{"line":25,"column":30}},"loc":{"start":{"line":25,"column":35},"end":{"line":42,"column":1}},"line":25},"1":{"name":"(anonymous_1)","decl":{"start":{"line":74,"column":18},"end":{"line":74,"column":19}},"loc":{"start":{"line":74,"column":30},"end":{"line":86,"column":1}},"line":74},"2":{"name":"(anonymous_2)","decl":{"start":{"line":80,"column":28},"end":{"line":80,"column":29}},"loc":{"start":{"line":80,"column":37},"end":{"line":80,"column":73}},"line":80},"3":{"name":"(anonymous_3)","decl":{"start":{"line":92,"column":17},"end":{"line":92,"column":18}},"loc":{"start":{"line":92,"column":32},"end":{"line":98,"column":1}},"line":92},"4":{"name":"(anonymous_4)","decl":{"start":{"line":100,"column":17},"end":{"line":100,"column":18}},"loc":{"start":{"line":100,"column":55},"end":{"line":105,"column":1}},"line":100},"5":{"name":"(anonymous_5)","decl":{"start":{"line":107,"column":17},"end":{"line":107,"column":18}},"loc":{"start":{"line":107,"column":32},"end":{"line":112,"column":1}},"line":107},"6":{"name":"(anonymous_6)","decl":{"start":{"line":114,"column":24},"end":{"line":114,"column":25}},"loc":{"start":{"line":114,"column":36},"end":{"line":117,"column":1}},"line":114},"7":{"name":"(anonymous_7)","decl":{"start":{"line":119,"column":25},"end":{"line":119,"column":26}},"loc":{"start":{"line":119,"column":35},"end":{"line":130,"column":1}},"line":119},"8":{"name":"(anonymous_8)","decl":{"start":{"line":132,"column":27},"end":{"line":132,"column":28}},"loc":{"start":{"line":132,"column":40},"end":{"line":138,"column":1}},"line":132},"9":{"name":"(anonymous_9)","decl":{"start":{"line":140,"column":33},"end":{"line":140,"column":34}},"loc":{"start":{"line":140,"column":51},"end":{"line":148,"column":1}},"line":140},"10":{"name":"(anonymous_10)","decl":{"start":{"line":150,"column":28},"end":{"line":150,"column":29}},"loc":{"start":{"line":150,"column":38},"end":{"line":160,"column":1}},"line":150},"11":{"name":"(anonymous_11)","decl":{"start":{"line":162,"column":18},"end":{"line":162,"column":19}},"loc":{"start":{"line":162,"column":58},"end":{"line":165,"column":1}},"line":162},"12":{"name":"(anonymous_12)","decl":{"start":{"line":167,"column":24},"end":{"line":167,"column":25}},"loc":{"start":{"line":167,"column":36},"end":{"line":176,"column":1}},"line":167},"13":{"name":"(anonymous_13)","decl":{"start":{"line":172,"column":48},"end":{"line":172,"column":49}},"loc":{"start":{"line":172,"column":56},"end":{"line":172,"column":67}},"line":172},"14":{"name":"(anonymous_14)","decl":{"start":{"line":178,"column":29},"end":{"line":178,"column":30}},"loc":{"start":{"line":178,"column":35},"end":{"line":178,"column":56}},"line":178},"15":{"name":"(anonymous_15)","decl":{"start":{"line":180,"column":32},"end":{"line":180,"column":33}},"loc":{"start":{"line":180,"column":51},"end":{"line":187,"column":1}},"line":180},"16":{"name":"(anonymous_16)","decl":{"start":{"line":193,"column":20},"end":{"line":193,"column":21}},"loc":{"start":{"line":193,"column":32},"end":{"line":199,"column":1}},"line":193},"17":{"name":"(anonymous_17)","decl":{"start":{"line":196,"column":26},"end":{"line":196,"column":27}},"loc":{"start":{"line":196,"column":32},"end":{"line":198,"column":3}},"line":196},"18":{"name":"(anonymous_18)","decl":{"start":{"line":207,"column":19},"end":{"line":207,"column":20}},"loc":{"start":{"line":207,"column":31},"end":{"line":226,"column":1}},"line":207},"19":{"name":"(anonymous_19)","decl":{"start":{"line":228,"column":27},"end":{"line":228,"column":28}},"loc":{"start":{"line":228,"column":33},"end":{"line":235,"column":1}},"line":228},"20":{"name":"(anonymous_20)","decl":{"start":{"line":231,"column":13},"end":{"line":231,"column":14}},"loc":{"start":{"line":231,"column":19},"end":{"line":233,"column":3}},"line":231},"21":{"name":"(anonymous_21)","decl":{"start":{"line":239,"column":10},"end":{"line":239,"column":11}},"loc":{"start":{"line":239,"column":32},"end":{"line":244,"column":3}},"line":239},"22":{"name":"(anonymous_22)","decl":{"start":{"line":254,"column":8},"end":{"line":254,"column":9}},"loc":{"start":{"line":254,"column":18},"end":{"line":254,"column":25}},"line":254},"23":{"name":"(anonymous_23)","decl":{"start":{"line":255,"column":8},"end":{"line":255,"column":9}},"loc":{"start":{"line":255,"column":18},"end":{"line":255,"column":25}},"line":255},"24":{"name":"(anonymous_24)","decl":{"start":{"line":262,"column":22},"end":{"line":262,"column":23}},"loc":{"start":{"line":262,"column":66},"end":{"line":321,"column":1}},"line":262},"25":{"name":"(anonymous_25)","decl":{"start":{"line":263,"column":21},"end":{"line":263,"column":22}},"loc":{"start":{"line":263,"column":42},"end":{"line":320,"column":3}},"line":263},"26":{"name":"(anonymous_26)","decl":{"start":{"line":283,"column":32},"end":{"line":283,"column":33}},"loc":{"start":{"line":283,"column":42},"end":{"line":285,"column":5}},"line":283},"27":{"name":"(anonymous_27)","decl":{"start":{"line":287,"column":32},"end":{"line":287,"column":33}},"loc":{"start":{"line":287,"column":42},"end":{"line":289,"column":5}},"line":287},"28":{"name":"(anonymous_28)","decl":{"start":{"line":291,"column":26},"end":{"line":291,"column":27}},"loc":{"start":{"line":291,"column":36},"end":{"line":308,"column":5}},"line":291},"29":{"name":"(anonymous_29)","decl":{"start":{"line":310,"column":26},"end":{"line":310,"column":27}},"loc":{"start":{"line":310,"column":37},"end":{"line":313,"column":5}},"line":310},"30":{"name":"(anonymous_30)","decl":{"start":{"line":315,"column":28},"end":{"line":315,"column":29}},"loc":{"start":{"line":315,"column":34},"end":{"line":319,"column":5}},"line":315},"31":{"name":"(anonymous_31)","decl":{"start":{"line":324,"column":13},"end":{"line":324,"column":14}},"loc":{"start":{"line":324,"column":33},"end":{"line":355,"column":1}},"line":324},"32":{"name":"(anonymous_32)","decl":{"start":{"line":331,"column":44},"end":{"line":331,"column":45}},"loc":{"start":{"line":331,"column":50},"end":{"line":334,"column":7}},"line":331},"33":{"name":"(anonymous_33)","decl":{"start":{"line":335,"column":50},"end":{"line":335,"column":51}},"loc":{"start":{"line":335,"column":56},"end":{"line":338,"column":7}},"line":335},"34":{"name":"(anonymous_34)","decl":{"start":{"line":341,"column":43},"end":{"line":341,"column":44}},"loc":{"start":{"line":341,"column":48},"end":{"line":341,"column":96}},"line":341},"35":{"name":"(anonymous_35)","decl":{"start":{"line":357,"column":22},"end":{"line":357,"column":23}},"loc":{"start":{"line":357,"column":42},"end":{"line":395,"column":1}},"line":357},"36":{"name":"(anonymous_36)","decl":{"start":{"line":378,"column":36},"end":{"line":378,"column":37}},"loc":{"start":{"line":378,"column":42},"end":{"line":381,"column":7}},"line":378},"37":{"name":"(anonymous_37)","decl":{"start":{"line":382,"column":42},"end":{"line":382,"column":43}},"loc":{"start":{"line":382,"column":48},"end":{"line":385,"column":7}},"line":382},"38":{"name":"(anonymous_38)","decl":{"start":{"line":400,"column":30},"end":{"line":400,"column":31}},"loc":{"start":{"line":400,"column":50},"end":{"line":419,"column":1}},"line":400},"39":{"name":"(anonymous_39)","decl":{"start":{"line":422,"column":31},"end":{"line":422,"column":32}},"loc":{"start":{"line":422,"column":51},"end":{"line":450,"column":1}},"line":422},"40":{"name":"(anonymous_40)","decl":{"start":{"line":453,"column":27},"end":{"line":453,"column":28}},"loc":{"start":{"line":453,"column":47},"end":{"line":470,"column":1}},"line":453},"41":{"name":"(anonymous_41)","decl":{"start":{"line":473,"column":31},"end":{"line":473,"column":32}},"loc":{"start":{"line":473,"column":51},"end":{"line":495,"column":1}},"line":473},"42":{"name":"(anonymous_42)","decl":{"start":{"line":498,"column":33},"end":{"line":498,"column":34}},"loc":{"start":{"line":498,"column":53},"end":{"line":523,"column":1}},"line":498},"43":{"name":"(anonymous_43)","decl":{"start":{"line":526,"column":33},"end":{"line":526,"column":34}},"loc":{"start":{"line":526,"column":53},"end":{"line":548,"column":1}},"line":526},"44":{"name":"(anonymous_44)","decl":{"start":{"line":551,"column":28},"end":{"line":551,"column":29}},"loc":{"start":{"line":551,"column":48},"end":{"line":575,"column":1}},"line":551},"45":{"name":"(anonymous_45)","decl":{"start":{"line":578,"column":29},"end":{"line":578,"column":30}},"loc":{"start":{"line":578,"column":49},"end":{"line":600,"column":1}},"line":578},"46":{"name":"(anonymous_46)","decl":{"start":{"line":603,"column":29},"end":{"line":603,"column":30}},"loc":{"start":{"line":603,"column":49},"end":{"line":621,"column":1}},"line":603},"47":{"name":"(anonymous_47)","decl":{"start":{"line":624,"column":28},"end":{"line":624,"column":29}},"loc":{"start":{"line":624,"column":48},"end":{"line":641,"column":1}},"line":624},"48":{"name":"(anonymous_48)","decl":{"start":{"line":643,"column":28},"end":{"line":643,"column":29}},"loc":{"start":{"line":643,"column":48},"end":{"line":656,"column":1}},"line":643},"49":{"name":"(anonymous_49)","decl":{"start":{"line":658,"column":30},"end":{"line":658,"column":31}},"loc":{"start":{"line":658,"column":50},"end":{"line":671,"column":1}},"line":658},"50":{"name":"(anonymous_50)","decl":{"start":{"line":673,"column":30},"end":{"line":673,"column":31}},"loc":{"start":{"line":673,"column":50},"end":{"line":686,"column":1}},"line":673},"51":{"name":"(anonymous_51)","decl":{"start":{"line":688,"column":30},"end":{"line":688,"column":31}},"loc":{"start":{"line":688,"column":50},"end":{"line":704,"column":1}},"line":688},"52":{"name":"(anonymous_52)","decl":{"start":{"line":707,"column":31},"end":{"line":707,"column":32}},"loc":{"start":{"line":707,"column":51},"end":{"line":769,"column":1}},"line":707},"53":{"name":"(anonymous_53)","decl":{"start":{"line":771,"column":37},"end":{"line":771,"column":38}},"loc":{"start":{"line":771,"column":57},"end":{"line":824,"column":1}},"line":771},"54":{"name":"(anonymous_54)","decl":{"start":{"line":794,"column":17},"end":{"line":794,"column":18}},"loc":{"start":{"line":794,"column":23},"end":{"line":804,"column":7}},"line":794},"55":{"name":"(anonymous_55)","decl":{"start":{"line":827,"column":34},"end":{"line":827,"column":35}},"loc":{"start":{"line":827,"column":54},"end":{"line":872,"column":1}},"line":827},"56":{"name":"(anonymous_56)","decl":{"start":{"line":845,"column":17},"end":{"line":845,"column":18}},"loc":{"start":{"line":845,"column":23},"end":{"line":855,"column":7}},"line":845},"57":{"name":"(anonymous_57)","decl":{"start":{"line":875,"column":24},"end":{"line":875,"column":25}},"loc":{"start":{"line":875,"column":44},"end":{"line":895,"column":1}},"line":875},"58":{"name":"(anonymous_58)","decl":{"start":{"line":885,"column":14},"end":{"line":885,"column":15}},"loc":{"start":{"line":885,"column":19},"end":{"line":885,"column":40}},"line":885},"59":{"name":"(anonymous_59)","decl":{"start":{"line":886,"column":11},"end":{"line":886,"column":12}},"loc":{"start":{"line":886,"column":16},"end":{"line":889,"column":7}},"line":886},"60":{"name":"(anonymous_60)","decl":{"start":{"line":897,"column":23},"end":{"line":897,"column":24}},"loc":{"start":{"line":897,"column":43},"end":{"line":911,"column":1}},"line":897},"61":{"name":"(anonymous_61)","decl":{"start":{"line":913,"column":21},"end":{"line":913,"column":22}},"loc":{"start":{"line":913,"column":41},"end":{"line":927,"column":1}},"line":913},"62":{"name":"(anonymous_62)","decl":{"start":{"line":930,"column":19},"end":{"line":930,"column":20}},"loc":{"start":{"line":930,"column":33},"end":{"line":932,"column":1}},"line":930},"63":{"name":"(anonymous_63)","decl":{"start":{"line":935,"column":33},"end":{"line":935,"column":34}},"loc":{"start":{"line":935,"column":53},"end":{"line":981,"column":1}},"line":935},"64":{"name":"(anonymous_64)","decl":{"start":{"line":949,"column":28},"end":{"line":949,"column":29}},"loc":{"start":{"line":949,"column":33},"end":{"line":949,"column":52}},"line":949},"65":{"name":"(anonymous_65)","decl":{"start":{"line":984,"column":25},"end":{"line":984,"column":26}},"loc":{"start":{"line":984,"column":45},"end":{"line":1012,"column":1}},"line":984},"66":{"name":"(anonymous_66)","decl":{"start":{"line":994,"column":52},"end":{"line":994,"column":53}},"loc":{"start":{"line":994,"column":57},"end":{"line":994,"column":69}},"line":994},"67":{"name":"(anonymous_67)","decl":{"start":{"line":995,"column":57},"end":{"line":995,"column":58}},"loc":{"start":{"line":995,"column":65},"end":{"line":1006,"column":5}},"line":995},"68":{"name":"(anonymous_68)","decl":{"start":{"line":1006,"column":14},"end":{"line":1006,"column":15}},"loc":{"start":{"line":1006,"column":19},"end":{"line":1006,"column":29}},"line":1006},"69":{"name":"(anonymous_69)","decl":{"start":{"line":1015,"column":8},"end":{"line":1015,"column":9}},"loc":{"start":{"line":1015,"column":22},"end":{"line":1021,"column":1}},"line":1015},"70":{"name":"(anonymous_70)","decl":{"start":{"line":1023,"column":20},"end":{"line":1023,"column":21}},"loc":{"start":{"line":1023,"column":37},"end":{"line":1031,"column":1}},"line":1023},"71":{"name":"(anonymous_71)","decl":{"start":{"line":1025,"column":29},"end":{"line":1025,"column":30}},"loc":{"start":{"line":1025,"column":35},"end":{"line":1030,"column":3}},"line":1025}},"branchMap":{"0":{"loc":{"start":{"line":20,"column":13},"end":{"line":20,"column":37}},"type":"binary-expr","locations":[{"start":{"line":20,"column":13},"end":{"line":20,"column":29}},{"start":{"line":20,"column":33},"end":{"line":20,"column":37}}],"line":20},"1":{"loc":{"start":{"line":29,"column":4},"end":{"line":37,"column":5}},"type":"if","locations":[{"start":{"line":29,"column":4},"end":{"line":37,"column":5}},{"start":{},"end":{}}],"line":29},"2":{"loc":{"start":{"line":47,"column":2},"end":{"line":47,"column":86}},"type":"binary-expr","locations":[{"start":{"line":47,"column":3},"end":{"line":47,"column":20}},{"start":{"line":47,"column":24},"end":{"line":47,"column":55}},{"start":{"line":47,"column":60},"end":{"line":47,"column":86}}],"line":47},"3":{"loc":{"start":{"line":50,"column":2},"end":{"line":50,"column":131}},"type":"binary-expr","locations":[{"start":{"line":50,"column":3},"end":{"line":50,"column":20}},{"start":{"line":50,"column":24},"end":{"line":50,"column":55}},{"start":{"line":50,"column":60},"end":{"line":50,"column":131}}],"line":50},"4":{"loc":{"start":{"line":53,"column":2},"end":{"line":53,"column":102}},"type":"binary-expr","locations":[{"start":{"line":53,"column":3},"end":{"line":53,"column":20}},{"start":{"line":53,"column":24},"end":{"line":53,"column":62}},{"start":{"line":53,"column":67},"end":{"line":53,"column":102}}],"line":53},"5":{"loc":{"start":{"line":55,"column":28},"end":{"line":55,"column":95}},"type":"binary-expr","locations":[{"start":{"line":55,"column":29},"end":{"line":55,"column":46}},{"start":{"line":55,"column":50},"end":{"line":55,"column":85}},{"start":{"line":55,"column":90},"end":{"line":55,"column":95}}],"line":55},"6":{"loc":{"start":{"line":75,"column":2},"end":{"line":75,"column":21}},"type":"if","locations":[{"start":{"line":75,"column":2},"end":{"line":75,"column":21}},{"start":{},"end":{}}],"line":75},"7":{"loc":{"start":{"line":78,"column":11},"end":{"line":78,"column":60}},"type":"binary-expr","locations":[{"start":{"line":78,"column":11},"end":{"line":78,"column":32}},{"start":{"line":78,"column":36},"end":{"line":78,"column":60}}],"line":78},"8":{"loc":{"start":{"line":87,"column":0},"end":{"line":89,"column":1}},"type":"if","locations":[{"start":{"line":87,"column":0},"end":{"line":89,"column":1}},{"start":{},"end":{}}],"line":87},"9":{"loc":{"start":{"line":93,"column":2},"end":{"line":93,"column":32}},"type":"if","locations":[{"start":{"line":93,"column":2},"end":{"line":93,"column":32}},{"start":{},"end":{}}],"line":93},"10":{"loc":{"start":{"line":96,"column":11},"end":{"line":96,"column":41}},"type":"cond-expr","locations":[{"start":{"line":96,"column":18},"end":{"line":96,"column":34}},{"start":{"line":96,"column":37},"end":{"line":96,"column":41}}],"line":96},"11":{"loc":{"start":{"line":100,"column":35},"end":{"line":100,"column":50}},"type":"default-arg","locations":[{"start":{"line":100,"column":41},"end":{"line":100,"column":50}}],"line":100},"12":{"loc":{"start":{"line":101,"column":2},"end":{"line":101,"column":27}},"type":"if","locations":[{"start":{"line":101,"column":2},"end":{"line":101,"column":27}},{"start":{},"end":{}}],"line":101},"13":{"loc":{"start":{"line":108,"column":2},"end":{"line":108,"column":27}},"type":"if","locations":[{"start":{"line":108,"column":2},"end":{"line":108,"column":27}},{"start":{},"end":{}}],"line":108},"14":{"loc":{"start":{"line":115,"column":2},"end":{"line":115,"column":45}},"type":"if","locations":[{"start":{"line":115,"column":2},"end":{"line":115,"column":45}},{"start":{},"end":{}}],"line":115},"15":{"loc":{"start":{"line":115,"column":6},"end":{"line":115,"column":31}},"type":"binary-expr","locations":[{"start":{"line":115,"column":6},"end":{"line":115,"column":13}},{"start":{"line":115,"column":17},"end":{"line":115,"column":31}}],"line":115},"16":{"loc":{"start":{"line":120,"column":2},"end":{"line":122,"column":3}},"type":"if","locations":[{"start":{"line":120,"column":2},"end":{"line":122,"column":3}},{"start":{},"end":{}}],"line":120},"17":{"loc":{"start":{"line":120,"column":6},"end":{"line":120,"column":39}},"type":"binary-expr","locations":[{"start":{"line":120,"column":6},"end":{"line":120,"column":11}},{"start":{"line":120,"column":15},"end":{"line":120,"column":39}}],"line":120},"18":{"loc":{"start":{"line":123,"column":2},"end":{"line":125,"column":3}},"type":"if","locations":[{"start":{"line":123,"column":2},"end":{"line":125,"column":3}},{"start":{},"end":{}}],"line":123},"19":{"loc":{"start":{"line":126,"column":2},"end":{"line":128,"column":3}},"type":"if","locations":[{"start":{"line":126,"column":2},"end":{"line":128,"column":3}},{"start":{},"end":{}}],"line":126},"20":{"loc":{"start":{"line":133,"column":2},"end":{"line":133,"column":39}},"type":"if","locations":[{"start":{"line":133,"column":2},"end":{"line":133,"column":39}},{"start":{},"end":{}}],"line":133},"21":{"loc":{"start":{"line":134,"column":2},"end":{"line":136,"column":3}},"type":"if","locations":[{"start":{"line":134,"column":2},"end":{"line":136,"column":3}},{"start":{},"end":{}}],"line":134},"22":{"loc":{"start":{"line":141,"column":2},"end":{"line":143,"column":3}},"type":"if","locations":[{"start":{"line":141,"column":2},"end":{"line":143,"column":3}},{"start":{},"end":{}}],"line":141},"23":{"loc":{"start":{"line":141,"column":6},"end":{"line":141,"column":41}},"type":"binary-expr","locations":[{"start":{"line":141,"column":6},"end":{"line":141,"column":12}},{"start":{"line":141,"column":16},"end":{"line":141,"column":41}}],"line":141},"24":{"loc":{"start":{"line":144,"column":2},"end":{"line":146,"column":3}},"type":"if","locations":[{"start":{"line":144,"column":2},"end":{"line":146,"column":3}},{"start":{},"end":{}}],"line":144},"25":{"loc":{"start":{"line":144,"column":6},"end":{"line":144,"column":78}},"type":"binary-expr","locations":[{"start":{"line":144,"column":6},"end":{"line":144,"column":28}},{"start":{"line":144,"column":32},"end":{"line":144,"column":52}},{"start":{"line":144,"column":56},"end":{"line":144,"column":78}}],"line":144},"26":{"loc":{"start":{"line":151,"column":2},"end":{"line":153,"column":3}},"type":"if","locations":[{"start":{"line":151,"column":2},"end":{"line":153,"column":3}},{"start":{},"end":{}}],"line":151},"27":{"loc":{"start":{"line":155,"column":4},"end":{"line":157,"column":5}},"type":"if","locations":[{"start":{"line":155,"column":4},"end":{"line":157,"column":5}},{"start":{},"end":{}}],"line":155},"28":{"loc":{"start":{"line":155,"column":8},"end":{"line":155,"column":55}},"type":"binary-expr","locations":[{"start":{"line":155,"column":8},"end":{"line":155,"column":31}},{"start":{"line":155,"column":35},"end":{"line":155,"column":55}}],"line":155},"29":{"loc":{"start":{"line":163,"column":17},"end":{"line":163,"column":64}},"type":"binary-expr","locations":[{"start":{"line":163,"column":17},"end":{"line":163,"column":31}},{"start":{"line":163,"column":35},"end":{"line":163,"column":57}},{"start":{"line":163,"column":61},"end":{"line":163,"column":64}}],"line":163},"30":{"loc":{"start":{"line":168,"column":2},"end":{"line":168,"column":38}},"type":"if","locations":[{"start":{"line":168,"column":2},"end":{"line":168,"column":38}},{"start":{},"end":{}}],"line":168},"31":{"loc":{"start":{"line":169,"column":2},"end":{"line":169,"column":76}},"type":"if","locations":[{"start":{"line":169,"column":2},"end":{"line":169,"column":76}},{"start":{},"end":{}}],"line":169},"32":{"loc":{"start":{"line":169,"column":6},"end":{"line":169,"column":54}},"type":"binary-expr","locations":[{"start":{"line":169,"column":6},"end":{"line":169,"column":18}},{"start":{"line":169,"column":22},"end":{"line":169,"column":54}}],"line":169},"33":{"loc":{"start":{"line":170,"column":2},"end":{"line":170,"column":73}},"type":"if","locations":[{"start":{"line":170,"column":2},"end":{"line":170,"column":73}},{"start":{},"end":{}}],"line":170},"34":{"loc":{"start":{"line":170,"column":6},"end":{"line":170,"column":43}},"type":"binary-expr","locations":[{"start":{"line":170,"column":6},"end":{"line":170,"column":19}},{"start":{"line":170,"column":23},"end":{"line":170,"column":43}}],"line":170},"35":{"loc":{"start":{"line":171,"column":2},"end":{"line":174,"column":3}},"type":"if","locations":[{"start":{"line":171,"column":2},"end":{"line":174,"column":3}},{"start":{},"end":{}}],"line":171},"36":{"loc":{"start":{"line":171,"column":6},"end":{"line":171,"column":43}},"type":"binary-expr","locations":[{"start":{"line":171,"column":6},"end":{"line":171,"column":19}},{"start":{"line":171,"column":23},"end":{"line":171,"column":43}}],"line":171},"37":{"loc":{"start":{"line":173,"column":11},"end":{"line":173,"column":54}},"type":"binary-expr","locations":[{"start":{"line":173,"column":11},"end":{"line":173,"column":34}},{"start":{"line":173,"column":38},"end":{"line":173,"column":54}}],"line":173},"38":{"loc":{"start":{"line":182,"column":2},"end":{"line":185,"column":3}},"type":"if","locations":[{"start":{"line":182,"column":2},"end":{"line":185,"column":3}},{"start":{},"end":{}}],"line":182},"39":{"loc":{"start":{"line":210,"column":4},"end":{"line":222,"column":5}},"type":"if","locations":[{"start":{"line":210,"column":4},"end":{"line":222,"column":5}},{"start":{},"end":{}}],"line":210},"40":{"loc":{"start":{"line":210,"column":8},"end":{"line":210,"column":37}},"type":"binary-expr","locations":[{"start":{"line":210,"column":8},"end":{"line":210,"column":22}},{"start":{"line":210,"column":26},"end":{"line":210,"column":37}}],"line":210},"41":{"loc":{"start":{"line":213,"column":6},"end":{"line":219,"column":7}},"type":"if","locations":[{"start":{"line":213,"column":6},"end":{"line":219,"column":7}},{"start":{},"end":{}}],"line":213},"42":{"loc":{"start":{"line":213,"column":10},"end":{"line":213,"column":61}},"type":"binary-expr","locations":[{"start":{"line":213,"column":10},"end":{"line":213,"column":29}},{"start":{"line":213,"column":33},"end":{"line":213,"column":61}}],"line":213},"43":{"loc":{"start":{"line":215,"column":8},"end":{"line":218,"column":9}},"type":"if","locations":[{"start":{"line":215,"column":8},"end":{"line":218,"column":9}},{"start":{},"end":{}}],"line":215},"44":{"loc":{"start":{"line":240,"column":4},"end":{"line":242,"column":5}},"type":"if","locations":[{"start":{"line":240,"column":4},"end":{"line":242,"column":5}},{"start":{},"end":{}}],"line":240},"45":{"loc":{"start":{"line":240,"column":8},"end":{"line":240,"column":78}},"type":"binary-expr","locations":[{"start":{"line":240,"column":8},"end":{"line":240,"column":15}},{"start":{"line":240,"column":19},"end":{"line":240,"column":78}}],"line":240},"46":{"loc":{"start":{"line":262,"column":38},"end":{"line":262,"column":47}},"type":"default-arg","locations":[{"start":{"line":262,"column":45},"end":{"line":262,"column":47}}],"line":262},"47":{"loc":{"start":{"line":262,"column":49},"end":{"line":262,"column":61}},"type":"default-arg","locations":[{"start":{"line":262,"column":59},"end":{"line":262,"column":61}}],"line":262},"48":{"loc":{"start":{"line":265,"column":20},"end":{"line":265,"column":50}},"type":"cond-expr","locations":[{"start":{"line":265,"column":36},"end":{"line":265,"column":42}},{"start":{"line":265,"column":45},"end":{"line":265,"column":50}}],"line":265},"49":{"loc":{"start":{"line":268,"column":4},"end":{"line":270,"column":5}},"type":"if","locations":[{"start":{"line":268,"column":4},"end":{"line":270,"column":5}},{"start":{},"end":{}}],"line":268},"50":{"loc":{"start":{"line":268,"column":8},"end":{"line":268,"column":54}},"type":"binary-expr","locations":[{"start":{"line":268,"column":8},"end":{"line":268,"column":20}},{"start":{"line":268,"column":24},"end":{"line":268,"column":54}}],"line":268},"51":{"loc":{"start":{"line":294,"column":6},"end":{"line":301,"column":7}},"type":"if","locations":[{"start":{"line":294,"column":6},"end":{"line":301,"column":7}},{"start":{},"end":{}}],"line":294},"52":{"loc":{"start":{"line":294,"column":10},"end":{"line":294,"column":32}},"type":"binary-expr","locations":[{"start":{"line":294,"column":10},"end":{"line":294,"column":22}},{"start":{"line":294,"column":26},"end":{"line":294,"column":32}}],"line":294},"53":{"loc":{"start":{"line":303,"column":6},"end":{"line":307,"column":7}},"type":"if","locations":[{"start":{"line":303,"column":6},"end":{"line":307,"column":7}},{"start":{"line":305,"column":13},"end":{"line":307,"column":7}}],"line":303},"54":{"loc":{"start":{"line":330,"column":4},"end":{"line":339,"column":5}},"type":"if","locations":[{"start":{"line":330,"column":4},"end":{"line":339,"column":5}},{"start":{},"end":{}}],"line":330},"55":{"loc":{"start":{"line":330,"column":8},"end":{"line":330,"column":37}},"type":"binary-expr","locations":[{"start":{"line":330,"column":8},"end":{"line":330,"column":22}},{"start":{"line":330,"column":26},"end":{"line":330,"column":37}}],"line":330},"56":{"loc":{"start":{"line":331,"column":15},"end":{"line":331,"column":38}},"type":"binary-expr","locations":[{"start":{"line":331,"column":15},"end":{"line":331,"column":32}},{"start":{"line":331,"column":36},"end":{"line":331,"column":38}}],"line":331},"57":{"loc":{"start":{"line":333,"column":16},"end":{"line":333,"column":90}},"type":"cond-expr","locations":[{"start":{"line":333,"column":27},"end":{"line":333,"column":79}},{"start":{"line":333,"column":82},"end":{"line":333,"column":90}}],"line":333},"58":{"loc":{"start":{"line":335,"column":18},"end":{"line":335,"column":44}},"type":"binary-expr","locations":[{"start":{"line":335,"column":18},"end":{"line":335,"column":38}},{"start":{"line":335,"column":42},"end":{"line":335,"column":44}}],"line":335},"59":{"loc":{"start":{"line":337,"column":16},"end":{"line":337,"column":90}},"type":"cond-expr","locations":[{"start":{"line":337,"column":27},"end":{"line":337,"column":79}},{"start":{"line":337,"column":82},"end":{"line":337,"column":90}}],"line":337},"60":{"loc":{"start":{"line":341,"column":48},"end":{"line":341,"column":96}},"type":"binary-expr","locations":[{"start":{"line":341,"column":48},"end":{"line":341,"column":56}},{"start":{"line":341,"column":60},"end":{"line":341,"column":96}}],"line":341},"61":{"loc":{"start":{"line":362,"column":2},"end":{"line":364,"column":3}},"type":"if","locations":[{"start":{"line":362,"column":2},"end":{"line":364,"column":3}},{"start":{},"end":{}}],"line":362},"62":{"loc":{"start":{"line":370,"column":4},"end":{"line":374,"column":5}},"type":"if","locations":[{"start":{"line":370,"column":4},"end":{"line":374,"column":5}},{"start":{"line":372,"column":11},"end":{"line":374,"column":5}}],"line":370},"63":{"loc":{"start":{"line":370,"column":8},"end":{"line":370,"column":37}},"type":"binary-expr","locations":[{"start":{"line":370,"column":8},"end":{"line":370,"column":22}},{"start":{"line":370,"column":26},"end":{"line":370,"column":37}}],"line":370},"64":{"loc":{"start":{"line":372,"column":11},"end":{"line":374,"column":5}},"type":"if","locations":[{"start":{"line":372,"column":11},"end":{"line":374,"column":5}},{"start":{},"end":{}}],"line":372},"65":{"loc":{"start":{"line":378,"column":14},"end":{"line":378,"column":30}},"type":"binary-expr","locations":[{"start":{"line":378,"column":14},"end":{"line":378,"column":24}},{"start":{"line":378,"column":28},"end":{"line":378,"column":30}}],"line":378},"66":{"loc":{"start":{"line":380,"column":16},"end":{"line":380,"column":90}},"type":"cond-expr","locations":[{"start":{"line":380,"column":27},"end":{"line":380,"column":79}},{"start":{"line":380,"column":82},"end":{"line":380,"column":90}}],"line":380},"67":{"loc":{"start":{"line":382,"column":17},"end":{"line":382,"column":36}},"type":"binary-expr","locations":[{"start":{"line":382,"column":17},"end":{"line":382,"column":30}},{"start":{"line":382,"column":34},"end":{"line":382,"column":36}}],"line":382},"68":{"loc":{"start":{"line":384,"column":16},"end":{"line":384,"column":90}},"type":"cond-expr","locations":[{"start":{"line":384,"column":27},"end":{"line":384,"column":79}},{"start":{"line":384,"column":82},"end":{"line":384,"column":90}}],"line":384},"69":{"loc":{"start":{"line":403,"column":2},"end":{"line":405,"column":3}},"type":"if","locations":[{"start":{"line":403,"column":2},"end":{"line":405,"column":3}},{"start":{},"end":{}}],"line":403},"70":{"loc":{"start":{"line":410,"column":4},"end":{"line":415,"column":5}},"type":"if","locations":[{"start":{"line":410,"column":4},"end":{"line":415,"column":5}},{"start":{"line":413,"column":11},"end":{"line":415,"column":5}}],"line":410},"71":{"loc":{"start":{"line":425,"column":2},"end":{"line":427,"column":3}},"type":"if","locations":[{"start":{"line":425,"column":2},"end":{"line":427,"column":3}},{"start":{},"end":{}}],"line":425},"72":{"loc":{"start":{"line":431,"column":4},"end":{"line":433,"column":5}},"type":"if","locations":[{"start":{"line":431,"column":4},"end":{"line":433,"column":5}},{"start":{},"end":{}}],"line":431},"73":{"loc":{"start":{"line":437,"column":4},"end":{"line":439,"column":5}},"type":"if","locations":[{"start":{"line":437,"column":4},"end":{"line":439,"column":5}},{"start":{},"end":{}}],"line":437},"74":{"loc":{"start":{"line":438,"column":40},"end":{"line":438,"column":78}},"type":"cond-expr","locations":[{"start":{"line":438,"column":57},"end":{"line":438,"column":66}},{"start":{"line":438,"column":69},"end":{"line":438,"column":78}}],"line":438},"75":{"loc":{"start":{"line":441,"column":4},"end":{"line":446,"column":5}},"type":"if","locations":[{"start":{"line":441,"column":4},"end":{"line":446,"column":5}},{"start":{"line":444,"column":11},"end":{"line":446,"column":5}}],"line":441},"76":{"loc":{"start":{"line":456,"column":2},"end":{"line":458,"column":3}},"type":"if","locations":[{"start":{"line":456,"column":2},"end":{"line":458,"column":3}},{"start":{},"end":{}}],"line":456},"77":{"loc":{"start":{"line":462,"column":4},"end":{"line":466,"column":5}},"type":"if","locations":[{"start":{"line":462,"column":4},"end":{"line":466,"column":5}},{"start":{"line":464,"column":11},"end":{"line":466,"column":5}}],"line":462},"78":{"loc":{"start":{"line":476,"column":2},"end":{"line":478,"column":3}},"type":"if","locations":[{"start":{"line":476,"column":2},"end":{"line":478,"column":3}},{"start":{},"end":{}}],"line":476},"79":{"loc":{"start":{"line":480,"column":2},"end":{"line":482,"column":3}},"type":"if","locations":[{"start":{"line":480,"column":2},"end":{"line":482,"column":3}},{"start":{},"end":{}}],"line":480},"80":{"loc":{"start":{"line":486,"column":4},"end":{"line":491,"column":5}},"type":"if","locations":[{"start":{"line":486,"column":4},"end":{"line":491,"column":5}},{"start":{"line":489,"column":11},"end":{"line":491,"column":5}}],"line":486},"81":{"loc":{"start":{"line":501,"column":2},"end":{"line":503,"column":3}},"type":"if","locations":[{"start":{"line":501,"column":2},"end":{"line":503,"column":3}},{"start":{},"end":{}}],"line":501},"82":{"loc":{"start":{"line":504,"column":2},"end":{"line":509,"column":3}},"type":"if","locations":[{"start":{"line":504,"column":2},"end":{"line":509,"column":3}},{"start":{},"end":{}}],"line":504},"83":{"loc":{"start":{"line":506,"column":4},"end":{"line":508,"column":5}},"type":"if","locations":[{"start":{"line":506,"column":4},"end":{"line":508,"column":5}},{"start":{},"end":{}}],"line":506},"84":{"loc":{"start":{"line":513,"column":4},"end":{"line":513,"column":42}},"type":"if","locations":[{"start":{"line":513,"column":4},"end":{"line":513,"column":42}},{"start":{},"end":{}}],"line":513},"85":{"loc":{"start":{"line":515,"column":4},"end":{"line":519,"column":5}},"type":"if","locations":[{"start":{"line":515,"column":4},"end":{"line":519,"column":5}},{"start":{"line":517,"column":11},"end":{"line":519,"column":5}}],"line":515},"86":{"loc":{"start":{"line":529,"column":2},"end":{"line":531,"column":3}},"type":"if","locations":[{"start":{"line":529,"column":2},"end":{"line":531,"column":3}},{"start":{},"end":{}}],"line":529},"87":{"loc":{"start":{"line":533,"column":2},"end":{"line":535,"column":3}},"type":"if","locations":[{"start":{"line":533,"column":2},"end":{"line":535,"column":3}},{"start":{},"end":{}}],"line":533},"88":{"loc":{"start":{"line":539,"column":4},"end":{"line":544,"column":5}},"type":"if","locations":[{"start":{"line":539,"column":4},"end":{"line":544,"column":5}},{"start":{"line":542,"column":11},"end":{"line":544,"column":5}}],"line":539},"89":{"loc":{"start":{"line":554,"column":2},"end":{"line":556,"column":3}},"type":"if","locations":[{"start":{"line":554,"column":2},"end":{"line":556,"column":3}},{"start":{},"end":{}}],"line":554},"90":{"loc":{"start":{"line":558,"column":2},"end":{"line":560,"column":3}},"type":"if","locations":[{"start":{"line":558,"column":2},"end":{"line":560,"column":3}},{"start":{},"end":{}}],"line":558},"91":{"loc":{"start":{"line":564,"column":4},"end":{"line":564,"column":61}},"type":"if","locations":[{"start":{"line":564,"column":4},"end":{"line":564,"column":61}},{"start":{},"end":{}}],"line":564},"92":{"loc":{"start":{"line":566,"column":4},"end":{"line":571,"column":5}},"type":"if","locations":[{"start":{"line":566,"column":4},"end":{"line":571,"column":5}},{"start":{"line":569,"column":11},"end":{"line":571,"column":5}}],"line":566},"93":{"loc":{"start":{"line":581,"column":2},"end":{"line":583,"column":3}},"type":"if","locations":[{"start":{"line":581,"column":2},"end":{"line":583,"column":3}},{"start":{},"end":{}}],"line":581},"94":{"loc":{"start":{"line":585,"column":2},"end":{"line":587,"column":3}},"type":"if","locations":[{"start":{"line":585,"column":2},"end":{"line":587,"column":3}},{"start":{},"end":{}}],"line":585},"95":{"loc":{"start":{"line":591,"column":4},"end":{"line":596,"column":5}},"type":"if","locations":[{"start":{"line":591,"column":4},"end":{"line":596,"column":5}},{"start":{"line":594,"column":11},"end":{"line":596,"column":5}}],"line":591},"96":{"loc":{"start":{"line":606,"column":2},"end":{"line":608,"column":3}},"type":"if","locations":[{"start":{"line":606,"column":2},"end":{"line":608,"column":3}},{"start":{},"end":{}}],"line":606},"97":{"loc":{"start":{"line":612,"column":4},"end":{"line":617,"column":5}},"type":"if","locations":[{"start":{"line":612,"column":4},"end":{"line":617,"column":5}},{"start":{"line":615,"column":11},"end":{"line":617,"column":5}}],"line":612},"98":{"loc":{"start":{"line":627,"column":2},"end":{"line":629,"column":3}},"type":"if","locations":[{"start":{"line":627,"column":2},"end":{"line":629,"column":3}},{"start":{},"end":{}}],"line":627},"99":{"loc":{"start":{"line":633,"column":4},"end":{"line":637,"column":5}},"type":"if","locations":[{"start":{"line":633,"column":4},"end":{"line":637,"column":5}},{"start":{"line":635,"column":11},"end":{"line":637,"column":5}}],"line":633},"100":{"loc":{"start":{"line":645,"column":2},"end":{"line":645,"column":54}},"type":"if","locations":[{"start":{"line":645,"column":2},"end":{"line":645,"column":54}},{"start":{},"end":{}}],"line":645},"101":{"loc":{"start":{"line":648,"column":4},"end":{"line":652,"column":5}},"type":"if","locations":[{"start":{"line":648,"column":4},"end":{"line":652,"column":5}},{"start":{"line":650,"column":11},"end":{"line":652,"column":5}}],"line":648},"102":{"loc":{"start":{"line":660,"column":2},"end":{"line":660,"column":54}},"type":"if","locations":[{"start":{"line":660,"column":2},"end":{"line":660,"column":54}},{"start":{},"end":{}}],"line":660},"103":{"loc":{"start":{"line":663,"column":4},"end":{"line":667,"column":5}},"type":"if","locations":[{"start":{"line":663,"column":4},"end":{"line":667,"column":5}},{"start":{"line":665,"column":11},"end":{"line":667,"column":5}}],"line":663},"104":{"loc":{"start":{"line":675,"column":2},"end":{"line":675,"column":54}},"type":"if","locations":[{"start":{"line":675,"column":2},"end":{"line":675,"column":54}},{"start":{},"end":{}}],"line":675},"105":{"loc":{"start":{"line":678,"column":4},"end":{"line":682,"column":5}},"type":"if","locations":[{"start":{"line":678,"column":4},"end":{"line":682,"column":5}},{"start":{"line":680,"column":11},"end":{"line":682,"column":5}}],"line":678},"106":{"loc":{"start":{"line":690,"column":2},"end":{"line":690,"column":54}},"type":"if","locations":[{"start":{"line":690,"column":2},"end":{"line":690,"column":54}},{"start":{},"end":{}}],"line":690},"107":{"loc":{"start":{"line":691,"column":2},"end":{"line":693,"column":3}},"type":"if","locations":[{"start":{"line":691,"column":2},"end":{"line":693,"column":3}},{"start":{},"end":{}}],"line":691},"108":{"loc":{"start":{"line":691,"column":6},"end":{"line":691,"column":96}},"type":"binary-expr","locations":[{"start":{"line":691,"column":6},"end":{"line":691,"column":14}},{"start":{"line":691,"column":18},"end":{"line":691,"column":45}},{"start":{"line":691,"column":49},"end":{"line":691,"column":69}},{"start":{"line":691,"column":73},"end":{"line":691,"column":96}}],"line":691},"109":{"loc":{"start":{"line":696,"column":4},"end":{"line":700,"column":5}},"type":"if","locations":[{"start":{"line":696,"column":4},"end":{"line":700,"column":5}},{"start":{"line":698,"column":11},"end":{"line":700,"column":5}}],"line":696},"110":{"loc":{"start":{"line":711,"column":2},"end":{"line":713,"column":3}},"type":"if","locations":[{"start":{"line":711,"column":2},"end":{"line":713,"column":3}},{"start":{},"end":{}}],"line":711},"111":{"loc":{"start":{"line":715,"column":2},"end":{"line":717,"column":3}},"type":"if","locations":[{"start":{"line":715,"column":2},"end":{"line":717,"column":3}},{"start":{},"end":{}}],"line":715},"112":{"loc":{"start":{"line":715,"column":6},"end":{"line":715,"column":88}},"type":"binary-expr","locations":[{"start":{"line":715,"column":6},"end":{"line":715,"column":45}},{"start":{"line":715,"column":49},"end":{"line":715,"column":88}}],"line":715},"113":{"loc":{"start":{"line":719,"column":2},"end":{"line":724,"column":3}},"type":"if","locations":[{"start":{"line":719,"column":2},"end":{"line":724,"column":3}},{"start":{},"end":{}}],"line":719},"114":{"loc":{"start":{"line":720,"column":47},"end":{"line":720,"column":80}},"type":"binary-expr","locations":[{"start":{"line":720,"column":47},"end":{"line":720,"column":57}},{"start":{"line":720,"column":61},"end":{"line":720,"column":80}}],"line":720},"115":{"loc":{"start":{"line":721,"column":4},"end":{"line":723,"column":5}},"type":"if","locations":[{"start":{"line":721,"column":4},"end":{"line":723,"column":5}},{"start":{},"end":{}}],"line":721},"116":{"loc":{"start":{"line":727,"column":17},"end":{"line":731,"column":20}},"type":"cond-expr","locations":[{"start":{"line":728,"column":8},"end":{"line":728,"column":72}},{"start":{"line":729,"column":8},"end":{"line":731,"column":20}}],"line":727},"117":{"loc":{"start":{"line":728,"column":36},"end":{"line":728,"column":69}},"type":"binary-expr","locations":[{"start":{"line":728,"column":36},"end":{"line":728,"column":46}},{"start":{"line":728,"column":50},"end":{"line":728,"column":69}}],"line":728},"118":{"loc":{"start":{"line":729,"column":8},"end":{"line":731,"column":20}},"type":"cond-expr","locations":[{"start":{"line":730,"column":10},"end":{"line":730,"column":29}},{"start":{"line":731,"column":10},"end":{"line":731,"column":20}}],"line":729},"119":{"loc":{"start":{"line":734,"column":4},"end":{"line":741,"column":5}},"type":"if","locations":[{"start":{"line":734,"column":4},"end":{"line":741,"column":5}},{"start":{},"end":{}}],"line":734},"120":{"loc":{"start":{"line":745,"column":4},"end":{"line":752,"column":5}},"type":"if","locations":[{"start":{"line":745,"column":4},"end":{"line":752,"column":5}},{"start":{},"end":{}}],"line":745},"121":{"loc":{"start":{"line":747,"column":14},"end":{"line":747,"column":52}},"type":"cond-expr","locations":[{"start":{"line":747,"column":31},"end":{"line":747,"column":40}},{"start":{"line":747,"column":43},"end":{"line":747,"column":52}}],"line":747},"122":{"loc":{"start":{"line":754,"column":4},"end":{"line":765,"column":5}},"type":"if","locations":[{"start":{"line":754,"column":4},"end":{"line":765,"column":5}},{"start":{"line":763,"column":11},"end":{"line":765,"column":5}}],"line":754},"123":{"loc":{"start":{"line":755,"column":6},"end":{"line":757,"column":7}},"type":"if","locations":[{"start":{"line":755,"column":6},"end":{"line":757,"column":7}},{"start":{},"end":{}}],"line":755},"124":{"loc":{"start":{"line":773,"column":15},"end":{"line":773,"column":65}},"type":"cond-expr","locations":[{"start":{"line":773,"column":47},"end":{"line":773,"column":60}},{"start":{"line":773,"column":63},"end":{"line":773,"column":65}}],"line":773},"125":{"loc":{"start":{"line":775,"column":2},"end":{"line":777,"column":3}},"type":"if","locations":[{"start":{"line":775,"column":2},"end":{"line":777,"column":3}},{"start":{},"end":{}}],"line":775},"126":{"loc":{"start":{"line":779,"column":2},"end":{"line":781,"column":3}},"type":"if","locations":[{"start":{"line":779,"column":2},"end":{"line":781,"column":3}},{"start":{},"end":{}}],"line":779},"127":{"loc":{"start":{"line":784,"column":4},"end":{"line":820,"column":5}},"type":"if","locations":[{"start":{"line":784,"column":4},"end":{"line":820,"column":5}},{"start":{"line":805,"column":11},"end":{"line":820,"column":5}}],"line":784},"128":{"loc":{"start":{"line":808,"column":6},"end":{"line":819,"column":7}},"type":"if","locations":[{"start":{"line":808,"column":6},"end":{"line":819,"column":7}},{"start":{"line":817,"column":13},"end":{"line":819,"column":7}}],"line":808},"129":{"loc":{"start":{"line":809,"column":8},"end":{"line":811,"column":9}},"type":"if","locations":[{"start":{"line":809,"column":8},"end":{"line":811,"column":9}},{"start":{},"end":{}}],"line":809},"130":{"loc":{"start":{"line":830,"column":2},"end":{"line":832,"column":3}},"type":"if","locations":[{"start":{"line":830,"column":2},"end":{"line":832,"column":3}},{"start":{},"end":{}}],"line":830},"131":{"loc":{"start":{"line":835,"column":4},"end":{"line":868,"column":5}},"type":"if","locations":[{"start":{"line":835,"column":4},"end":{"line":868,"column":5}},{"start":{"line":856,"column":11},"end":{"line":868,"column":5}}],"line":835},"132":{"loc":{"start":{"line":859,"column":6},"end":{"line":867,"column":7}},"type":"if","locations":[{"start":{"line":859,"column":6},"end":{"line":867,"column":7}},{"start":{"line":865,"column":13},"end":{"line":867,"column":7}}],"line":859},"133":{"loc":{"start":{"line":880,"column":4},"end":{"line":882,"column":5}},"type":"if","locations":[{"start":{"line":880,"column":4},"end":{"line":882,"column":5}},{"start":{},"end":{}}],"line":880},"134":{"loc":{"start":{"line":900,"column":4},"end":{"line":907,"column":5}},"type":"if","locations":[{"start":{"line":900,"column":4},"end":{"line":907,"column":5}},{"start":{"line":905,"column":11},"end":{"line":907,"column":5}}],"line":900},"135":{"loc":{"start":{"line":916,"column":4},"end":{"line":923,"column":5}},"type":"if","locations":[{"start":{"line":916,"column":4},"end":{"line":923,"column":5}},{"start":{"line":921,"column":11},"end":{"line":923,"column":5}}],"line":916},"136":{"loc":{"start":{"line":938,"column":2},"end":{"line":940,"column":3}},"type":"if","locations":[{"start":{"line":938,"column":2},"end":{"line":940,"column":3}},{"start":{},"end":{}}],"line":938},"137":{"loc":{"start":{"line":945,"column":4},"end":{"line":947,"column":5}},"type":"if","locations":[{"start":{"line":945,"column":4},"end":{"line":947,"column":5}},{"start":{},"end":{}}],"line":945},"138":{"loc":{"start":{"line":945,"column":8},"end":{"line":945,"column":47}},"type":"binary-expr","locations":[{"start":{"line":945,"column":8},"end":{"line":945,"column":27}},{"start":{"line":945,"column":31},"end":{"line":945,"column":47}}],"line":945},"139":{"loc":{"start":{"line":946,"column":14},"end":{"line":946,"column":42}},"type":"binary-expr","locations":[{"start":{"line":946,"column":14},"end":{"line":946,"column":36}},{"start":{"line":946,"column":40},"end":{"line":946,"column":42}}],"line":946},"140":{"loc":{"start":{"line":950,"column":4},"end":{"line":952,"column":5}},"type":"if","locations":[{"start":{"line":950,"column":4},"end":{"line":952,"column":5}},{"start":{},"end":{}}],"line":950},"141":{"loc":{"start":{"line":950,"column":8},"end":{"line":950,"column":27}},"type":"binary-expr","locations":[{"start":{"line":950,"column":8},"end":{"line":950,"column":13}},{"start":{"line":950,"column":17},"end":{"line":950,"column":27}}],"line":950},"142":{"loc":{"start":{"line":986,"column":16},"end":{"line":986,"column":47}},"type":"binary-expr","locations":[{"start":{"line":986,"column":16},"end":{"line":986,"column":41}},{"start":{"line":986,"column":45},"end":{"line":986,"column":47}}],"line":986},"143":{"loc":{"start":{"line":989,"column":4},"end":{"line":991,"column":5}},"type":"if","locations":[{"start":{"line":989,"column":4},"end":{"line":991,"column":5}},{"start":{},"end":{}}],"line":989},"144":{"loc":{"start":{"line":997,"column":6},"end":{"line":1004,"column":7}},"type":"if","locations":[{"start":{"line":997,"column":6},"end":{"line":1004,"column":7}},{"start":{},"end":{}}],"line":997},"145":{"loc":{"start":{"line":1023,"column":21},"end":{"line":1023,"column":32}},"type":"default-arg","locations":[{"start":{"line":1023,"column":28},"end":{"line":1023,"column":32}}],"line":1023},"146":{"loc":{"start":{"line":1033,"column":0},"end":{"line":1035,"column":1}},"type":"if","locations":[{"start":{"line":1033,"column":0},"end":{"line":1035,"column":1}},{"start":{},"end":{}}],"line":1033}},"s":{"0":1,"1":1,"2":1,"3":1,"4":1,"5":1,"6":1,"7":1,"8":1,"9":1,"10":1,"11":1,"12":1,"13":1,"14":1,"15":1,"16":1,"17":1,"18":1,"19":1,"20":1,"21":1,"22":1,"23":0,"24":1,"25":1,"26":1,"27":1,"28":1,"29":1,"30":1,"31":1,"32":1,"33":1,"34":1,"35":1,"36":1,"37":1,"38":1,"39":1,"40":1,"41":0,"42":0,"43":0,"44":0,"45":0,"46":0,"47":0,"48":0,"49":0,"50":1,"51":0,"52":1,"53":1,"54":1,"55":0,"56":0,"57":0,"58":0,"59":1,"60":1,"61":1,"62":0,"63":0,"64":1,"65":1,"66":1,"67":0,"68":0,"69":1,"70":2,"71":0,"72":2,"73":1,"74":19,"75":4,"76":15,"77":4,"78":11,"79":1,"80":10,"81":1,"82":4,"83":0,"84":4,"85":2,"86":2,"87":1,"88":3,"89":0,"90":3,"91":2,"92":1,"93":1,"94":1,"95":0,"96":1,"97":1,"98":0,"99":1,"100":1,"101":12,"102":12,"103":1,"104":1,"105":0,"106":1,"107":0,"108":1,"109":1,"110":0,"111":0,"112":0,"113":0,"114":0,"115":1,"116":1,"117":1,"118":14,"119":14,"120":6,"121":6,"122":8,"123":1,"124":1,"125":1,"126":0,"127":0,"128":0,"129":1,"130":1,"131":1,"132":1,"133":0,"134":0,"135":0,"136":0,"137":0,"138":0,"139":0,"140":0,"141":0,"142":0,"143":0,"144":1,"145":0,"146":0,"147":0,"148":0,"149":0,"150":1,"151":17,"152":17,"153":0,"154":1,"155":1,"156":1,"157":0,"158":0,"159":1,"160":1,"161":1,"162":6,"163":6,"164":6,"165":6,"166":6,"167":1,"168":6,"169":6,"170":6,"171":6,"172":6,"173":5,"174":6,"175":1,"176":6,"177":6,"178":6,"179":1,"180":1,"181":0,"182":0,"183":6,"184":5,"185":1,"186":6,"187":0,"188":0,"189":6,"190":0,"191":0,"192":0,"193":1,"194":0,"195":0,"196":0,"197":0,"198":0,"199":0,"200":0,"201":0,"202":0,"203":0,"204":0,"205":0,"206":0,"207":1,"208":1,"209":1,"210":1,"211":0,"212":1,"213":1,"214":1,"215":1,"216":1,"217":0,"218":0,"219":1,"220":1,"221":1,"222":1,"223":1,"224":0,"225":1,"226":0,"227":0,"228":0,"229":0,"230":0,"231":0,"232":0,"233":0,"234":0,"235":0,"236":1,"237":0,"238":0,"239":0,"240":0,"241":0,"242":0,"243":0,"244":0,"245":0,"246":0,"247":0,"248":0,"249":0,"250":0,"251":0,"252":1,"253":0,"254":0,"255":0,"256":0,"257":0,"258":0,"259":0,"260":0,"261":0,"262":1,"263":0,"264":0,"265":0,"266":0,"267":0,"268":0,"269":0,"270":0,"271":0,"272":0,"273":0,"274":0,"275":0,"276":1,"277":0,"278":0,"279":0,"280":0,"281":0,"282":0,"283":0,"284":0,"285":0,"286":0,"287":0,"288":0,"289":0,"290":0,"291":0,"292":0,"293":1,"294":0,"295":0,"296":0,"297":0,"298":0,"299":0,"300":0,"301":0,"302":0,"303":0,"304":0,"305":0,"306":0,"307":1,"308":1,"309":1,"310":0,"311":1,"312":1,"313":1,"314":0,"315":0,"316":0,"317":0,"318":0,"319":0,"320":0,"321":0,"322":0,"323":0,"324":1,"325":0,"326":0,"327":0,"328":0,"329":0,"330":0,"331":0,"332":0,"333":0,"334":0,"335":0,"336":0,"337":0,"338":1,"339":0,"340":0,"341":0,"342":0,"343":0,"344":0,"345":0,"346":0,"347":0,"348":0,"349":1,"350":0,"351":0,"352":0,"353":0,"354":0,"355":0,"356":0,"357":0,"358":0,"359":1,"360":3,"361":3,"362":2,"363":1,"364":1,"365":1,"366":1,"367":0,"368":0,"369":1,"370":1,"371":1,"372":1,"373":0,"374":0,"375":0,"376":0,"377":0,"378":0,"379":1,"380":1,"381":1,"382":1,"383":0,"384":0,"385":0,"386":0,"387":0,"388":0,"389":1,"390":5,"391":5,"392":1,"393":4,"394":3,"395":1,"396":1,"397":1,"398":1,"399":0,"400":0,"401":1,"402":4,"403":4,"404":4,"405":1,"406":3,"407":1,"408":2,"409":1,"410":1,"411":0,"412":2,"413":2,"414":2,"415":2,"416":2,"417":2,"418":2,"419":2,"420":2,"421":1,"422":1,"423":1,"424":1,"425":0,"426":1,"427":1,"428":1,"429":1,"430":0,"431":1,"432":1,"433":0,"434":1,"435":1,"436":0,"437":0,"438":0,"439":0,"440":0,"441":0,"442":0,"443":1,"444":1,"445":1,"446":0,"447":1,"448":0,"449":0,"450":1,"451":0,"452":0,"453":0,"454":0,"455":0,"456":0,"457":0,"458":0,"459":0,"460":0,"461":0,"462":0,"463":0,"464":0,"465":0,"466":0,"467":0,"468":1,"469":0,"470":0,"471":0,"472":0,"473":0,"474":0,"475":0,"476":0,"477":0,"478":0,"479":0,"480":1,"481":0,"482":0,"483":0,"484":0,"485":0,"486":0,"487":1,"488":0,"489":0,"490":0,"491":0,"492":0,"493":0,"494":1,"495":0,"496":1,"497":0,"498":0,"499":0,"500":0,"501":0,"502":0,"503":0,"504":0,"505":0,"506":0,"507":0,"508":0,"509":0,"510":0,"511":0,"512":0,"513":0,"514":0,"515":0,"516":0,"517":1,"518":0,"519":0,"520":0,"521":0,"522":0,"523":0,"524":0,"525":0,"526":0,"527":0,"528":0,"529":0,"530":0,"531":0,"532":0,"533":0,"534":1,"535":0,"536":1,"537":0,"538":0,"539":0,"540":0,"541":0,"542":0,"543":1,"544":0,"545":1},"f":{"0":1,"1":0,"2":0,"3":1,"4":1,"5":1,"6":2,"7":19,"8":4,"9":3,"10":1,"11":12,"12":1,"13":0,"14":1,"15":14,"16":0,"17":0,"18":0,"19":0,"20":0,"21":17,"22":0,"23":0,"24":6,"25":6,"26":5,"27":1,"28":6,"29":0,"30":0,"31":0,"32":0,"33":0,"34":0,"35":1,"36":1,"37":1,"38":0,"39":0,"40":0,"41":0,"42":0,"43":0,"44":1,"45":0,"46":0,"47":0,"48":3,"49":1,"50":1,"51":5,"52":4,"53":1,"54":0,"55":0,"56":0,"57":0,"58":0,"59":0,"60":0,"61":0,"62":0,"63":0,"64":0,"65":0,"66":0,"67":0,"68":0,"69":0,"70":0,"71":0},"b":{"0":[1,0],"1":[1,0],"2":[1,0,1],"3":[1,0,1],"4":[1,0,1],"5":[1,0,1],"6":[0,0],"7":[0,0],"8":[0,1],"9":[1,0],"10":[0,0],"11":[0],"12":[1,0],"13":[1,0],"14":[0,2],"15":[2,2],"16":[4,15],"17":[19,15],"18":[4,11],"19":[1,10],"20":[0,4],"21":[2,2],"22":[0,3],"23":[3,3],"24":[2,1],"25":[3,2,1],"26":[0,1],"27":[0,1],"28":[1,1],"29":[12,12,0],"30":[0,1],"31":[0,1],"32":[1,0],"33":[1,0],"34":[1,1],"35":[0,0],"36":[0,0],"37":[0,0],"38":[6,8],"39":[0,0],"40":[0,0],"41":[0,0],"42":[0,0],"43":[0,0],"44":[17,0],"45":[17,0],"46":[0],"47":[5],"48":[2,4],"49":[1,5],"50":[6,1],"51":[1,5],"52":[6,1],"53":[5,1],"54":[0,0],"55":[0,0],"56":[0,0],"57":[0,0],"58":[0,0],"59":[0,0],"60":[0,0],"61":[0,1],"62":[1,0],"63":[1,1],"64":[0,0],"65":[1,0],"66":[1,0],"67":[1,0],"68":[1,0],"69":[0,0],"70":[0,0],"71":[0,0],"72":[0,0],"73":[0,0],"74":[0,0],"75":[0,0],"76":[0,0],"77":[0,0],"78":[0,0],"79":[0,0],"80":[0,0],"81":[0,0],"82":[0,0],"83":[0,0],"84":[0,0],"85":[0,0],"86":[0,0],"87":[0,0],"88":[0,0],"89":[0,1],"90":[1,0],"91":[0,0],"92":[0,0],"93":[0,0],"94":[0,0],"95":[0,0],"96":[0,0],"97":[0,0],"98":[0,0],"99":[0,0],"100":[2,1],"101":[1,0],"102":[1,0],"103":[0,0],"104":[1,0],"105":[0,0],"106":[1,4],"107":[3,1],"108":[4,3,3,2],"109":[1,0],"110":[1,3],"111":[1,2],"112":[3,3],"113":[1,1],"114":[1,0],"115":[0,1],"116":[1,1],"117":[1,0],"118":[0,1],"119":[2,0],"120":[2,0],"121":[1,1],"122":[1,1],"123":[1,0],"124":[1,0],"125":[0,1],"126":[0,1],"127":[0,1],"128":[1,0],"129":[0,1],"130":[0,0],"131":[0,0],"132":[0,0],"133":[0,0],"134":[0,0],"135":[0,0],"136":[0,0],"137":[0,0],"138":[0,0],"139":[0,0],"140":[0,0],"141":[0,0],"142":[0,0],"143":[0,0],"144":[0,0],"145":[0],"146":[0,1]},"_coverageSchema":"1a1c01bbd47fc00a2c39e90264f33305004495a9","hash":"ae2afd4dbf4878d1ee7aaa9d5f7467eec2cb453d"}
}
