{"/Users/baruntayenjam/Code/wordpress-matrix/frontend/app.js": {"path":"/Users/baruntayenjam/Code/wordpress-matrix/frontend/app.js","statementMap":{"0":{"start":{"line":1,"column":16},"end":{"line":1,"column":34}},"1":{"start":{"line":2,"column":15},"end":{"line":2,"column":44}},"2":{"start":{"line":3,"column":13},"end":{"line":3,"column":28}},"3":{"start":{"line":4,"column":13},"end":{"line":4,"column":28}},"4":{"start":{"line":5,"column":13},"end":{"line":5,"column":28}},"5":{"start":{"line":6,"column":11},"end":{"line":6,"column":24}},"6":{"start":{"line":7,"column":19},"end":{"line":7,"column":39}},"7":{"start":{"line":8,"column":18},"end":{"line":8,"column":42}},"8":{"start":{"line":10,"column":12},"end":{"line":10,"column":16}},"9":{"start":{"line":11,"column":0},"end":{"line":15,"column":1}},"10":{"start":{"line":12,"column":2},"end":{"line":12,"column":27}},"11":{"start":{"line":14,"column":2},"end":{"line":14,"column":46}},"12":{"start":{"line":17,"column":0},"end":{"line":17,"column":27}},"13":{"start":{"line":19,"column":12},"end":{"line":19,"column":21}},"14":{"start":{"line":20,"column":13},"end":{"line":20,"column":37}},"15":{"start":{"line":23,"column":18},"end":{"line":23,"column":22}},"16":{"start":{"line":24,"column":18},"end":{"line":24,"column":20}},"17":{"start":{"line":26,"column":18},"end":{"line":38,"column":1}},"18":{"start":{"line":27,"column":2},"end":{"line":27,"column":21}},"19":{"start":{"line":27,"column":14},"end":{"line":27,"column":21}},"20":{"start":{"line":28,"column":2},"end":{"line":37,"column":3}},"21":{"start":{"line":29,"column":4},"end":{"line":31,"column":7}},"22":{"start":{"line":32,"column":4},"end":{"line":32,"column":75}},"23":{"start":{"line":32,"column":37},"end":{"line":32,"column":73}},"24":{"start":{"line":33,"column":4},"end":{"line":33,"column":32}},"25":{"start":{"line":34,"column":4},"end":{"line":34,"column":37}},"26":{"start":{"line":36,"column":4},"end":{"line":36,"column":59}},"27":{"start":{"line":39,"column":0},"end":{"line":39,"column":12}},"28":{"start":{"line":42,"column":17},"end":{"line":48,"column":1}},"29":{"start":{"line":43,"column":2},"end":{"line":43,"column":32}},"30":{"start":{"line":43,"column":20},"end":{"line":43,"column":32}},"31":{"start":{"line":44,"column":2},"end":{"line":47,"column":26}},"32":{"start":{"line":45,"column":17},"end":{"line":45,"column":43}},"33":{"start":{"line":46,"column":4},"end":{"line":46,"column":42}},"34":{"start":{"line":47,"column":12},"end":{"line":47,"column":24}},"35":{"start":{"line":50,"column":17},"end":{"line":55,"column":1}},"36":{"start":{"line":51,"column":2},"end":{"line":51,"column":27}},"37":{"start":{"line":51,"column":20},"end":{"line":51,"column":27}},"38":{"start":{"line":52,"column":2},"end":{"line":54,"column":12}},"39":{"start":{"line":53,"column":4},"end":{"line":53,"column":60}},"40":{"start":{"line":58,"column":15},"end":{"line":58,"column":37}},"41":{"start":{"line":59,"column":11},"end":{"line":59,"column":29}},"42":{"start":{"line":61,"column":0},"end":{"line":67,"column":3}},"43":{"start":{"line":62,"column":2},"end":{"line":62,"column":58}},"44":{"start":{"line":64,"column":2},"end":{"line":66,"column":5}},"45":{"start":{"line":65,"column":4},"end":{"line":65,"column":63}},"46":{"start":{"line":69,"column":0},"end":{"line":69,"column":18}},"47":{"start":{"line":72,"column":17},"end":{"line":72,"column":21}},"48":{"start":{"line":73,"column":22},"end":{"line":73,"column":27}},"49":{"start":{"line":75,"column":19},"end":{"line":94,"column":1}},"50":{"start":{"line":76,"column":2},"end":{"line":93,"column":3}},"51":{"start":{"line":77,"column":19},"end":{"line":77,"column":58}},"52":{"start":{"line":78,"column":4},"end":{"line":90,"column":5}},"53":{"start":{"line":79,"column":28},"end":{"line":79,"column":55}},"54":{"start":{"line":81,"column":6},"end":{"line":87,"column":7}},"55":{"start":{"line":82,"column":19},"end":{"line":82,"column":32}},"56":{"start":{"line":83,"column":8},"end":{"line":86,"column":9}},"57":{"start":{"line":84,"column":10},"end":{"line":84,"column":49}},"58":{"start":{"line":85,"column":10},"end":{"line":85,"column":73}},"59":{"start":{"line":89,"column":6},"end":{"line":89,"column":33}},"60":{"start":{"line":92,"column":4},"end":{"line":92,"column":67}},"61":{"start":{"line":97,"column":0},"end":{"line":97,"column":39}},"62":{"start":{"line":98,"column":0},"end":{"line":98,"column":81}},"63":{"start":{"line":101,"column":0},"end":{"line":103,"column":9}},"64":{"start":{"line":102,"column":2},"end":{"line":102,"column":15}},"65":{"start":{"line":106,"column":0},"end":{"line":106,"column":16}},"66":{"start":{"line":107,"column":0},"end":{"line":107,"column":24}},"67":{"start":{"line":108,"column":0},"end":{"line":108,"column":56}},"68":{"start":{"line":111,"column":0},"end":{"line":118,"column":4}},"69":{"start":{"line":115,"column":18},"end":{"line":115,"column":25}},"70":{"start":{"line":116,"column":18},"end":{"line":116,"column":25}},"71":{"start":{"line":119,"column":0},"end":{"line":119,"column":37}},"72":{"start":{"line":120,"column":0},"end":{"line":120,"column":48}},"73":{"start":{"line":123,"column":22},"end":{"line":170,"column":1}},"74":{"start":{"line":124,"column":2},"end":{"line":169,"column":5}},"75":{"start":{"line":125,"column":24},"end":{"line":125,"column":50}},"76":{"start":{"line":126,"column":23},"end":{"line":126,"column":55}},"77":{"start":{"line":128,"column":26},"end":{"line":128,"column":185}},"78":{"start":{"line":129,"column":20},"end":{"line":129,"column":50}},"79":{"start":{"line":131,"column":4},"end":{"line":131,"column":77}},"80":{"start":{"line":133,"column":22},"end":{"line":137,"column":6}},"81":{"start":{"line":139,"column":17},"end":{"line":139,"column":19}},"82":{"start":{"line":140,"column":17},"end":{"line":140,"column":19}},"83":{"start":{"line":142,"column":4},"end":{"line":144,"column":7}},"84":{"start":{"line":143,"column":6},"end":{"line":143,"column":32}},"85":{"start":{"line":146,"column":4},"end":{"line":148,"column":7}},"86":{"start":{"line":147,"column":6},"end":{"line":147,"column":32}},"87":{"start":{"line":150,"column":4},"end":{"line":157,"column":7}},"88":{"start":{"line":151,"column":6},"end":{"line":151,"column":69}},"89":{"start":{"line":152,"column":6},"end":{"line":156,"column":7}},"90":{"start":{"line":153,"column":8},"end":{"line":153,"column":51}},"91":{"start":{"line":155,"column":8},"end":{"line":155,"column":68}},"92":{"start":{"line":159,"column":4},"end":{"line":162,"column":7}},"93":{"start":{"line":160,"column":6},"end":{"line":160,"column":56}},"94":{"start":{"line":161,"column":6},"end":{"line":161,"column":20}},"95":{"start":{"line":164,"column":4},"end":{"line":168,"column":7}},"96":{"start":{"line":165,"column":6},"end":{"line":165,"column":69}},"97":{"start":{"line":166,"column":6},"end":{"line":166,"column":23}},"98":{"start":{"line":167,"column":6},"end":{"line":167,"column":76}},"99":{"start":{"line":173,"column":22},"end":{"line":215,"column":1}},"100":{"start":{"line":174,"column":16},"end":{"line":174,"column":34}},"101":{"start":{"line":175,"column":16},"end":{"line":175,"column":18}},"102":{"start":{"line":176,"column":19},"end":{"line":176,"column":21}},"103":{"start":{"line":177,"column":23},"end":{"line":177,"column":28}},"104":{"start":{"line":178,"column":26},"end":{"line":178,"column":31}},"105":{"start":{"line":180,"column":2},"end":{"line":212,"column":3}},"106":{"start":{"line":181,"column":4},"end":{"line":184,"column":5}},"107":{"start":{"line":182,"column":6},"end":{"line":182,"column":28}},"108":{"start":{"line":183,"column":6},"end":{"line":183,"column":15}},"109":{"start":{"line":186,"column":4},"end":{"line":190,"column":5}},"110":{"start":{"line":187,"column":6},"end":{"line":187,"column":29}},"111":{"start":{"line":188,"column":6},"end":{"line":188,"column":31}},"112":{"start":{"line":189,"column":6},"end":{"line":189,"column":15}},"113":{"start":{"line":192,"column":4},"end":{"line":194,"column":5}},"114":{"start":{"line":193,"column":6},"end":{"line":193,"column":15}},"115":{"start":{"line":196,"column":18},"end":{"line":196,"column":45}},"116":{"start":{"line":197,"column":4},"end":{"line":211,"column":5}},"117":{"start":{"line":198,"column":19},"end":{"line":204,"column":7}},"118":{"start":{"line":206,"column":6},"end":{"line":210,"column":7}},"119":{"start":{"line":207,"column":8},"end":{"line":207,"column":25}},"120":{"start":{"line":208,"column":13},"end":{"line":210,"column":7}},"121":{"start":{"line":209,"column":8},"end":{"line":209,"column":28}},"122":{"start":{"line":214,"column":2},"end":{"line":214,"column":29}},"123":{"start":{"line":218,"column":0},"end":{"line":235,"column":3}},"124":{"start":{"line":219,"column":2},"end":{"line":234,"column":3}},"125":{"start":{"line":220,"column":19},"end":{"line":220,"column":58}},"126":{"start":{"line":221,"column":32},"end":{"line":221,"column":74}},"127":{"start":{"line":223,"column":4},"end":{"line":228,"column":7}},"128":{"start":{"line":230,"column":4},"end":{"line":233,"column":7}},"129":{"start":{"line":237,"column":0},"end":{"line":275,"column":3}},"130":{"start":{"line":238,"column":19},"end":{"line":238,"column":30}},"131":{"start":{"line":241,"column":17},"end":{"line":241,"column":41}},"132":{"start":{"line":242,"column":2},"end":{"line":244,"column":3}},"133":{"start":{"line":243,"column":4},"end":{"line":243,"column":28}},"134":{"start":{"line":246,"column":2},"end":{"line":274,"column":3}},"135":{"start":{"line":247,"column":19},"end":{"line":247,"column":58}},"136":{"start":{"line":250,"column":15},"end":{"line":250,"column":42}},"137":{"start":{"line":251,"column":4},"end":{"line":257,"column":5}},"138":{"start":{"line":252,"column":6},"end":{"line":256,"column":7}},"139":{"start":{"line":253,"column":8},"end":{"line":253,"column":41}},"140":{"start":{"line":255,"column":8},"end":{"line":255,"column":71}},"141":{"start":{"line":259,"column":21},"end":{"line":263,"column":5}},"142":{"start":{"line":266,"column":4},"end":{"line":266,"column":50}},"143":{"start":{"line":268,"column":4},"end":{"line":268,"column":23}},"144":{"start":{"line":270,"column":4},"end":{"line":273,"column":7}},"145":{"start":{"line":280,"column":0},"end":{"line":298,"column":3}},"146":{"start":{"line":281,"column":23},"end":{"line":281,"column":31}},"147":{"start":{"line":283,"column":2},"end":{"line":285,"column":3}},"148":{"start":{"line":284,"column":4},"end":{"line":284,"column":81}},"149":{"start":{"line":287,"column":2},"end":{"line":297,"column":3}},"150":{"start":{"line":288,"column":19},"end":{"line":288,"column":60}},"151":{"start":{"line":290,"column":4},"end":{"line":294,"column":5}},"152":{"start":{"line":291,"column":6},"end":{"line":291,"column":57}},"153":{"start":{"line":293,"column":6},"end":{"line":293,"column":69}},"154":{"start":{"line":296,"column":4},"end":{"line":296,"column":67}},"155":{"start":{"line":301,"column":0},"end":{"line":324,"column":3}},"156":{"start":{"line":302,"column":23},"end":{"line":302,"column":31}},"157":{"start":{"line":304,"column":2},"end":{"line":306,"column":3}},"158":{"start":{"line":305,"column":4},"end":{"line":305,"column":84}},"159":{"start":{"line":308,"column":2},"end":{"line":323,"column":3}},"160":{"start":{"line":309,"column":15},"end":{"line":309,"column":28}},"161":{"start":{"line":310,"column":4},"end":{"line":312,"column":5}},"162":{"start":{"line":311,"column":6},"end":{"line":311,"column":126}},"163":{"start":{"line":314,"column":19},"end":{"line":314,"column":61}},"164":{"start":{"line":316,"column":4},"end":{"line":318,"column":5}},"165":{"start":{"line":317,"column":6},"end":{"line":317,"column":157}},"166":{"start":{"line":320,"column":4},"end":{"line":320,"column":114}},"167":{"start":{"line":322,"column":4},"end":{"line":322,"column":67}},"168":{"start":{"line":327,"column":0},"end":{"line":340,"column":3}},"169":{"start":{"line":328,"column":23},"end":{"line":328,"column":31}},"170":{"start":{"line":330,"column":2},"end":{"line":332,"column":3}},"171":{"start":{"line":331,"column":4},"end":{"line":331,"column":84}},"172":{"start":{"line":334,"column":2},"end":{"line":339,"column":3}},"173":{"start":{"line":335,"column":19},"end":{"line":335,"column":57}},"174":{"start":{"line":336,"column":4},"end":{"line":336,"column":87}},"175":{"start":{"line":338,"column":4},"end":{"line":338,"column":67}},"176":{"start":{"line":343,"column":0},"end":{"line":356,"column":3}},"177":{"start":{"line":344,"column":35},"end":{"line":344,"column":43}},"178":{"start":{"line":346,"column":2},"end":{"line":348,"column":3}},"179":{"start":{"line":347,"column":4},"end":{"line":347,"column":101}},"180":{"start":{"line":350,"column":2},"end":{"line":355,"column":3}},"181":{"start":{"line":351,"column":19},"end":{"line":351,"column":73}},"182":{"start":{"line":352,"column":4},"end":{"line":352,"column":114}},"183":{"start":{"line":354,"column":4},"end":{"line":354,"column":67}},"184":{"start":{"line":359,"column":0},"end":{"line":374,"column":3}},"185":{"start":{"line":360,"column":35},"end":{"line":360,"column":43}},"186":{"start":{"line":362,"column":2},"end":{"line":364,"column":3}},"187":{"start":{"line":363,"column":4},"end":{"line":363,"column":84}},"188":{"start":{"line":366,"column":2},"end":{"line":373,"column":3}},"189":{"start":{"line":367,"column":17},"end":{"line":367,"column":27}},"190":{"start":{"line":368,"column":4},"end":{"line":368,"column":42}},"191":{"start":{"line":368,"column":20},"end":{"line":368,"column":42}},"192":{"start":{"line":369,"column":19},"end":{"line":369,"column":57}},"193":{"start":{"line":370,"column":4},"end":{"line":370,"column":114}},"194":{"start":{"line":372,"column":4},"end":{"line":372,"column":67}},"195":{"start":{"line":377,"column":0},"end":{"line":390,"column":3}},"196":{"start":{"line":378,"column":33},"end":{"line":378,"column":41}},"197":{"start":{"line":380,"column":2},"end":{"line":382,"column":3}},"198":{"start":{"line":381,"column":4},"end":{"line":381,"column":99}},"199":{"start":{"line":384,"column":2},"end":{"line":389,"column":3}},"200":{"start":{"line":385,"column":19},"end":{"line":385,"column":73}},"201":{"start":{"line":386,"column":4},"end":{"line":386,"column":114}},"202":{"start":{"line":388,"column":4},"end":{"line":388,"column":67}},"203":{"start":{"line":393,"column":0},"end":{"line":408,"column":3}},"204":{"start":{"line":394,"column":35},"end":{"line":394,"column":43}},"205":{"start":{"line":396,"column":2},"end":{"line":398,"column":3}},"206":{"start":{"line":397,"column":4},"end":{"line":397,"column":84}},"207":{"start":{"line":400,"column":2},"end":{"line":407,"column":3}},"208":{"start":{"line":401,"column":17},"end":{"line":401,"column":27}},"209":{"start":{"line":402,"column":4},"end":{"line":402,"column":61}},"210":{"start":{"line":402,"column":20},"end":{"line":402,"column":61}},"211":{"start":{"line":403,"column":19},"end":{"line":403,"column":52}},"212":{"start":{"line":404,"column":4},"end":{"line":404,"column":114}},"213":{"start":{"line":406,"column":4},"end":{"line":406,"column":67}},"214":{"start":{"line":411,"column":0},"end":{"line":424,"column":3}},"215":{"start":{"line":412,"column":35},"end":{"line":412,"column":43}},"216":{"start":{"line":414,"column":2},"end":{"line":416,"column":3}},"217":{"start":{"line":415,"column":4},"end":{"line":415,"column":109}},"218":{"start":{"line":418,"column":2},"end":{"line":423,"column":3}},"219":{"start":{"line":419,"column":19},"end":{"line":419,"column":71}},"220":{"start":{"line":420,"column":4},"end":{"line":420,"column":114}},"221":{"start":{"line":422,"column":4},"end":{"line":422,"column":67}},"222":{"start":{"line":427,"column":0},"end":{"line":440,"column":3}},"223":{"start":{"line":428,"column":23},"end":{"line":428,"column":31}},"224":{"start":{"line":430,"column":2},"end":{"line":432,"column":3}},"225":{"start":{"line":431,"column":4},"end":{"line":431,"column":84}},"226":{"start":{"line":434,"column":2},"end":{"line":439,"column":3}},"227":{"start":{"line":435,"column":19},"end":{"line":435,"column":59}},"228":{"start":{"line":436,"column":4},"end":{"line":436,"column":114}},"229":{"start":{"line":438,"column":4},"end":{"line":438,"column":67}},"230":{"start":{"line":443,"column":0},"end":{"line":456,"column":3}},"231":{"start":{"line":444,"column":23},"end":{"line":444,"column":31}},"232":{"start":{"line":446,"column":2},"end":{"line":448,"column":3}},"233":{"start":{"line":447,"column":4},"end":{"line":447,"column":84}},"234":{"start":{"line":450,"column":2},"end":{"line":455,"column":3}},"235":{"start":{"line":451,"column":19},"end":{"line":451,"column":58}},"236":{"start":{"line":452,"column":4},"end":{"line":452,"column":87}},"237":{"start":{"line":454,"column":4},"end":{"line":454,"column":67}},"238":{"start":{"line":459,"column":0},"end":{"line":510,"column":3}},"239":{"start":{"line":460,"column":21},"end":{"line":460,"column":31}},"240":{"start":{"line":461,"column":35},"end":{"line":461,"column":43}},"241":{"start":{"line":463,"column":2},"end":{"line":468,"column":3}},"242":{"start":{"line":464,"column":4},"end":{"line":467,"column":7}},"243":{"start":{"line":470,"column":2},"end":{"line":509,"column":3}},"244":{"start":{"line":471,"column":17},"end":{"line":475,"column":20}},"245":{"start":{"line":477,"column":15},"end":{"line":477,"column":28}},"246":{"start":{"line":478,"column":4},"end":{"line":485,"column":5}},"247":{"start":{"line":479,"column":6},"end":{"line":484,"column":9}},"248":{"start":{"line":487,"column":19},"end":{"line":487,"column":52}},"249":{"start":{"line":489,"column":4},"end":{"line":496,"column":5}},"250":{"start":{"line":490,"column":6},"end":{"line":495,"column":9}},"251":{"start":{"line":498,"column":4},"end":{"line":503,"column":7}},"252":{"start":{"line":505,"column":4},"end":{"line":508,"column":7}},"253":{"start":{"line":512,"column":0},"end":{"line":537,"column":3}},"254":{"start":{"line":513,"column":21},"end":{"line":513,"column":31}},"255":{"start":{"line":515,"column":2},"end":{"line":520,"column":3}},"256":{"start":{"line":516,"column":4},"end":{"line":519,"column":7}},"257":{"start":{"line":522,"column":2},"end":{"line":536,"column":3}},"258":{"start":{"line":523,"column":19},"end":{"line":523,"column":46}},"259":{"start":{"line":525,"column":4},"end":{"line":530,"column":7}},"260":{"start":{"line":532,"column":4},"end":{"line":535,"column":7}},"261":{"start":{"line":540,"column":0},"end":{"line":565,"column":3}},"262":{"start":{"line":541,"column":21},"end":{"line":541,"column":31}},"263":{"start":{"line":543,"column":2},"end":{"line":548,"column":3}},"264":{"start":{"line":544,"column":4},"end":{"line":547,"column":7}},"265":{"start":{"line":550,"column":2},"end":{"line":564,"column":3}},"266":{"start":{"line":551,"column":19},"end":{"line":551,"column":60}},"267":{"start":{"line":553,"column":4},"end":{"line":558,"column":7}},"268":{"start":{"line":560,"column":4},"end":{"line":563,"column":7}},"269":{"start":{"line":568,"column":0},"end":{"line":588,"column":3}},"270":{"start":{"line":569,"column":2},"end":{"line":587,"column":3}},"271":{"start":{"line":570,"column":15},"end":{"line":570,"column":28}},"272":{"start":{"line":571,"column":22},"end":{"line":571,"column":59}},"273":{"start":{"line":573,"column":4},"end":{"line":575,"column":5}},"274":{"start":{"line":574,"column":6},"end":{"line":574,"column":54}},"275":{"start":{"line":577,"column":18},"end":{"line":582,"column":8}},"276":{"start":{"line":578,"column":19},"end":{"line":578,"column":40}},"277":{"start":{"line":580,"column":22},"end":{"line":580,"column":58}},"278":{"start":{"line":581,"column":8},"end":{"line":581,"column":64}},"279":{"start":{"line":584,"column":4},"end":{"line":584,"column":48}},"280":{"start":{"line":586,"column":4},"end":{"line":586,"column":67}},"281":{"start":{"line":590,"column":0},"end":{"line":604,"column":3}},"282":{"start":{"line":591,"column":2},"end":{"line":603,"column":3}},"283":{"start":{"line":592,"column":19},"end":{"line":592,"column":48}},"284":{"start":{"line":594,"column":4},"end":{"line":597,"column":7}},"285":{"start":{"line":599,"column":4},"end":{"line":602,"column":7}},"286":{"start":{"line":606,"column":0},"end":{"line":620,"column":3}},"287":{"start":{"line":607,"column":2},"end":{"line":619,"column":3}},"288":{"start":{"line":608,"column":19},"end":{"line":608,"column":46}},"289":{"start":{"line":610,"column":4},"end":{"line":613,"column":7}},"290":{"start":{"line":615,"column":4},"end":{"line":618,"column":7}},"291":{"start":{"line":623,"column":0},"end":{"line":625,"column":3}},"292":{"start":{"line":624,"column":2},"end":{"line":624,"column":83}},"293":{"start":{"line":628,"column":0},"end":{"line":676,"column":3}},"294":{"start":{"line":629,"column":23},"end":{"line":629,"column":33}},"295":{"start":{"line":631,"column":2},"end":{"line":633,"column":3}},"296":{"start":{"line":632,"column":4},"end":{"line":632,"column":80}},"297":{"start":{"line":635,"column":2},"end":{"line":675,"column":3}},"298":{"start":{"line":636,"column":24},"end":{"line":636,"column":63}},"299":{"start":{"line":637,"column":16},"end":{"line":637,"column":18}},"300":{"start":{"line":638,"column":4},"end":{"line":642,"column":5}},"301":{"start":{"line":639,"column":6},"end":{"line":641,"column":16}},"302":{"start":{"line":640,"column":8},"end":{"line":640,"column":59}},"303":{"start":{"line":644,"column":17},"end":{"line":644,"column":53}},"304":{"start":{"line":644,"column":33},"end":{"line":644,"column":52}},"305":{"start":{"line":645,"column":4},"end":{"line":647,"column":5}},"306":{"start":{"line":646,"column":6},"end":{"line":646,"column":112}},"307":{"start":{"line":649,"column":16},"end":{"line":649,"column":47}},"308":{"start":{"line":650,"column":22},"end":{"line":650,"column":32}},"309":{"start":{"line":652,"column":4},"end":{"line":672,"column":5}},"310":{"start":{"line":653,"column":23},"end":{"line":653,"column":94}},"311":{"start":{"line":654,"column":27},"end":{"line":654,"column":49}},"312":{"start":{"line":656,"column":6},"end":{"line":663,"column":9}},"313":{"start":{"line":665,"column":6},"end":{"line":671,"column":9}},"314":{"start":{"line":674,"column":4},"end":{"line":674,"column":67}},"315":{"start":{"line":679,"column":0},"end":{"line":707,"column":3}},"316":{"start":{"line":680,"column":18},"end":{"line":680,"column":68}},"317":{"start":{"line":681,"column":16},"end":{"line":681,"column":47}},"318":{"start":{"line":683,"column":2},"end":{"line":706,"column":3}},"319":{"start":{"line":684,"column":4},"end":{"line":686,"column":5}},"320":{"start":{"line":685,"column":6},"end":{"line":685,"column":57}},"321":{"start":{"line":688,"column":20},"end":{"line":688,"column":53}},"322":{"start":{"line":689,"column":18},"end":{"line":689,"column":70}},"323":{"start":{"line":689,"column":57},"end":{"line":689,"column":69}},"324":{"start":{"line":690,"column":23},"end":{"line":701,"column":30}},"325":{"start":{"line":691,"column":20},"end":{"line":691,"column":68}},"326":{"start":{"line":692,"column":6},"end":{"line":699,"column":7}},"327":{"start":{"line":693,"column":8},"end":{"line":698,"column":10}},"328":{"start":{"line":700,"column":6},"end":{"line":700,"column":18}},"329":{"start":{"line":701,"column":19},"end":{"line":701,"column":29}},"330":{"start":{"line":703,"column":4},"end":{"line":703,"column":44}},"331":{"start":{"line":705,"column":4},"end":{"line":705,"column":67}},"332":{"start":{"line":710,"column":0},"end":{"line":715,"column":3}},"333":{"start":{"line":711,"column":2},"end":{"line":711,"column":79}},"334":{"start":{"line":712,"column":2},"end":{"line":712,"column":53}},"335":{"start":{"line":713,"column":2},"end":{"line":713,"column":60}},"336":{"start":{"line":714,"column":2},"end":{"line":714,"column":36}}},"fnMap":{"0":{"name":"(anonymous_0)","decl":{"start":{"line":26,"column":18},"end":{"line":26,"column":19}},"loc":{"start":{"line":26,"column":30},"end":{"line":38,"column":1}},"line":26},"1":{"name":"(anonymous_1)","decl":{"start":{"line":32,"column":28},"end":{"line":32,"column":29}},"loc":{"start":{"line":32,"column":37},"end":{"line":32,"column":73}},"line":32},"2":{"name":"(anonymous_2)","decl":{"start":{"line":42,"column":17},"end":{"line":42,"column":18}},"loc":{"start":{"line":42,"column":32},"end":{"line":48,"column":1}},"line":42},"3":{"name":"(anonymous_3)","decl":{"start":{"line":50,"column":17},"end":{"line":50,"column":18}},"loc":{"start":{"line":50,"column":55},"end":{"line":55,"column":1}},"line":50},"4":{"name":"(anonymous_4)","decl":{"start":{"line":61,"column":20},"end":{"line":61,"column":21}},"loc":{"start":{"line":61,"column":32},"end":{"line":67,"column":1}},"line":61},"5":{"name":"(anonymous_5)","decl":{"start":{"line":64,"column":26},"end":{"line":64,"column":27}},"loc":{"start":{"line":64,"column":32},"end":{"line":66,"column":3}},"line":64},"6":{"name":"(anonymous_6)","decl":{"start":{"line":75,"column":19},"end":{"line":75,"column":20}},"loc":{"start":{"line":75,"column":31},"end":{"line":94,"column":1}},"line":75},"7":{"name":"(anonymous_7)","decl":{"start":{"line":101,"column":11},"end":{"line":101,"column":12}},"loc":{"start":{"line":101,"column":17},"end":{"line":103,"column":1}},"line":101},"8":{"name":"(anonymous_8)","decl":{"start":{"line":115,"column":8},"end":{"line":115,"column":9}},"loc":{"start":{"line":115,"column":18},"end":{"line":115,"column":25}},"line":115},"9":{"name":"(anonymous_9)","decl":{"start":{"line":116,"column":8},"end":{"line":116,"column":9}},"loc":{"start":{"line":116,"column":18},"end":{"line":116,"column":25}},"line":116},"10":{"name":"(anonymous_10)","decl":{"start":{"line":123,"column":22},"end":{"line":123,"column":23}},"loc":{"start":{"line":123,"column":52},"end":{"line":170,"column":1}},"line":123},"11":{"name":"(anonymous_11)","decl":{"start":{"line":124,"column":21},"end":{"line":124,"column":22}},"loc":{"start":{"line":124,"column":42},"end":{"line":169,"column":3}},"line":124},"12":{"name":"(anonymous_12)","decl":{"start":{"line":142,"column":32},"end":{"line":142,"column":33}},"loc":{"start":{"line":142,"column":42},"end":{"line":144,"column":5}},"line":142},"13":{"name":"(anonymous_13)","decl":{"start":{"line":146,"column":32},"end":{"line":146,"column":33}},"loc":{"start":{"line":146,"column":42},"end":{"line":148,"column":5}},"line":146},"14":{"name":"(anonymous_14)","decl":{"start":{"line":150,"column":26},"end":{"line":150,"column":27}},"loc":{"start":{"line":150,"column":36},"end":{"line":157,"column":5}},"line":150},"15":{"name":"(anonymous_15)","decl":{"start":{"line":159,"column":26},"end":{"line":159,"column":27}},"loc":{"start":{"line":159,"column":37},"end":{"line":162,"column":5}},"line":159},"16":{"name":"(anonymous_16)","decl":{"start":{"line":164,"column":28},"end":{"line":164,"column":29}},"loc":{"start":{"line":164,"column":34},"end":{"line":168,"column":5}},"line":164},"17":{"name":"(anonymous_17)","decl":{"start":{"line":173,"column":22},"end":{"line":173,"column":23}},"loc":{"start":{"line":173,"column":34},"end":{"line":215,"column":1}},"line":173},"18":{"name":"(anonymous_18)","decl":{"start":{"line":218,"column":13},"end":{"line":218,"column":14}},"loc":{"start":{"line":218,"column":33},"end":{"line":235,"column":1}},"line":218},"19":{"name":"(anonymous_19)","decl":{"start":{"line":237,"column":22},"end":{"line":237,"column":23}},"loc":{"start":{"line":237,"column":42},"end":{"line":275,"column":1}},"line":237},"20":{"name":"(anonymous_20)","decl":{"start":{"line":280,"column":30},"end":{"line":280,"column":31}},"loc":{"start":{"line":280,"column":50},"end":{"line":298,"column":1}},"line":280},"21":{"name":"(anonymous_21)","decl":{"start":{"line":301,"column":31},"end":{"line":301,"column":32}},"loc":{"start":{"line":301,"column":51},"end":{"line":324,"column":1}},"line":301},"22":{"name":"(anonymous_22)","decl":{"start":{"line":327,"column":27},"end":{"line":327,"column":28}},"loc":{"start":{"line":327,"column":47},"end":{"line":340,"column":1}},"line":327},"23":{"name":"(anonymous_23)","decl":{"start":{"line":343,"column":31},"end":{"line":343,"column":32}},"loc":{"start":{"line":343,"column":51},"end":{"line":356,"column":1}},"line":343},"24":{"name":"(anonymous_24)","decl":{"start":{"line":359,"column":33},"end":{"line":359,"column":34}},"loc":{"start":{"line":359,"column":53},"end":{"line":374,"column":1}},"line":359},"25":{"name":"(anonymous_25)","decl":{"start":{"line":377,"column":33},"end":{"line":377,"column":34}},"loc":{"start":{"line":377,"column":53},"end":{"line":390,"column":1}},"line":377},"26":{"name":"(anonymous_26)","decl":{"start":{"line":393,"column":28},"end":{"line":393,"column":29}},"loc":{"start":{"line":393,"column":48},"end":{"line":408,"column":1}},"line":393},"27":{"name":"(anonymous_27)","decl":{"start":{"line":411,"column":29},"end":{"line":411,"column":30}},"loc":{"start":{"line":411,"column":49},"end":{"line":424,"column":1}},"line":411},"28":{"name":"(anonymous_28)","decl":{"start":{"line":427,"column":29},"end":{"line":427,"column":30}},"loc":{"start":{"line":427,"column":49},"end":{"line":440,"column":1}},"line":427},"29":{"name":"(anonymous_29)","decl":{"start":{"line":443,"column":28},"end":{"line":443,"column":29}},"loc":{"start":{"line":443,"column":48},"end":{"line":456,"column":1}},"line":443},"30":{"name":"(anonymous_30)","decl":{"start":{"line":459,"column":31},"end":{"line":459,"column":32}},"loc":{"start":{"line":459,"column":51},"end":{"line":510,"column":1}},"line":459},"31":{"name":"(anonymous_31)","decl":{"start":{"line":512,"column":37},"end":{"line":512,"column":38}},"loc":{"start":{"line":512,"column":57},"end":{"line":537,"column":1}},"line":512},"32":{"name":"(anonymous_32)","decl":{"start":{"line":540,"column":34},"end":{"line":540,"column":35}},"loc":{"start":{"line":540,"column":54},"end":{"line":565,"column":1}},"line":540},"33":{"name":"(anonymous_33)","decl":{"start":{"line":568,"column":24},"end":{"line":568,"column":25}},"loc":{"start":{"line":568,"column":44},"end":{"line":588,"column":1}},"line":568},"34":{"name":"(anonymous_34)","decl":{"start":{"line":578,"column":14},"end":{"line":578,"column":15}},"loc":{"start":{"line":578,"column":19},"end":{"line":578,"column":40}},"line":578},"35":{"name":"(anonymous_35)","decl":{"start":{"line":579,"column":11},"end":{"line":579,"column":12}},"loc":{"start":{"line":579,"column":16},"end":{"line":582,"column":7}},"line":579},"36":{"name":"(anonymous_36)","decl":{"start":{"line":590,"column":23},"end":{"line":590,"column":24}},"loc":{"start":{"line":590,"column":43},"end":{"line":604,"column":1}},"line":590},"37":{"name":"(anonymous_37)","decl":{"start":{"line":606,"column":21},"end":{"line":606,"column":22}},"loc":{"start":{"line":606,"column":41},"end":{"line":620,"column":1}},"line":606},"38":{"name":"(anonymous_38)","decl":{"start":{"line":623,"column":19},"end":{"line":623,"column":20}},"loc":{"start":{"line":623,"column":33},"end":{"line":625,"column":1}},"line":623},"39":{"name":"(anonymous_39)","decl":{"start":{"line":628,"column":33},"end":{"line":628,"column":34}},"loc":{"start":{"line":628,"column":53},"end":{"line":676,"column":1}},"line":628},"40":{"name":"(anonymous_40)","decl":{"start":{"line":644,"column":28},"end":{"line":644,"column":29}},"loc":{"start":{"line":644,"column":33},"end":{"line":644,"column":52}},"line":644},"41":{"name":"(anonymous_41)","decl":{"start":{"line":679,"column":25},"end":{"line":679,"column":26}},"loc":{"start":{"line":679,"column":45},"end":{"line":707,"column":1}},"line":679},"42":{"name":"(anonymous_42)","decl":{"start":{"line":689,"column":52},"end":{"line":689,"column":53}},"loc":{"start":{"line":689,"column":57},"end":{"line":689,"column":69}},"line":689},"43":{"name":"(anonymous_43)","decl":{"start":{"line":690,"column":57},"end":{"line":690,"column":58}},"loc":{"start":{"line":690,"column":65},"end":{"line":701,"column":5}},"line":690},"44":{"name":"(anonymous_44)","decl":{"start":{"line":701,"column":14},"end":{"line":701,"column":15}},"loc":{"start":{"line":701,"column":19},"end":{"line":701,"column":29}},"line":701},"45":{"name":"(anonymous_45)","decl":{"start":{"line":710,"column":20},"end":{"line":710,"column":21}},"loc":{"start":{"line":710,"column":26},"end":{"line":715,"column":1}},"line":710}},"branchMap":{"0":{"loc":{"start":{"line":20,"column":13},"end":{"line":20,"column":37}},"type":"binary-expr","locations":[{"start":{"line":20,"column":13},"end":{"line":20,"column":29}},{"start":{"line":20,"column":33},"end":{"line":20,"column":37}}],"line":20},"1":{"loc":{"start":{"line":27,"column":2},"end":{"line":27,"column":21}},"type":"if","locations":[{"start":{"line":27,"column":2},"end":{"line":27,"column":21}},{"start":{},"end":{}}],"line":27},"2":{"loc":{"start":{"line":30,"column":11},"end":{"line":30,"column":60}},"type":"binary-expr","locations":[{"start":{"line":30,"column":11},"end":{"line":30,"column":32}},{"start":{"line":30,"column":36},"end":{"line":30,"column":60}}],"line":30},"3":{"loc":{"start":{"line":43,"column":2},"end":{"line":43,"column":32}},"type":"if","locations":[{"start":{"line":43,"column":2},"end":{"line":43,"column":32}},{"start":{},"end":{}}],"line":43},"4":{"loc":{"start":{"line":46,"column":11},"end":{"line":46,"column":41}},"type":"cond-expr","locations":[{"start":{"line":46,"column":18},"end":{"line":46,"column":34}},{"start":{"line":46,"column":37},"end":{"line":46,"column":41}}],"line":46},"5":{"loc":{"start":{"line":50,"column":35},"end":{"line":50,"column":50}},"type":"default-arg","locations":[{"start":{"line":50,"column":41},"end":{"line":50,"column":50}}],"line":50},"6":{"loc":{"start":{"line":51,"column":2},"end":{"line":51,"column":27}},"type":"if","locations":[{"start":{"line":51,"column":2},"end":{"line":51,"column":27}},{"start":{},"end":{}}],"line":51},"7":{"loc":{"start":{"line":78,"column":4},"end":{"line":90,"column":5}},"type":"if","locations":[{"start":{"line":78,"column":4},"end":{"line":90,"column":5}},{"start":{},"end":{}}],"line":78},"8":{"loc":{"start":{"line":78,"column":8},"end":{"line":78,"column":37}},"type":"binary-expr","locations":[{"start":{"line":78,"column":8},"end":{"line":78,"column":22}},{"start":{"line":78,"column":26},"end":{"line":78,"column":37}}],"line":78},"9":{"loc":{"start":{"line":81,"column":6},"end":{"line":87,"column":7}},"type":"if","locations":[{"start":{"line":81,"column":6},"end":{"line":87,"column":7}},{"start":{},"end":{}}],"line":81},"10":{"loc":{"start":{"line":81,"column":10},"end":{"line":81,"column":61}},"type":"binary-expr","locations":[{"start":{"line":81,"column":10},"end":{"line":81,"column":29}},{"start":{"line":81,"column":33},"end":{"line":81,"column":61}}],"line":81},"11":{"loc":{"start":{"line":83,"column":8},"end":{"line":86,"column":9}},"type":"if","locations":[{"start":{"line":83,"column":8},"end":{"line":86,"column":9}},{"start":{},"end":{}}],"line":83},"12":{"loc":{"start":{"line":123,"column":38},"end":{"line":123,"column":47}},"type":"default-arg","locations":[{"start":{"line":123,"column":45},"end":{"line":123,"column":47}}],"line":123},"13":{"loc":{"start":{"line":129,"column":20},"end":{"line":129,"column":50}},"type":"cond-expr","locations":[{"start":{"line":129,"column":36},"end":{"line":129,"column":42}},{"start":{"line":129,"column":45},"end":{"line":129,"column":50}}],"line":129},"14":{"loc":{"start":{"line":152,"column":6},"end":{"line":156,"column":7}},"type":"if","locations":[{"start":{"line":152,"column":6},"end":{"line":156,"column":7}},{"start":{"line":154,"column":13},"end":{"line":156,"column":7}}],"line":152},"15":{"loc":{"start":{"line":181,"column":4},"end":{"line":184,"column":5}},"type":"if","locations":[{"start":{"line":181,"column":4},"end":{"line":184,"column":5}},{"start":{},"end":{}}],"line":181},"16":{"loc":{"start":{"line":186,"column":4},"end":{"line":190,"column":5}},"type":"if","locations":[{"start":{"line":186,"column":4},"end":{"line":190,"column":5}},{"start":{},"end":{}}],"line":186},"17":{"loc":{"start":{"line":186,"column":8},"end":{"line":186,"column":59}},"type":"binary-expr","locations":[{"start":{"line":186,"column":8},"end":{"line":186,"column":32}},{"start":{"line":186,"column":36},"end":{"line":186,"column":59}}],"line":186},"18":{"loc":{"start":{"line":192,"column":4},"end":{"line":194,"column":5}},"type":"if","locations":[{"start":{"line":192,"column":4},"end":{"line":194,"column":5}},{"start":{},"end":{}}],"line":192},"19":{"loc":{"start":{"line":192,"column":8},"end":{"line":192,"column":48}},"type":"binary-expr","locations":[{"start":{"line":192,"column":8},"end":{"line":192,"column":26}},{"start":{"line":192,"column":30},"end":{"line":192,"column":48}}],"line":192},"20":{"loc":{"start":{"line":197,"column":4},"end":{"line":211,"column":5}},"type":"if","locations":[{"start":{"line":197,"column":4},"end":{"line":211,"column":5}},{"start":{},"end":{}}],"line":197},"21":{"loc":{"start":{"line":203,"column":14},"end":{"line":203,"column":49}},"type":"cond-expr","locations":[{"start":{"line":203,"column":31},"end":{"line":203,"column":37}},{"start":{"line":203,"column":40},"end":{"line":203,"column":49}}],"line":203},"22":{"loc":{"start":{"line":206,"column":6},"end":{"line":210,"column":7}},"type":"if","locations":[{"start":{"line":206,"column":6},"end":{"line":210,"column":7}},{"start":{"line":208,"column":13},"end":{"line":210,"column":7}}],"line":206},"23":{"loc":{"start":{"line":206,"column":10},"end":{"line":206,"column":55}},"type":"binary-expr","locations":[{"start":{"line":206,"column":10},"end":{"line":206,"column":24}},{"start":{"line":206,"column":28},"end":{"line":206,"column":55}}],"line":206},"24":{"loc":{"start":{"line":208,"column":13},"end":{"line":210,"column":7}},"type":"if","locations":[{"start":{"line":208,"column":13},"end":{"line":210,"column":7}},{"start":{},"end":{}}],"line":208},"25":{"loc":{"start":{"line":208,"column":17},"end":{"line":208,"column":68}},"type":"binary-expr","locations":[{"start":{"line":208,"column":17},"end":{"line":208,"column":34}},{"start":{"line":208,"column":38},"end":{"line":208,"column":68}}],"line":208},"26":{"loc":{"start":{"line":221,"column":32},"end":{"line":221,"column":74}},"type":"binary-expr","locations":[{"start":{"line":221,"column":32},"end":{"line":221,"column":43}},{"start":{"line":221,"column":47},"end":{"line":221,"column":74}}],"line":221},"27":{"loc":{"start":{"line":242,"column":2},"end":{"line":244,"column":3}},"type":"if","locations":[{"start":{"line":242,"column":2},"end":{"line":244,"column":3}},{"start":{},"end":{}}],"line":242},"28":{"loc":{"start":{"line":251,"column":4},"end":{"line":257,"column":5}},"type":"if","locations":[{"start":{"line":251,"column":4},"end":{"line":257,"column":5}},{"start":{},"end":{}}],"line":251},"29":{"loc":{"start":{"line":251,"column":8},"end":{"line":251,"column":39}},"type":"binary-expr","locations":[{"start":{"line":251,"column":8},"end":{"line":251,"column":22}},{"start":{"line":251,"column":26},"end":{"line":251,"column":39}}],"line":251},"30":{"loc":{"start":{"line":261,"column":13},"end":{"line":261,"column":29}},"type":"binary-expr","locations":[{"start":{"line":261,"column":13},"end":{"line":261,"column":23}},{"start":{"line":261,"column":27},"end":{"line":261,"column":29}}],"line":261},"31":{"loc":{"start":{"line":262,"column":16},"end":{"line":262,"column":35}},"type":"binary-expr","locations":[{"start":{"line":262,"column":16},"end":{"line":262,"column":29}},{"start":{"line":262,"column":33},"end":{"line":262,"column":35}}],"line":262},"32":{"loc":{"start":{"line":283,"column":2},"end":{"line":285,"column":3}},"type":"if","locations":[{"start":{"line":283,"column":2},"end":{"line":285,"column":3}},{"start":{},"end":{}}],"line":283},"33":{"loc":{"start":{"line":290,"column":4},"end":{"line":294,"column":5}},"type":"if","locations":[{"start":{"line":290,"column":4},"end":{"line":294,"column":5}},{"start":{"line":292,"column":11},"end":{"line":294,"column":5}}],"line":290},"34":{"loc":{"start":{"line":304,"column":2},"end":{"line":306,"column":3}},"type":"if","locations":[{"start":{"line":304,"column":2},"end":{"line":306,"column":3}},{"start":{},"end":{}}],"line":304},"35":{"loc":{"start":{"line":310,"column":4},"end":{"line":312,"column":5}},"type":"if","locations":[{"start":{"line":310,"column":4},"end":{"line":312,"column":5}},{"start":{},"end":{}}],"line":310},"36":{"loc":{"start":{"line":316,"column":4},"end":{"line":318,"column":5}},"type":"if","locations":[{"start":{"line":316,"column":4},"end":{"line":318,"column":5}},{"start":{},"end":{}}],"line":316},"37":{"loc":{"start":{"line":317,"column":40},"end":{"line":317,"column":78}},"type":"cond-expr","locations":[{"start":{"line":317,"column":57},"end":{"line":317,"column":66}},{"start":{"line":317,"column":69},"end":{"line":317,"column":78}}],"line":317},"38":{"loc":{"start":{"line":330,"column":2},"end":{"line":332,"column":3}},"type":"if","locations":[{"start":{"line":330,"column":2},"end":{"line":332,"column":3}},{"start":{},"end":{}}],"line":330},"39":{"loc":{"start":{"line":346,"column":2},"end":{"line":348,"column":3}},"type":"if","locations":[{"start":{"line":346,"column":2},"end":{"line":348,"column":3}},{"start":{},"end":{}}],"line":346},"40":{"loc":{"start":{"line":346,"column":6},"end":{"line":346,"column":30}},"type":"binary-expr","locations":[{"start":{"line":346,"column":6},"end":{"line":346,"column":15}},{"start":{"line":346,"column":19},"end":{"line":346,"column":30}}],"line":346},"41":{"loc":{"start":{"line":362,"column":2},"end":{"line":364,"column":3}},"type":"if","locations":[{"start":{"line":362,"column":2},"end":{"line":364,"column":3}},{"start":{},"end":{}}],"line":362},"42":{"loc":{"start":{"line":368,"column":4},"end":{"line":368,"column":42}},"type":"if","locations":[{"start":{"line":368,"column":4},"end":{"line":368,"column":42}},{"start":{},"end":{}}],"line":368},"43":{"loc":{"start":{"line":380,"column":2},"end":{"line":382,"column":3}},"type":"if","locations":[{"start":{"line":380,"column":2},"end":{"line":382,"column":3}},{"start":{},"end":{}}],"line":380},"44":{"loc":{"start":{"line":380,"column":6},"end":{"line":380,"column":28}},"type":"binary-expr","locations":[{"start":{"line":380,"column":6},"end":{"line":380,"column":15}},{"start":{"line":380,"column":19},"end":{"line":380,"column":28}}],"line":380},"45":{"loc":{"start":{"line":396,"column":2},"end":{"line":398,"column":3}},"type":"if","locations":[{"start":{"line":396,"column":2},"end":{"line":398,"column":3}},{"start":{},"end":{}}],"line":396},"46":{"loc":{"start":{"line":402,"column":4},"end":{"line":402,"column":61}},"type":"if","locations":[{"start":{"line":402,"column":4},"end":{"line":402,"column":61}},{"start":{},"end":{}}],"line":402},"47":{"loc":{"start":{"line":414,"column":2},"end":{"line":416,"column":3}},"type":"if","locations":[{"start":{"line":414,"column":2},"end":{"line":416,"column":3}},{"start":{},"end":{}}],"line":414},"48":{"loc":{"start":{"line":414,"column":6},"end":{"line":414,"column":30}},"type":"binary-expr","locations":[{"start":{"line":414,"column":6},"end":{"line":414,"column":17}},{"start":{"line":414,"column":21},"end":{"line":414,"column":30}}],"line":414},"49":{"loc":{"start":{"line":430,"column":2},"end":{"line":432,"column":3}},"type":"if","locations":[{"start":{"line":430,"column":2},"end":{"line":432,"column":3}},{"start":{},"end":{}}],"line":430},"50":{"loc":{"start":{"line":446,"column":2},"end":{"line":448,"column":3}},"type":"if","locations":[{"start":{"line":446,"column":2},"end":{"line":448,"column":3}},{"start":{},"end":{}}],"line":446},"51":{"loc":{"start":{"line":463,"column":2},"end":{"line":468,"column":3}},"type":"if","locations":[{"start":{"line":463,"column":2},"end":{"line":468,"column":3}},{"start":{},"end":{}}],"line":463},"52":{"loc":{"start":{"line":463,"column":6},"end":{"line":463,"column":88}},"type":"binary-expr","locations":[{"start":{"line":463,"column":6},"end":{"line":463,"column":15}},{"start":{"line":463,"column":19},"end":{"line":463,"column":88}}],"line":463},"53":{"loc":{"start":{"line":471,"column":17},"end":{"line":475,"column":20}},"type":"cond-expr","locations":[{"start":{"line":472,"column":8},"end":{"line":472,"column":58}},{"start":{"line":473,"column":8},"end":{"line":475,"column":20}}],"line":471},"54":{"loc":{"start":{"line":472,"column":36},"end":{"line":472,"column":55}},"type":"binary-expr","locations":[{"start":{"line":472,"column":36},"end":{"line":472,"column":46}},{"start":{"line":472,"column":50},"end":{"line":472,"column":55}}],"line":472},"55":{"loc":{"start":{"line":473,"column":8},"end":{"line":475,"column":20}},"type":"cond-expr","locations":[{"start":{"line":474,"column":10},"end":{"line":474,"column":29}},{"start":{"line":475,"column":10},"end":{"line":475,"column":20}}],"line":473},"56":{"loc":{"start":{"line":478,"column":4},"end":{"line":485,"column":5}},"type":"if","locations":[{"start":{"line":478,"column":4},"end":{"line":485,"column":5}},{"start":{},"end":{}}],"line":478},"57":{"loc":{"start":{"line":489,"column":4},"end":{"line":496,"column":5}},"type":"if","locations":[{"start":{"line":489,"column":4},"end":{"line":496,"column":5}},{"start":{},"end":{}}],"line":489},"58":{"loc":{"start":{"line":491,"column":14},"end":{"line":491,"column":52}},"type":"cond-expr","locations":[{"start":{"line":491,"column":31},"end":{"line":491,"column":40}},{"start":{"line":491,"column":43},"end":{"line":491,"column":52}}],"line":491},"59":{"loc":{"start":{"line":515,"column":2},"end":{"line":520,"column":3}},"type":"if","locations":[{"start":{"line":515,"column":2},"end":{"line":520,"column":3}},{"start":{},"end":{}}],"line":515},"60":{"loc":{"start":{"line":543,"column":2},"end":{"line":548,"column":3}},"type":"if","locations":[{"start":{"line":543,"column":2},"end":{"line":548,"column":3}},{"start":{},"end":{}}],"line":543},"61":{"loc":{"start":{"line":573,"column":4},"end":{"line":575,"column":5}},"type":"if","locations":[{"start":{"line":573,"column":4},"end":{"line":575,"column":5}},{"start":{},"end":{}}],"line":573},"62":{"loc":{"start":{"line":631,"column":2},"end":{"line":633,"column":3}},"type":"if","locations":[{"start":{"line":631,"column":2},"end":{"line":633,"column":3}},{"start":{},"end":{}}],"line":631},"63":{"loc":{"start":{"line":631,"column":6},"end":{"line":631,"column":53}},"type":"binary-expr","locations":[{"start":{"line":631,"column":6},"end":{"line":631,"column":15}},{"start":{"line":631,"column":19},"end":{"line":631,"column":53}}],"line":631},"64":{"loc":{"start":{"line":638,"column":4},"end":{"line":642,"column":5}},"type":"if","locations":[{"start":{"line":638,"column":4},"end":{"line":642,"column":5}},{"start":{},"end":{}}],"line":638},"65":{"loc":{"start":{"line":640,"column":16},"end":{"line":640,"column":58}},"type":"binary-expr","locations":[{"start":{"line":640,"column":16},"end":{"line":640,"column":52}},{"start":{"line":640,"column":56},"end":{"line":640,"column":58}}],"line":640},"66":{"loc":{"start":{"line":645,"column":4},"end":{"line":647,"column":5}},"type":"if","locations":[{"start":{"line":645,"column":4},"end":{"line":647,"column":5}},{"start":{},"end":{}}],"line":645},"67":{"loc":{"start":{"line":645,"column":8},"end":{"line":645,"column":27}},"type":"binary-expr","locations":[{"start":{"line":645,"column":8},"end":{"line":645,"column":13}},{"start":{"line":645,"column":17},"end":{"line":645,"column":27}}],"line":645},"68":{"loc":{"start":{"line":681,"column":16},"end":{"line":681,"column":47}},"type":"binary-expr","locations":[{"start":{"line":681,"column":16},"end":{"line":681,"column":41}},{"start":{"line":681,"column":45},"end":{"line":681,"column":47}}],"line":681},"69":{"loc":{"start":{"line":684,"column":4},"end":{"line":686,"column":5}},"type":"if","locations":[{"start":{"line":684,"column":4},"end":{"line":686,"column":5}},{"start":{},"end":{}}],"line":684},"70":{"loc":{"start":{"line":692,"column":6},"end":{"line":699,"column":7}},"type":"if","locations":[{"start":{"line":692,"column":6},"end":{"line":699,"column":7}},{"start":{},"end":{}}],"line":692}},"s":{"0":0,"1":0,"2":0,"3":0,"4":0,"5":0,"6":0,"7":0,"8":0,"9":0,"10":0,"11":0,"12":0,"13":0,"14":0,"15":0,"16":0,"17":0,"18":0,"19":0,"20":0,"21":0,"22":0,"23":0,"24":0,"25":0,"26":0,"27":0,"28":0,"29":0,"30":0,"31":0,"32":0,"33":0,"34":0,"35":0,"36":0,"37":0,"38":0,"39":0,"40":0,"41":0,"42":0,"43":0,"44":0,"45":0,"46":0,"47":0,"48":0,"49":0,"50":0,"51":0,"52":0,"53":0,"54":0,"55":0,"56":0,"57":0,"58":0,"59":0,"60":0,"61":0,"62":0,"63":0,"64":0,"65":0,"66":0,"67":0,"68":0,"69":0,"70":0,"71":0,"72":0,"73":0,"74":0,"75":0,"76":0,"77":0,"78":0,"79":0,"80":0,"81":0,"82":0,"83":0,"84":0,"85":0,"86":0,"87":0,"88":0,"89":0,"90":0,"91":0,"92":0,"93":0,"94":0,"95":0,"96":0,"97":0,"98":0,"99":0,"100":0,"101":0,"102":0,"103":0,"104":0,"105":0,"106":0,"107":0,"108":0,"109":0,"110":0,"111":0,"112":0,"113":0,"114":0,"115":0,"116":0,"117":0,"118":0,"119":0,"120":0,"121":0,"122":0,"123":0,"124":0,"125":0,"126":0,"127":0,"128":0,"129":0,"130":0,"131":0,"132":0,"133":0,"134":0,"135":0,"136":0,"137":0,"138":0,"139":0,"140":0,"141":0,"142":0,"143":0,"144":0,"145":0,"146":0,"147":0,"148":0,"149":0,"150":0,"151":0,"152":0,"153":0,"154":0,"155":0,"156":0,"157":0,"158":0,"159":0,"160":0,"161":0,"162":0,"163":0,"164":0,"165":0,"166":0,"167":0,"168":0,"169":0,"170":0,"171":0,"172":0,"173":0,"174":0,"175":0,"176":0,"177":0,"178":0,"179":0,"180":0,"181":0,"182":0,"183":0,"184":0,"185":0,"186":0,"187":0,"188":0,"189":0,"190":0,"191":0,"192":0,"193":0,"194":0,"195":0,"196":0,"197":0,"198":0,"199":0,"200":0,"201":0,"202":0,"203":0,"204":0,"205":0,"206":0,"207":0,"208":0,"209":0,"210":0,"211":0,"212":0,"213":0,"214":0,"215":0,"216":0,"217":0,"218":0,"219":0,"220":0,"221":0,"222":0,"223":0,"224":0,"225":0,"226":0,"227":0,"228":0,"229":0,"230":0,"231":0,"232":0,"233":0,"234":0,"235":0,"236":0,"237":0,"238":0,"239":0,"240":0,"241":0,"242":0,"243":0,"244":0,"245":0,"246":0,"247":0,"248":0,"249":0,"250":0,"251":0,"252":0,"253":0,"254":0,"255":0,"256":0,"257":0,"258":0,"259":0,"260":0,"261":0,"262":0,"263":0,"264":0,"265":0,"266":0,"267":0,"268":0,"269":0,"270":0,"271":0,"272":0,"273":0,"274":0,"275":0,"276":0,"277":0,"278":0,"279":0,"280":0,"281":0,"282":0,"283":0,"284":0,"285":0,"286":0,"287":0,"288":0,"289":0,"290":0,"291":0,"292":0,"293":0,"294":0,"295":0,"296":0,"297":0,"298":0,"299":0,"300":0,"301":0,"302":0,"303":0,"304":0,"305":0,"306":0,"307":0,"308":0,"309":0,"310":0,"311":0,"312":0,"313":0,"314":0,"315":0,"316":0,"317":0,"318":0,"319":0,"320":0,"321":0,"322":0,"323":0,"324":0,"325":0,"326":0,"327":0,"328":0,"329":0,"330":0,"331":0,"332":0,"333":0,"334":0,"335":0,"336":0},"f":{"0":0,"1":0,"2":0,"3":0,"4":0,"5":0,"6":0,"7":0,"8":0,"9":0,"10":0,"11":0,"12":0,"13":0,"14":0,"15":0,"16":0,"17":0,"18":0,"19":0,"20":0,"21":0,"22":0,"23":0,"24":0,"25":0,"26":0,"27":0,"28":0,"29":0,"30":0,"31":0,"32":0,"33":0,"34":0,"35":0,"36":0,"37":0,"38":0,"39":0,"40":0,"41":0,"42":0,"43":0,"44":0,"45":0},"b":{"0":[0,0],"1":[0,0],"2":[0,0],"3":[0,0],"4":[0,0],"5":[0],"6":[0,0],"7":[0,0],"8":[0,0],"9":[0,0],"10":[0,0],"11":[0,0],"12":[0],"13":[0,0],"14":[0,0],"15":[0,0],"16":[0,0],"17":[0,0],"18":[0,0],"19":[0,0],"20":[0,0],"21":[0,0],"22":[0,0],"23":[0,0],"24":[0,0],"25":[0,0],"26":[0,0],"27":[0,0],"28":[0,0],"29":[0,0],"30":[0,0],"31":[0,0],"32":[0,0],"33":[0,0],"34":[0,0],"35":[0,0],"36":[0,0],"37":[0,0],"38":[0,0],"39":[0,0],"40":[0,0],"41":[0,0],"42":[0,0],"43":[0,0],"44":[0,0],"45":[0,0],"46":[0,0],"47":[0,0],"48":[0,0],"49":[0,0],"50":[0,0],"51":[0,0],"52":[0,0],"53":[0,0],"54":[0,0],"55":[0,0],"56":[0,0],"57":[0,0],"58":[0,0],"59":[0,0],"60":[0,0],"61":[0,0],"62":[0,0],"63":[0,0],"64":[0,0],"65":[0,0],"66":[0,0],"67":[0,0],"68":[0,0],"69":[0,0],"70":[0,0]}}
}
