TN:
SF:app.js
FN:26,(anonymous_0)
FN:32,(anonymous_1)
FN:42,(anonymous_2)
FN:50,(anonymous_3)
FN:61,(anonymous_4)
FN:64,(anonymous_5)
FN:75,(anonymous_6)
FN:101,(anonymous_7)
FN:115,(anonymous_8)
FN:116,(anonymous_9)
FN:123,(anonymous_10)
FN:124,(anonymous_11)
FN:142,(anonymous_12)
FN:146,(anonymous_13)
FN:150,(anonymous_14)
FN:159,(anonymous_15)
FN:164,(anonymous_16)
FN:173,(anonymous_17)
FN:218,(anonymous_18)
FN:237,(anonymous_19)
FN:280,(anonymous_20)
FN:301,(anonymous_21)
FN:327,(anonymous_22)
FN:343,(anonymous_23)
FN:359,(anonymous_24)
FN:377,(anonymous_25)
FN:393,(anonymous_26)
FN:411,(anonymous_27)
FN:427,(anonymous_28)
FN:443,(anonymous_29)
FN:459,(anonymous_30)
FN:512,(anonymous_31)
FN:540,(anonymous_32)
FN:568,(anonymous_33)
FN:578,(anonymous_34)
FN:579,(anonymous_35)
FN:590,(anonymous_36)
FN:606,(anonymous_37)
FN:623,(anonymous_38)
FN:628,(anonymous_39)
FN:644,(anonymous_40)
FN:679,(anonymous_41)
FN:689,(anonymous_42)
FN:690,(anonymous_43)
FN:701,(anonymous_44)
FN:710,(anonymous_45)
FNF:46
FNH:0
FNDA:0,(anonymous_0)
FNDA:0,(anonymous_1)
FNDA:0,(anonymous_2)
FNDA:0,(anonymous_3)
FNDA:0,(anonymous_4)
FNDA:0,(anonymous_5)
FNDA:0,(anonymous_6)
FNDA:0,(anonymous_7)
FNDA:0,(anonymous_8)
FNDA:0,(anonymous_9)
FNDA:0,(anonymous_10)
FNDA:0,(anonymous_11)
FNDA:0,(anonymous_12)
FNDA:0,(anonymous_13)
FNDA:0,(anonymous_14)
FNDA:0,(anonymous_15)
FNDA:0,(anonymous_16)
FNDA:0,(anonymous_17)
FNDA:0,(anonymous_18)
FNDA:0,(anonymous_19)
FNDA:0,(anonymous_20)
FNDA:0,(anonymous_21)
FNDA:0,(anonymous_22)
FNDA:0,(anonymous_23)
FNDA:0,(anonymous_24)
FNDA:0,(anonymous_25)
FNDA:0,(anonymous_26)
FNDA:0,(anonymous_27)
FNDA:0,(anonymous_28)
FNDA:0,(anonymous_29)
FNDA:0,(anonymous_30)
FNDA:0,(anonymous_31)
FNDA:0,(anonymous_32)
FNDA:0,(anonymous_33)
FNDA:0,(anonymous_34)
FNDA:0,(anonymous_35)
FNDA:0,(anonymous_36)
FNDA:0,(anonymous_37)
FNDA:0,(anonymous_38)
FNDA:0,(anonymous_39)
FNDA:0,(anonymous_40)
FNDA:0,(anonymous_41)
FNDA:0,(anonymous_42)
FNDA:0,(anonymous_43)
FNDA:0,(anonymous_44)
FNDA:0,(anonymous_45)
DA:1,0
DA:2,0
DA:3,0
DA:4,0
DA:5,0
DA:6,0
DA:7,0
DA:8,0
DA:10,0
DA:11,0
DA:12,0
DA:14,0
DA:17,0
DA:19,0
DA:20,0
DA:23,0
DA:24,0
DA:26,0
DA:27,0
DA:28,0
DA:29,0
DA:32,0
DA:33,0
DA:34,0
DA:36,0
DA:39,0
DA:42,0
DA:43,0
DA:44,0
DA:45,0
DA:46,0
DA:47,0
DA:50,0
DA:51,0
DA:52,0
DA:53,0
DA:58,0
DA:59,0
DA:61,0
DA:62,0
DA:64,0
DA:65,0
DA:69,0
DA:72,0
DA:73,0
DA:75,0
DA:76,0
DA:77,0
DA:78,0
DA:79,0
DA:81,0
DA:82,0
DA:83,0
DA:84,0
DA:85,0
DA:89,0
DA:92,0
DA:97,0
DA:98,0
DA:101,0
DA:102,0
DA:106,0
DA:107,0
DA:108,0
DA:111,0
DA:115,0
DA:116,0
DA:119,0
DA:120,0
DA:123,0
DA:124,0
DA:125,0
DA:126,0
DA:128,0
DA:129,0
DA:131,0
DA:133,0
DA:139,0
DA:140,0
DA:142,0
DA:143,0
DA:146,0
DA:147,0
DA:150,0
DA:151,0
DA:152,0
DA:153,0
DA:155,0
DA:159,0
DA:160,0
DA:161,0
DA:164,0
DA:165,0
DA:166,0
DA:167,0
DA:173,0
DA:174,0
DA:175,0
DA:176,0
DA:177,0
DA:178,0
DA:180,0
DA:181,0
DA:182,0
DA:183,0
DA:186,0
DA:187,0
DA:188,0
DA:189,0
DA:192,0
DA:193,0
DA:196,0
DA:197,0
DA:198,0
DA:206,0
DA:207,0
DA:208,0
DA:209,0
DA:214,0
DA:218,0
DA:219,0
DA:220,0
DA:221,0
DA:223,0
DA:230,0
DA:237,0
DA:238,0
DA:241,0
DA:242,0
DA:243,0
DA:246,0
DA:247,0
DA:250,0
DA:251,0
DA:252,0
DA:253,0
DA:255,0
DA:259,0
DA:266,0
DA:268,0
DA:270,0
DA:280,0
DA:281,0
DA:283,0
DA:284,0
DA:287,0
DA:288,0
DA:290,0
DA:291,0
DA:293,0
DA:296,0
DA:301,0
DA:302,0
DA:304,0
DA:305,0
DA:308,0
DA:309,0
DA:310,0
DA:311,0
DA:314,0
DA:316,0
DA:317,0
DA:320,0
DA:322,0
DA:327,0
DA:328,0
DA:330,0
DA:331,0
DA:334,0
DA:335,0
DA:336,0
DA:338,0
DA:343,0
DA:344,0
DA:346,0
DA:347,0
DA:350,0
DA:351,0
DA:352,0
DA:354,0
DA:359,0
DA:360,0
DA:362,0
DA:363,0
DA:366,0
DA:367,0
DA:368,0
DA:369,0
DA:370,0
DA:372,0
DA:377,0
DA:378,0
DA:380,0
DA:381,0
DA:384,0
DA:385,0
DA:386,0
DA:388,0
DA:393,0
DA:394,0
DA:396,0
DA:397,0
DA:400,0
DA:401,0
DA:402,0
DA:403,0
DA:404,0
DA:406,0
DA:411,0
DA:412,0
DA:414,0
DA:415,0
DA:418,0
DA:419,0
DA:420,0
DA:422,0
DA:427,0
DA:428,0
DA:430,0
DA:431,0
DA:434,0
DA:435,0
DA:436,0
DA:438,0
DA:443,0
DA:444,0
DA:446,0
DA:447,0
DA:450,0
DA:451,0
DA:452,0
DA:454,0
DA:459,0
DA:460,0
DA:461,0
DA:463,0
DA:464,0
DA:470,0
DA:471,0
DA:477,0
DA:478,0
DA:479,0
DA:487,0
DA:489,0
DA:490,0
DA:498,0
DA:505,0
DA:512,0
DA:513,0
DA:515,0
DA:516,0
DA:522,0
DA:523,0
DA:525,0
DA:532,0
DA:540,0
DA:541,0
DA:543,0
DA:544,0
DA:550,0
DA:551,0
DA:553,0
DA:560,0
DA:568,0
DA:569,0
DA:570,0
DA:571,0
DA:573,0
DA:574,0
DA:577,0
DA:578,0
DA:580,0
DA:581,0
DA:584,0
DA:586,0
DA:590,0
DA:591,0
DA:592,0
DA:594,0
DA:599,0
DA:606,0
DA:607,0
DA:608,0
DA:610,0
DA:615,0
DA:623,0
DA:624,0
DA:628,0
DA:629,0
DA:631,0
DA:632,0
DA:635,0
DA:636,0
DA:637,0
DA:638,0
DA:639,0
DA:640,0
DA:644,0
DA:645,0
DA:646,0
DA:649,0
DA:650,0
DA:652,0
DA:653,0
DA:654,0
DA:656,0
DA:665,0
DA:674,0
DA:679,0
DA:680,0
DA:681,0
DA:683,0
DA:684,0
DA:685,0
DA:688,0
DA:689,0
DA:690,0
DA:691,0
DA:692,0
DA:693,0
DA:700,0
DA:701,0
DA:703,0
DA:705,0
DA:710,0
DA:711,0
DA:712,0
DA:713,0
DA:714,0
LF:329
LH:0
BRDA:20,0,0,0
BRDA:20,0,1,0
BRDA:27,1,0,0
BRDA:27,1,1,0
BRDA:30,2,0,0
BRDA:30,2,1,0
BRDA:43,3,0,0
BRDA:43,3,1,0
BRDA:46,4,0,0
BRDA:46,4,1,0
BRDA:50,5,0,0
BRDA:51,6,0,0
BRDA:51,6,1,0
BRDA:78,7,0,0
BRDA:78,7,1,0
BRDA:78,8,0,0
BRDA:78,8,1,0
BRDA:81,9,0,0
BRDA:81,9,1,0
BRDA:81,10,0,0
BRDA:81,10,1,0
BRDA:83,11,0,0
BRDA:83,11,1,0
BRDA:123,12,0,0
BRDA:129,13,0,0
BRDA:129,13,1,0
BRDA:152,14,0,0
BRDA:152,14,1,0
BRDA:181,15,0,0
BRDA:181,15,1,0
BRDA:186,16,0,0
BRDA:186,16,1,0
BRDA:186,17,0,0
BRDA:186,17,1,0
BRDA:192,18,0,0
BRDA:192,18,1,0
BRDA:192,19,0,0
BRDA:192,19,1,0
BRDA:197,20,0,0
BRDA:197,20,1,0
BRDA:203,21,0,0
BRDA:203,21,1,0
BRDA:206,22,0,0
BRDA:206,22,1,0
BRDA:206,23,0,0
BRDA:206,23,1,0
BRDA:208,24,0,0
BRDA:208,24,1,0
BRDA:208,25,0,0
BRDA:208,25,1,0
BRDA:221,26,0,0
BRDA:221,26,1,0
BRDA:242,27,0,0
BRDA:242,27,1,0
BRDA:251,28,0,0
BRDA:251,28,1,0
BRDA:251,29,0,0
BRDA:251,29,1,0
BRDA:261,30,0,0
BRDA:261,30,1,0
BRDA:262,31,0,0
BRDA:262,31,1,0
BRDA:283,32,0,0
BRDA:283,32,1,0
BRDA:290,33,0,0
BRDA:290,33,1,0
BRDA:304,34,0,0
BRDA:304,34,1,0
BRDA:310,35,0,0
BRDA:310,35,1,0
BRDA:316,36,0,0
BRDA:316,36,1,0
BRDA:317,37,0,0
BRDA:317,37,1,0
BRDA:330,38,0,0
BRDA:330,38,1,0
BRDA:346,39,0,0
BRDA:346,39,1,0
BRDA:346,40,0,0
BRDA:346,40,1,0
BRDA:362,41,0,0
BRDA:362,41,1,0
BRDA:368,42,0,0
BRDA:368,42,1,0
BRDA:380,43,0,0
BRDA:380,43,1,0
BRDA:380,44,0,0
BRDA:380,44,1,0
BRDA:396,45,0,0
BRDA:396,45,1,0
BRDA:402,46,0,0
BRDA:402,46,1,0
BRDA:414,47,0,0
BRDA:414,47,1,0
BRDA:414,48,0,0
BRDA:414,48,1,0
BRDA:430,49,0,0
BRDA:430,49,1,0
BRDA:446,50,0,0
BRDA:446,50,1,0
BRDA:463,51,0,0
BRDA:463,51,1,0
BRDA:463,52,0,0
BRDA:463,52,1,0
BRDA:471,53,0,0
BRDA:471,53,1,0
BRDA:472,54,0,0
BRDA:472,54,1,0
BRDA:473,55,0,0
BRDA:473,55,1,0
BRDA:478,56,0,0
BRDA:478,56,1,0
BRDA:489,57,0,0
BRDA:489,57,1,0
BRDA:491,58,0,0
BRDA:491,58,1,0
BRDA:515,59,0,0
BRDA:515,59,1,0
BRDA:543,60,0,0
BRDA:543,60,1,0
BRDA:573,61,0,0
BRDA:573,61,1,0
BRDA:631,62,0,0
BRDA:631,62,1,0
BRDA:631,63,0,0
BRDA:631,63,1,0
BRDA:638,64,0,0
BRDA:638,64,1,0
BRDA:640,65,0,0
BRDA:640,65,1,0
BRDA:645,66,0,0
BRDA:645,66,1,0
BRDA:645,67,0,0
BRDA:645,67,1,0
BRDA:681,68,0,0
BRDA:681,68,1,0
BRDA:684,69,0,0
BRDA:684,69,1,0
BRDA:692,70,0,0
BRDA:692,70,1,0
BRF:140
BRH:0
end_of_record
