TN:
SF:app.js
FN:25,(anonymous_0)
FN:74,(anonymous_1)
FN:80,(anonymous_2)
FN:92,(anonymous_3)
FN:100,(anonymous_4)
FN:107,(anonymous_5)
FN:114,(anonymous_6)
FN:119,(anonymous_7)
FN:132,(anonymous_8)
FN:140,(anonymous_9)
FN:150,(anonymous_10)
FN:162,(anonymous_11)
FN:167,(anonymous_12)
FN:172,(anonymous_13)
FN:178,(anonymous_14)
FN:180,(anonymous_15)
FN:193,(anonymous_16)
FN:196,(anonymous_17)
FN:207,(anonymous_18)
FN:228,(anonymous_19)
FN:231,(anonymous_20)
FN:241,(anonymous_21)
FN:259,(anonymous_22)
FN:274,(anonymous_23)
FN:275,(anonymous_24)
FN:282,(anonymous_25)
FN:283,(anonymous_26)
FN:303,(anonymous_27)
FN:307,(anonymous_28)
FN:311,(anonymous_29)
FN:330,(anonymous_30)
FN:335,(anonymous_31)
FN:344,(anonymous_32)
FN:351,(anonymous_33)
FN:355,(anonymous_34)
FN:361,(anonymous_35)
FN:377,(anonymous_36)
FN:398,(anonymous_37)
FN:402,(anonymous_38)
FN:420,(anonymous_39)
FN:442,(anonymous_40)
FN:473,(anonymous_41)
FN:493,(anonymous_42)
FN:518,(anonymous_43)
FN:546,(anonymous_44)
FN:571,(anonymous_45)
FN:598,(anonymous_46)
FN:623,(anonymous_47)
FN:644,(anonymous_48)
FN:663,(anonymous_49)
FN:678,(anonymous_50)
FN:693,(anonymous_51)
FN:708,(anonymous_52)
FN:727,(anonymous_53)
FN:791,(anonymous_54)
FN:814,(anonymous_55)
FN:847,(anonymous_56)
FN:865,(anonymous_57)
FN:895,(anonymous_58)
FN:905,(anonymous_59)
FN:906,(anonymous_60)
FN:917,(anonymous_61)
FN:933,(anonymous_62)
FN:950,(anonymous_63)
FN:955,(anonymous_64)
FN:969,(anonymous_65)
FN:1006,(anonymous_66)
FN:1016,(anonymous_67)
FN:1017,(anonymous_68)
FN:1028,(anonymous_69)
FN:1037,(anonymous_70)
FN:1045,(anonymous_71)
FN:1048,(anonymous_72)
FNF:73
FNH:30
FNDA:1,(anonymous_0)
FNDA:0,(anonymous_1)
FNDA:0,(anonymous_2)
FNDA:1,(anonymous_3)
FNDA:1,(anonymous_4)
FNDA:1,(anonymous_5)
FNDA:2,(anonymous_6)
FNDA:19,(anonymous_7)
FNDA:4,(anonymous_8)
FNDA:3,(anonymous_9)
FNDA:1,(anonymous_10)
FNDA:12,(anonymous_11)
FNDA:1,(anonymous_12)
FNDA:0,(anonymous_13)
FNDA:1,(anonymous_14)
FNDA:14,(anonymous_15)
FNDA:0,(anonymous_16)
FNDA:0,(anonymous_17)
FNDA:0,(anonymous_18)
FNDA:0,(anonymous_19)
FNDA:0,(anonymous_20)
FNDA:17,(anonymous_21)
FNDA:17,(anonymous_22)
FNDA:0,(anonymous_23)
FNDA:0,(anonymous_24)
FNDA:6,(anonymous_25)
FNDA:6,(anonymous_26)
FNDA:5,(anonymous_27)
FNDA:1,(anonymous_28)
FNDA:6,(anonymous_29)
FNDA:0,(anonymous_30)
FNDA:0,(anonymous_31)
FNDA:0,(anonymous_32)
FNDA:0,(anonymous_33)
FNDA:0,(anonymous_34)
FNDA:0,(anonymous_35)
FNDA:1,(anonymous_36)
FNDA:1,(anonymous_37)
FNDA:1,(anonymous_38)
FNDA:0,(anonymous_39)
FNDA:0,(anonymous_40)
FNDA:0,(anonymous_41)
FNDA:0,(anonymous_42)
FNDA:0,(anonymous_43)
FNDA:0,(anonymous_44)
FNDA:1,(anonymous_45)
FNDA:0,(anonymous_46)
FNDA:0,(anonymous_47)
FNDA:0,(anonymous_48)
FNDA:3,(anonymous_49)
FNDA:1,(anonymous_50)
FNDA:1,(anonymous_51)
FNDA:5,(anonymous_52)
FNDA:4,(anonymous_53)
FNDA:1,(anonymous_54)
FNDA:0,(anonymous_55)
FNDA:0,(anonymous_56)
FNDA:0,(anonymous_57)
FNDA:0,(anonymous_58)
FNDA:0,(anonymous_59)
FNDA:0,(anonymous_60)
FNDA:0,(anonymous_61)
FNDA:0,(anonymous_62)
FNDA:0,(anonymous_63)
FNDA:0,(anonymous_64)
FNDA:0,(anonymous_65)
FNDA:0,(anonymous_66)
FNDA:0,(anonymous_67)
FNDA:0,(anonymous_68)
FNDA:0,(anonymous_69)
FNDA:0,(anonymous_70)
FNDA:0,(anonymous_71)
FNDA:0,(anonymous_72)
DA:1,1
DA:2,1
DA:3,1
DA:4,1
DA:5,1
DA:6,1
DA:7,1
DA:8,1
DA:10,1
DA:11,1
DA:12,1
DA:14,1
DA:17,1
DA:19,1
DA:20,1
DA:21,1
DA:22,1
DA:25,1
DA:26,1
DA:27,1
DA:28,1
DA:29,1
DA:30,1
DA:36,0
DA:39,1
DA:41,1
DA:44,1
DA:46,1
DA:49,1
DA:52,1
DA:55,1
DA:56,1
DA:57,1
DA:58,1
DA:59,1
DA:60,1
DA:61,1
DA:62,1
DA:71,1
DA:72,1
DA:74,1
DA:75,0
DA:76,0
DA:77,0
DA:80,0
DA:81,0
DA:82,0
DA:84,0
DA:87,1
DA:88,0
DA:92,1
DA:93,1
DA:94,0
DA:95,0
DA:96,0
DA:97,0
DA:100,1
DA:101,1
DA:102,0
DA:103,0
DA:107,1
DA:108,1
DA:109,0
DA:110,0
DA:114,1
DA:115,2
DA:116,2
DA:119,1
DA:120,19
DA:121,4
DA:123,15
DA:124,4
DA:126,11
DA:127,1
DA:129,10
DA:132,1
DA:133,4
DA:134,4
DA:135,2
DA:137,2
DA:140,1
DA:141,3
DA:142,0
DA:144,3
DA:145,2
DA:147,1
DA:150,1
DA:151,1
DA:152,0
DA:154,1
DA:155,1
DA:156,0
DA:159,1
DA:162,1
DA:163,12
DA:164,12
DA:167,1
DA:168,1
DA:169,1
DA:170,1
DA:171,0
DA:172,0
DA:173,0
DA:175,0
DA:178,1
DA:180,1
DA:181,14
DA:182,14
DA:183,6
DA:184,6
DA:186,8
DA:190,1
DA:191,1
DA:193,1
DA:194,0
DA:196,0
DA:197,0
DA:201,1
DA:204,1
DA:205,1
DA:207,1
DA:208,0
DA:209,0
DA:210,0
DA:211,0
DA:213,0
DA:214,0
DA:215,0
DA:216,0
DA:217,0
DA:221,0
DA:224,0
DA:228,1
DA:229,0
DA:230,0
DA:231,0
DA:232,0
DA:234,0
DA:241,1
DA:242,17
DA:244,0
DA:245,0
DA:247,0
DA:250,0
DA:252,0
DA:254,0
DA:255,0
DA:258,1
DA:260,17
DA:261,17
DA:263,0
DA:266,1
DA:267,1
DA:270,1
DA:274,0
DA:275,0
DA:278,1
DA:279,1
DA:282,1
DA:283,6
DA:284,6
DA:285,6
DA:286,6
DA:288,6
DA:289,1
DA:292,6
DA:294,6
DA:300,6
DA:301,6
DA:303,6
DA:304,5
DA:307,6
DA:308,1
DA:311,6
DA:312,6
DA:314,6
DA:315,1
DA:316,1
DA:318,0
DA:319,0
DA:323,6
DA:324,5
DA:326,1
DA:330,6
DA:331,0
DA:332,0
DA:335,6
DA:336,0
DA:337,0
DA:338,0
DA:344,1
DA:345,0
DA:346,0
DA:347,0
DA:348,0
DA:350,0
DA:351,0
DA:355,0
DA:361,0
DA:362,0
DA:370,0
DA:377,1
DA:378,1
DA:381,1
DA:382,1
DA:383,0
DA:386,1
DA:387,1
DA:389,1
DA:390,1
DA:391,1
DA:392,0
DA:393,0
DA:396,1
DA:398,1
DA:402,1
DA:409,1
DA:411,1
DA:413,0
DA:420,1
DA:421,0
DA:423,0
DA:424,0
DA:427,0
DA:428,0
DA:430,0
DA:431,0
DA:432,0
DA:434,0
DA:437,0
DA:442,1
DA:443,0
DA:445,0
DA:446,0
DA:449,0
DA:450,0
DA:451,0
DA:452,0
DA:455,0
DA:457,0
DA:458,0
DA:461,0
DA:462,0
DA:463,0
DA:465,0
DA:468,0
DA:473,1
DA:474,0
DA:476,0
DA:477,0
DA:480,0
DA:481,0
DA:482,0
DA:483,0
DA:485,0
DA:488,0
DA:493,1
DA:494,0
DA:496,0
DA:497,0
DA:499,0
DA:500,0
DA:501,0
DA:504,0
DA:505,0
DA:506,0
DA:507,0
DA:508,0
DA:510,0
DA:513,0
DA:518,1
DA:519,0
DA:521,0
DA:522,0
DA:524,0
DA:525,0
DA:526,0
DA:527,0
DA:531,0
DA:532,0
DA:533,0
DA:534,0
DA:535,0
DA:536,0
DA:538,0
DA:541,0
DA:546,1
DA:547,0
DA:549,0
DA:550,0
DA:552,0
DA:553,0
DA:554,0
DA:557,0
DA:558,0
DA:559,0
DA:560,0
DA:561,0
DA:563,0
DA:566,0
DA:571,1
DA:572,1
DA:574,1
DA:575,0
DA:577,1
DA:578,1
DA:579,1
DA:582,0
DA:583,0
DA:584,0
DA:585,0
DA:586,0
DA:587,0
DA:588,0
DA:590,0
DA:593,0
DA:598,1
DA:599,0
DA:601,0
DA:602,0
DA:604,0
DA:605,0
DA:606,0
DA:609,0
DA:610,0
DA:611,0
DA:612,0
DA:613,0
DA:615,0
DA:618,0
DA:623,1
DA:624,0
DA:626,0
DA:627,0
DA:630,0
DA:631,0
DA:632,0
DA:633,0
DA:634,0
DA:636,0
DA:639,0
DA:644,1
DA:645,0
DA:647,0
DA:648,0
DA:651,0
DA:652,0
DA:653,0
DA:654,0
DA:656,0
DA:659,0
DA:663,1
DA:664,3
DA:665,3
DA:666,1
DA:667,1
DA:668,1
DA:669,1
DA:671,0
DA:674,0
DA:678,1
DA:679,1
DA:680,1
DA:681,0
DA:682,0
DA:683,0
DA:684,0
DA:686,0
DA:689,0
DA:693,1
DA:694,1
DA:695,1
DA:696,0
DA:697,0
DA:698,0
DA:699,0
DA:701,0
DA:704,0
DA:708,1
DA:709,5
DA:710,5
DA:711,4
DA:712,3
DA:714,1
DA:715,1
DA:716,1
DA:717,1
DA:719,0
DA:722,0
DA:727,1
DA:728,4
DA:729,4
DA:731,4
DA:732,1
DA:735,3
DA:736,1
DA:739,2
DA:740,1
DA:741,1
DA:742,0
DA:746,2
DA:747,2
DA:753,2
DA:754,2
DA:755,2
DA:763,2
DA:765,2
DA:766,2
DA:774,2
DA:775,1
DA:776,1
DA:778,1
DA:784,1
DA:787,0
DA:791,1
DA:792,1
DA:793,1
DA:795,1
DA:796,0
DA:798,1
DA:799,1
DA:800,0
DA:803,1
DA:804,1
DA:807,0
DA:814,0
DA:815,0
DA:816,0
DA:817,0
DA:818,0
DA:823,0
DA:827,1
DA:828,1
DA:829,1
DA:830,0
DA:832,1
DA:838,0
DA:842,0
DA:847,1
DA:848,0
DA:850,0
DA:851,0
DA:854,0
DA:855,0
DA:858,0
DA:865,0
DA:866,0
DA:867,0
DA:868,0
DA:869,0
DA:874,0
DA:878,0
DA:879,0
DA:880,0
DA:886,0
DA:890,0
DA:895,1
DA:896,0
DA:897,0
DA:898,0
DA:900,0
DA:901,0
DA:904,0
DA:905,0
DA:907,0
DA:908,0
DA:911,0
DA:913,0
DA:917,1
DA:918,0
DA:919,0
DA:920,0
DA:921,0
DA:926,0
DA:929,0
DA:933,1
DA:934,0
DA:935,0
DA:936,0
DA:937,0
DA:942,0
DA:945,0
DA:950,1
DA:951,0
DA:955,1
DA:956,0
DA:958,0
DA:959,0
DA:962,0
DA:963,0
DA:964,0
DA:965,0
DA:966,0
DA:969,0
DA:970,0
DA:971,0
DA:974,0
DA:975,0
DA:976,0
DA:977,0
DA:979,0
DA:980,0
DA:981,0
DA:983,0
DA:992,0
DA:1001,0
DA:1006,1
DA:1007,0
DA:1008,0
DA:1010,0
DA:1011,0
DA:1012,0
DA:1015,0
DA:1016,0
DA:1017,0
DA:1018,0
DA:1019,0
DA:1020,0
DA:1027,0
DA:1028,0
DA:1030,0
DA:1032,0
DA:1037,1
DA:1038,0
DA:1045,1
DA:1046,0
DA:1047,0
DA:1048,0
DA:1049,0
DA:1050,0
DA:1051,0
DA:1052,0
DA:1053,0
DA:1057,1
DA:1058,0
DA:1061,1
LF:536
LH:228
BRDA:20,0,0,1
BRDA:20,0,1,0
BRDA:29,1,0,1
BRDA:29,1,1,0
BRDA:47,2,0,1
BRDA:47,2,1,0
BRDA:47,2,2,1
BRDA:50,3,0,1
BRDA:50,3,1,0
BRDA:50,3,2,1
BRDA:53,4,0,1
BRDA:53,4,1,0
BRDA:53,4,2,1
BRDA:55,5,0,1
BRDA:55,5,1,0
BRDA:55,5,2,1
BRDA:75,6,0,0
BRDA:75,6,1,0
BRDA:78,7,0,0
BRDA:78,7,1,0
BRDA:87,8,0,0
BRDA:87,8,1,1
BRDA:93,9,0,1
BRDA:93,9,1,0
BRDA:96,10,0,0
BRDA:96,10,1,0
BRDA:100,11,0,0
BRDA:101,12,0,1
BRDA:101,12,1,0
BRDA:108,13,0,1
BRDA:108,13,1,0
BRDA:115,14,0,0
BRDA:115,14,1,2
BRDA:115,15,0,2
BRDA:115,15,1,2
BRDA:120,16,0,4
BRDA:120,16,1,15
BRDA:120,17,0,19
BRDA:120,17,1,15
BRDA:123,18,0,4
BRDA:123,18,1,11
BRDA:126,19,0,1
BRDA:126,19,1,10
BRDA:133,20,0,0
BRDA:133,20,1,4
BRDA:134,21,0,2
BRDA:134,21,1,2
BRDA:141,22,0,0
BRDA:141,22,1,3
BRDA:141,23,0,3
BRDA:141,23,1,3
BRDA:144,24,0,2
BRDA:144,24,1,1
BRDA:144,25,0,3
BRDA:144,25,1,2
BRDA:144,25,2,1
BRDA:151,26,0,0
BRDA:151,26,1,1
BRDA:155,27,0,0
BRDA:155,27,1,1
BRDA:155,28,0,1
BRDA:155,28,1,1
BRDA:163,29,0,12
BRDA:163,29,1,12
BRDA:163,29,2,0
BRDA:168,30,0,0
BRDA:168,30,1,1
BRDA:169,31,0,0
BRDA:169,31,1,1
BRDA:169,32,0,1
BRDA:169,32,1,0
BRDA:170,33,0,1
BRDA:170,33,1,0
BRDA:170,34,0,1
BRDA:170,34,1,1
BRDA:171,35,0,0
BRDA:171,35,1,0
BRDA:171,36,0,0
BRDA:171,36,1,0
BRDA:173,37,0,0
BRDA:173,37,1,0
BRDA:182,38,0,6
BRDA:182,38,1,8
BRDA:210,39,0,0
BRDA:210,39,1,0
BRDA:210,40,0,0
BRDA:210,40,1,0
BRDA:213,41,0,0
BRDA:213,41,1,0
BRDA:213,42,0,0
BRDA:213,42,1,0
BRDA:215,43,0,0
BRDA:215,43,1,0
BRDA:242,44,0,17
BRDA:242,44,1,0
BRDA:245,45,0,0
BRDA:245,45,1,0
BRDA:245,46,0,0
BRDA:245,46,1,0
BRDA:245,46,2,0
BRDA:247,47,0,0
BRDA:247,47,1,0
BRDA:248,48,0,0
BRDA:248,48,1,0
BRDA:252,49,0,0
BRDA:252,49,1,0
BRDA:254,50,0,0
BRDA:254,50,1,0
BRDA:254,51,0,0
BRDA:254,51,1,0
BRDA:260,52,0,17
BRDA:260,52,1,0
BRDA:282,53,0,0
BRDA:282,54,0,5
BRDA:285,55,0,2
BRDA:285,55,1,4
BRDA:288,56,0,1
BRDA:288,56,1,5
BRDA:288,57,0,6
BRDA:288,57,1,1
BRDA:314,58,0,1
BRDA:314,58,1,5
BRDA:314,59,0,6
BRDA:314,59,1,1
BRDA:323,60,0,5
BRDA:323,60,1,1
BRDA:350,61,0,0
BRDA:350,61,1,0
BRDA:350,62,0,0
BRDA:350,62,1,0
BRDA:351,63,0,0
BRDA:351,63,1,0
BRDA:353,64,0,0
BRDA:353,64,1,0
BRDA:355,65,0,0
BRDA:355,65,1,0
BRDA:357,66,0,0
BRDA:357,66,1,0
BRDA:361,67,0,0
BRDA:361,67,1,0
BRDA:382,68,0,0
BRDA:382,68,1,1
BRDA:390,69,0,1
BRDA:390,69,1,0
BRDA:390,70,0,1
BRDA:390,70,1,1
BRDA:392,71,0,0
BRDA:392,71,1,0
BRDA:398,72,0,1
BRDA:398,72,1,0
BRDA:400,73,0,1
BRDA:400,73,1,0
BRDA:402,74,0,1
BRDA:402,74,1,0
BRDA:404,75,0,1
BRDA:404,75,1,0
BRDA:423,76,0,0
BRDA:423,76,1,0
BRDA:430,77,0,0
BRDA:430,77,1,0
BRDA:445,78,0,0
BRDA:445,78,1,0
BRDA:451,79,0,0
BRDA:451,79,1,0
BRDA:457,80,0,0
BRDA:457,80,1,0
BRDA:458,81,0,0
BRDA:458,81,1,0
BRDA:461,82,0,0
BRDA:461,82,1,0
BRDA:476,83,0,0
BRDA:476,83,1,0
BRDA:482,84,0,0
BRDA:482,84,1,0
BRDA:496,85,0,0
BRDA:496,85,1,0
BRDA:500,86,0,0
BRDA:500,86,1,0
BRDA:506,87,0,0
BRDA:506,87,1,0
BRDA:521,88,0,0
BRDA:521,88,1,0
BRDA:524,89,0,0
BRDA:524,89,1,0
BRDA:526,90,0,0
BRDA:526,90,1,0
BRDA:533,91,0,0
BRDA:533,91,1,0
BRDA:535,92,0,0
BRDA:535,92,1,0
BRDA:549,93,0,0
BRDA:549,93,1,0
BRDA:553,94,0,0
BRDA:553,94,1,0
BRDA:559,95,0,0
BRDA:559,95,1,0
BRDA:574,96,0,0
BRDA:574,96,1,1
BRDA:578,97,0,1
BRDA:578,97,1,0
BRDA:584,98,0,0
BRDA:584,98,1,0
BRDA:586,99,0,0
BRDA:586,99,1,0
BRDA:601,100,0,0
BRDA:601,100,1,0
BRDA:605,101,0,0
BRDA:605,101,1,0
BRDA:611,102,0,0
BRDA:611,102,1,0
BRDA:626,103,0,0
BRDA:626,103,1,0
BRDA:632,104,0,0
BRDA:632,104,1,0
BRDA:647,105,0,0
BRDA:647,105,1,0
BRDA:653,106,0,0
BRDA:653,106,1,0
BRDA:665,107,0,2
BRDA:665,107,1,1
BRDA:668,108,0,1
BRDA:668,108,1,0
BRDA:680,109,0,1
BRDA:680,109,1,0
BRDA:683,110,0,0
BRDA:683,110,1,0
BRDA:695,111,0,1
BRDA:695,111,1,0
BRDA:698,112,0,0
BRDA:698,112,1,0
BRDA:710,113,0,1
BRDA:710,113,1,4
BRDA:711,114,0,3
BRDA:711,114,1,1
BRDA:711,115,0,4
BRDA:711,115,1,3
BRDA:711,115,2,3
BRDA:711,115,3,2
BRDA:716,116,0,1
BRDA:716,116,1,0
BRDA:731,117,0,1
BRDA:731,117,1,3
BRDA:735,118,0,1
BRDA:735,118,1,2
BRDA:735,119,0,3
BRDA:735,119,1,3
BRDA:739,120,0,1
BRDA:739,120,1,1
BRDA:740,121,0,1
BRDA:740,121,1,0
BRDA:741,122,0,0
BRDA:741,122,1,1
BRDA:747,123,0,1
BRDA:747,123,1,1
BRDA:748,124,0,1
BRDA:748,124,1,0
BRDA:749,125,0,0
BRDA:749,125,1,1
BRDA:754,126,0,2
BRDA:754,126,1,0
BRDA:765,127,0,2
BRDA:765,127,1,0
BRDA:767,128,0,1
BRDA:767,128,1,1
BRDA:774,129,0,1
BRDA:774,129,1,1
BRDA:775,130,0,1
BRDA:775,130,1,0
BRDA:793,131,0,1
BRDA:793,131,1,0
BRDA:795,132,0,0
BRDA:795,132,1,1
BRDA:799,133,0,0
BRDA:799,133,1,1
BRDA:804,134,0,0
BRDA:804,134,1,1
BRDA:828,135,0,1
BRDA:828,135,1,0
BRDA:829,136,0,0
BRDA:829,136,1,1
BRDA:850,137,0,0
BRDA:850,137,1,0
BRDA:855,138,0,0
BRDA:855,138,1,0
BRDA:879,139,0,0
BRDA:879,139,1,0
BRDA:900,140,0,0
BRDA:900,140,1,0
BRDA:920,141,0,0
BRDA:920,141,1,0
BRDA:936,142,0,0
BRDA:936,142,1,0
BRDA:958,143,0,0
BRDA:958,143,1,0
BRDA:965,144,0,0
BRDA:965,144,1,0
BRDA:965,145,0,0
BRDA:965,145,1,0
BRDA:966,146,0,0
BRDA:966,146,1,0
BRDA:970,147,0,0
BRDA:970,147,1,0
BRDA:970,148,0,0
BRDA:970,148,1,0
BRDA:974,149,0,0
BRDA:974,149,1,0
BRDA:1008,150,0,0
BRDA:1008,150,1,0
BRDA:1011,151,0,0
BRDA:1011,151,1,0
BRDA:1019,152,0,0
BRDA:1019,152,1,0
BRDA:1045,153,0,0
BRDA:1047,154,0,0
BRDA:1047,154,1,0
BRDA:1051,155,0,0
BRDA:1051,155,1,0
BRDA:1057,156,0,0
BRDA:1057,156,1,1
BRF:319
BRH:117
end_of_record
